2025-06-29 21:23:43,142 [INFO] Activator:176 - 


2025-06-29 21:23:43,147 [INFO] Activator:177 - !SESSION log4j initialized
2025-06-29 21:23:50,645 [INFO] LogOutputStream:77 - [STDOUT_REDIRECT] 
2025-06-29 21:24:01,602 [INFO] ApplicationProperties:184 - Using Application install path: C:\ST\STM32CubeIDE_1.16.1\STM32CubeIDE\plugins\com.st.stm32cube.common.mx_6.13.0.202411220809
2025-06-29 21:24:01,620 [INFO] DbMcusXml:78 - Set database path to: C:\ST\STM32CubeIDE_1.16.1\STM32CubeIDE\plugins\com.st.stm32cube.common.mx_6.13.0.202411220809\\db\/mcu/
2025-06-29 21:24:01,620 [INFO] ApiDb:274 - Set plugin database path to: C:\ST\STM32CubeIDE_1.16.1\STM32CubeIDE\plugins\com.st.stm32cube.common.mx_6.13.0.202411220809\\db\/plugins/boardmanager/
2025-06-29 21:24:01,621 [WARN] ApiDb:259 - Overriding images path with different value:  => C:\ST\STM32CubeIDE_1.16.1\STM32CubeIDE\plugins\com.st.stm32cube.common.mx_6.13.0.202411220809\\db\/plugins/mcufinder/images/
2025-06-29 21:24:01,629 [INFO] ApiDb:250 - Set database path to: C:\Users\SNYDE\.stmcufinder\plugins\mcufinder//mcu/
2025-06-29 21:24:01,630 [INFO] DbMcusAds:125 - Set database path to: C:\Users\SNYDE\.stmcufinder\plugins\mcufinder//mcu/
2025-06-29 21:24:01,635 [INFO] CrossReferenceDbSqlite:203 - Set database path to: C:\Users\SNYDE\.stmcufinder\plugins\mcufinder//mcu/cs/
2025-06-29 21:24:01,773 [INFO] RulesReader:64 - Compatibility file has been processed (297 Rules)
2025-06-29 21:24:01,867 [INFO] DbMcusXml:78 - Set database path to: C:\ST\STM32CubeIDE_1.16.1\STM32CubeIDE\plugins\com.st.stm32cube.common.mx_6.13.0.202411220809\\db\/mcu/
2025-06-29 21:24:01,867 [INFO] ApiDb:274 - Set plugin database path to: C:\ST\STM32CubeIDE_1.16.1\STM32CubeIDE\plugins\com.st.stm32cube.common.mx_6.13.0.202411220809\\db\/plugins/boardmanager/
2025-06-29 21:24:01,867 [INFO] ApiDb:261 - Set plugin images path to: C:\ST\STM32CubeIDE_1.16.1\STM32CubeIDE\plugins\com.st.stm32cube.common.mx_6.13.0.202411220809\\db\/plugins/mcufinder/images/
2025-06-29 21:24:01,867 [WARN] DbFile:41 - Overriding database path with different value: C:\Users\SNYDE\.stmcufinder\plugins\mcufinder/ => C:\Users\SNYDE\.stmcufinder\plugins\mcufinder
2025-06-29 21:24:01,867 [INFO] ApiDb:250 - Set database path to: C:\Users\SNYDE\.stmcufinder\plugins\mcufinder//mcu/
2025-06-29 21:24:01,867 [WARN] DbFile:41 - Overriding database path with different value: C:\Users\SNYDE\.stmcufinder\plugins\mcufinder/ => C:\Users\SNYDE\.stmcufinder\plugins\mcufinder
2025-06-29 21:24:01,867 [INFO] DbMcusAds:125 - Set database path to: C:\Users\SNYDE\.stmcufinder\plugins\mcufinder//mcu/
2025-06-29 21:24:01,868 [WARN] DbFile:41 - Overriding database path with different value: C:\Users\SNYDE\.stmcufinder\plugins\mcufinder/ => C:\Users\SNYDE\.stmcufinder\plugins\mcufinder
2025-06-29 21:24:01,868 [WARN] DbFile:41 - Overriding database path with different value: C:\Users\SNYDE\.stmcufinder\plugins\mcufinder/ => C:\Users\SNYDE\.stmcufinder\plugins\mcufinder
2025-06-29 21:24:01,868 [INFO] CrossReferenceDbSqlite:203 - Set database path to: C:\Users\SNYDE\.stmcufinder\plugins\mcufinder//mcu/cs/
2025-06-29 21:24:01,949 [INFO] MainPanel:272 - HeapMemory: 268435456
2025-06-29 21:24:02,062 [INFO] DbMcusXml:78 - Set database path to: C:\ST\STM32CubeIDE_1.16.1\STM32CubeIDE\plugins\com.st.stm32cube.common.mx_6.13.0.202411220809\\db\/mcu/
2025-06-29 21:24:02,062 [INFO] ApiDb:274 - Set plugin database path to: C:\ST\STM32CubeIDE_1.16.1\STM32CubeIDE\plugins\com.st.stm32cube.common.mx_6.13.0.202411220809\\db\/plugins/boardmanager/
2025-06-29 21:24:02,062 [INFO] ApiDb:261 - Set plugin images path to: C:\ST\STM32CubeIDE_1.16.1\STM32CubeIDE\plugins\com.st.stm32cube.common.mx_6.13.0.202411220809\\db\/plugins/mcufinder/images/
2025-06-29 21:24:02,062 [WARN] DbFile:41 - Overriding database path with different value: C:\Users\SNYDE\.stmcufinder\plugins\mcufinder/ => C:\Users\SNYDE\.stmcufinder\plugins\mcufinder
2025-06-29 21:24:02,062 [INFO] ApiDb:250 - Set database path to: C:\Users\SNYDE\.stmcufinder\plugins\mcufinder//mcu/
2025-06-29 21:24:02,062 [WARN] DbFile:41 - Overriding database path with different value: C:\Users\SNYDE\.stmcufinder\plugins\mcufinder/ => C:\Users\SNYDE\.stmcufinder\plugins\mcufinder
2025-06-29 21:24:02,062 [INFO] DbMcusAds:125 - Set database path to: C:\Users\SNYDE\.stmcufinder\plugins\mcufinder//mcu/
2025-06-29 21:24:02,063 [WARN] DbFile:41 - Overriding database path with different value: C:\Users\SNYDE\.stmcufinder\plugins\mcufinder/ => C:\Users\SNYDE\.stmcufinder\plugins\mcufinder
2025-06-29 21:24:02,063 [WARN] DbFile:41 - Overriding database path with different value: C:\Users\SNYDE\.stmcufinder\plugins\mcufinder/ => C:\Users\SNYDE\.stmcufinder\plugins\mcufinder
2025-06-29 21:24:02,063 [INFO] CrossReferenceDbSqlite:203 - Set database path to: C:\Users\SNYDE\.stmcufinder\plugins\mcufinder//mcu/cs/
2025-06-29 21:24:02,082 [INFO] ApplicationProperties:184 - Using Application install path: C:\ST\STM32CubeIDE_1.16.1\STM32CubeIDE\plugins\com.st.stm32cube.common.mx_6.13.0.202411220809
2025-06-29 21:24:02,083 [INFO] PluginManage:196 - Search for loadable plugins [exclusion list=, ]
2025-06-29 21:24:02,084 [INFO] PluginManage:310 - Check plugin analytics
2025-06-29 21:24:11,806 [INFO] AnalyticsPlugin:253 - Accepted Software Licenses: 
2025-06-29 21:24:11,807 [INFO] AnalyticsPlugin:255 - Accepted CMSIS Pack Licenses: 
2025-06-29 21:24:11,808 [INFO] AnalyticsPlugin:257 - Accepted Firmware Licenses: 
2025-06-29 21:24:11,808 [INFO] PluginManage:359 - Loaded plugin analytics (category:tool,tabindex:-1)
2025-06-29 21:24:11,809 [INFO] PluginManage:310 - Check plugin cadmodel
2025-06-29 21:24:11,877 [INFO] CADModel:105 - Init CAD model plugin
2025-06-29 21:24:11,877 [INFO] PluginManage:359 - Loaded plugin cadmodel (category:power,tabindex:5)
2025-06-29 21:24:11,877 [INFO] PluginManage:310 - Check plugin clock
2025-06-29 21:24:11,918 [INFO] PluginManage:359 - Loaded plugin clock (category:base,tabindex:2)
2025-06-29 21:24:11,918 [INFO] PluginManage:310 - Check plugin ddr
2025-06-29 21:24:11,927 [INFO] PluginManage:359 - Loaded plugin ddr (category:tool,tabindex:6)
2025-06-29 21:24:11,928 [INFO] PluginManage:310 - Check plugin filemanager
2025-06-29 21:24:12,119 [INFO] PluginManage:359 - Loaded plugin filemanager (category:base,tabindex:10)
2025-06-29 21:24:12,119 [INFO] PluginManage:310 - Check plugin ipmanager
2025-06-29 21:24:12,128 [INFO] PluginManage:359 - Loaded plugin ipmanager (category:base,tabindex:5)
2025-06-29 21:24:12,129 [INFO] PluginManage:310 - Check plugin lpbam
2025-06-29 21:24:12,152 [INFO] PluginManage:359 - Loaded plugin lpbam (category:base,tabindex:0)
2025-06-29 21:24:12,154 [INFO] PluginManage:310 - Check plugin memorymap
2025-06-29 21:24:12,187 [INFO] PluginManage:359 - Loaded plugin memorymap (category:base,tabindex:4)
2025-06-29 21:24:12,188 [INFO] PluginManage:310 - Check plugin pinoutandconfiguration
2025-06-29 21:24:12,211 [INFO] PluginManage:359 - Loaded plugin pinoutandconfiguration (category:base,tabindex:1)
2025-06-29 21:24:12,211 [INFO] PluginManage:310 - Check plugin pinoutconfig
2025-06-29 21:24:12,328 [WARN] SupportedApi:132 - Cannot load RTOS API schema: s4s-elt-must-match.1: The content of 'definitions' must match (annotation?, (simpleType | complexType)?, (unique | key | keyref)*)). A problem was found starting at: attribute.
2025-06-29 21:24:12,488 [INFO] PluginManage:359 - Loaded plugin pinoutconfig (category:base,tabindex:0)
2025-06-29 21:24:12,490 [INFO] PluginManage:310 - Check plugin power
2025-06-29 21:24:12,517 [INFO] PluginManage:359 - Loaded plugin power (category:power,tabindex:4)
2025-06-29 21:24:12,517 [INFO] PluginManage:310 - Check plugin projectmanager
2025-06-29 21:24:12,536 [INFO] PluginManage:359 - Loaded plugin projectmanager (category:projectmanager,tabindex:4)
2025-06-29 21:24:12,536 [INFO] PluginManage:310 - Check plugin rif
2025-06-29 21:24:12,560 [INFO] PluginManage:359 - Loaded plugin rif (category:base,tabindex:3)
2025-06-29 21:24:12,561 [INFO] PluginManage:310 - Check plugin thirdparty
2025-06-29 21:24:12,914 [WARN] IntegrityCheckThread:84 - waiting for thirdparty lock release [integrity check]
2025-06-29 21:24:12,914 [INFO] PluginManage:359 - Loaded plugin thirdparty (category:base,tabindex:-1)
2025-06-29 21:24:12,914 [INFO] IntegrityCheckThread:86 - entering critical section [integrity check]
2025-06-29 21:24:12,915 [INFO] PluginManage:310 - Check plugin tools
2025-06-29 21:24:12,915 [INFO] ThirdPartyUpdaterWithRetryManager:70 - Updater plugin not ready yet. [1/15]
2025-06-29 21:24:12,967 [INFO] PluginManage:359 - Loaded plugin tools (category:base,tabindex:7)
2025-06-29 21:24:12,967 [INFO] PluginManage:310 - Check plugin tutovideos
2025-06-29 21:24:13,185 [INFO] PluginManage:359 - Loaded plugin tutovideos (category:base,tabindex:-1)
2025-06-29 21:24:13,186 [INFO] PluginManage:310 - Check plugin updater
2025-06-29 21:24:13,212 [INFO] PluginManage:359 - Loaded plugin updater (category:base,tabindex:12)
2025-06-29 21:24:13,213 [INFO] PluginManage:310 - Check plugin userauth
2025-06-29 21:24:13,218 [INFO] UserAuth:118 - Init User Auth plugin
2025-06-29 21:24:13,219 [INFO] PluginManage:359 - Loaded plugin userauth (category:base,tabindex:14)
2025-06-29 21:24:13,220 [INFO] PluginManage:283 - PluginManage : Loaded plugins [18]
2025-06-29 21:24:13,484 [INFO] PinOutPanel:1589 - setPackage(No Configuration,No Configuration)
2025-06-29 21:24:13,589 [INFO] CADModel:165 - CPN selected for project level
2025-06-29 21:24:13,590 [INFO] CADModel:114 - Register for checkConnection events
2025-06-29 21:24:13,618 [INFO] IPUIPlugin:80 - create IPUIPlugin
2025-06-29 21:24:13,618 [INFO] PluginManager:220 - loadIPPluginJar : add adc
2025-06-29 21:24:13,679 [INFO] IPUIPlugin:80 - create IPUIPlugin
2025-06-29 21:24:13,679 [INFO] PluginManager:220 - loadIPPluginJar : add aes
2025-06-29 21:24:13,756 [INFO] IPUIPlugin:80 - create IPUIPlugin
2025-06-29 21:24:13,756 [INFO] PluginManager:220 - loadIPPluginJar : add can
2025-06-29 21:24:13,791 [INFO] IPUIPlugin:80 - create IPUIPlugin
2025-06-29 21:24:13,791 [INFO] PluginManager:220 - loadIPPluginJar : add comp
2025-06-29 21:24:13,842 [INFO] IPUIPlugin:80 - create IPUIPlugin
2025-06-29 21:24:13,842 [INFO] PluginManager:220 - loadIPPluginJar : add cryp
2025-06-29 21:24:13,858 [INFO] IPUIPlugin:80 - create IPUIPlugin
2025-06-29 21:24:13,858 [INFO] PluginManager:220 - loadIPPluginJar : add ddr_ctrl_phy
2025-06-29 21:24:13,904 [INFO] IPUIPlugin:80 - create IPUIPlugin
2025-06-29 21:24:13,904 [INFO] PluginManager:220 - loadIPPluginJar : add dfsdm
2025-06-29 21:24:13,922 [INFO] IPUIPlugin:80 - create IPUIPlugin
2025-06-29 21:24:13,922 [INFO] PluginManager:220 - loadIPPluginJar : add dma
2025-06-29 21:24:13,979 [INFO] IPUIPlugin:80 - create IPUIPlugin
2025-06-29 21:24:13,979 [INFO] PluginManager:220 - loadIPPluginJar : add dma3
2025-06-29 21:24:14,044 [INFO] IPUIPlugin:80 - create IPUIPlugin
2025-06-29 21:24:14,044 [INFO] PluginManager:220 - loadIPPluginJar : add extmemmanager
2025-06-29 21:24:14,077 [INFO] IPUIPlugin:80 - create IPUIPlugin
2025-06-29 21:24:14,077 [INFO] PluginManager:220 - loadIPPluginJar : add fatfs
2025-06-29 21:24:14,168 [INFO] IPUIPlugin:80 - create IPUIPlugin
2025-06-29 21:24:14,169 [INFO] PluginManager:220 - loadIPPluginJar : add fmc
2025-06-29 21:24:14,186 [INFO] IPUIPlugin:80 - create IPUIPlugin
2025-06-29 21:24:14,186 [INFO] PluginManager:220 - loadIPPluginJar : add freertos
2025-06-29 21:24:14,216 [INFO] IPUIPlugin:80 - create IPUIPlugin
2025-06-29 21:24:14,216 [INFO] PluginManager:220 - loadIPPluginJar : add genericplugin
2025-06-29 21:24:14,378 [INFO] IPUIPlugin:80 - create IPUIPlugin
2025-06-29 21:24:14,378 [INFO] PluginManager:220 - loadIPPluginJar : add gfxmmu
2025-06-29 21:24:14,574 [INFO] IPUIPlugin:80 - create IPUIPlugin
2025-06-29 21:24:14,574 [INFO] PluginManager:220 - loadIPPluginJar : add gic
2025-06-29 21:24:14,590 [INFO] IPUIPlugin:80 - create IPUIPlugin
2025-06-29 21:24:14,590 [INFO] PluginManager:220 - loadIPPluginJar : add gpio
2025-06-29 21:24:14,712 [INFO] IPUIPlugin:80 - create IPUIPlugin
2025-06-29 21:24:14,712 [INFO] PluginManager:220 - loadIPPluginJar : add gtzc
2025-06-29 21:24:14,761 [INFO] IPUIPlugin:80 - create IPUIPlugin
2025-06-29 21:24:14,761 [INFO] PluginManager:220 - loadIPPluginJar : add hash
2025-06-29 21:24:14,834 [INFO] IPUIPlugin:80 - create IPUIPlugin
2025-06-29 21:24:14,834 [INFO] PluginManager:220 - loadIPPluginJar : add i2c
2025-06-29 21:24:14,894 [INFO] IPUIPlugin:80 - create IPUIPlugin
2025-06-29 21:24:14,894 [INFO] PluginManager:220 - loadIPPluginJar : add i2s
2025-06-29 21:24:14,958 [INFO] IPUIPlugin:80 - create IPUIPlugin
2025-06-29 21:24:14,958 [INFO] PluginManager:220 - loadIPPluginJar : add i3c
2025-06-29 21:24:15,088 [INFO] IPUIPlugin:80 - create IPUIPlugin
2025-06-29 21:24:15,088 [INFO] PluginManager:220 - loadIPPluginJar : add ipddr
2025-06-29 21:24:15,214 [INFO] IPUIPlugin:80 - create IPUIPlugin
2025-06-29 21:24:15,214 [INFO] PluginManager:220 - loadIPPluginJar : add linkedlist
2025-06-29 21:24:15,267 [INFO] IPUIPlugin:80 - create IPUIPlugin
2025-06-29 21:24:15,267 [INFO] PluginManager:220 - loadIPPluginJar : add lorawan
2025-06-29 21:24:15,321 [INFO] IPUIPlugin:80 - create IPUIPlugin
2025-06-29 21:24:15,322 [INFO] PluginManager:220 - loadIPPluginJar : add ltdc
2025-06-29 21:24:15,340 [INFO] IPUIPlugin:80 - create IPUIPlugin
2025-06-29 21:24:15,340 [INFO] PluginManager:220 - loadIPPluginJar : add mdma
2025-06-29 21:24:15,357 [INFO] IPUIPlugin:80 - create IPUIPlugin
2025-06-29 21:24:15,357 [INFO] PluginManager:220 - loadIPPluginJar : add nvic
2025-06-29 21:24:15,410 [INFO] IPUIPlugin:80 - create IPUIPlugin
2025-06-29 21:24:15,410 [INFO] PluginManager:220 - loadIPPluginJar : add opamp
2025-06-29 21:24:15,502 [INFO] IPUIPlugin:80 - create IPUIPlugin
2025-06-29 21:24:15,502 [INFO] PluginManager:220 - loadIPPluginJar : add openamp
2025-06-29 21:24:15,567 [INFO] IPUIPlugin:80 - create IPUIPlugin
2025-06-29 21:24:15,567 [INFO] PluginManager:220 - loadIPPluginJar : add pdm2pcm
2025-06-29 21:24:15,585 [INFO] IPUIPlugin:80 - create IPUIPlugin
2025-06-29 21:24:15,588 [INFO] PluginManager:220 - loadIPPluginJar : add plateformsettings
2025-06-29 21:24:15,620 [INFO] IPUIPlugin:80 - create IPUIPlugin
2025-06-29 21:24:15,620 [INFO] PluginManager:220 - loadIPPluginJar : add quadspi
2025-06-29 21:24:15,659 [INFO] IPUIPlugin:80 - create IPUIPlugin
2025-06-29 21:24:15,659 [INFO] PluginManager:220 - loadIPPluginJar : add radio
2025-06-29 21:24:15,676 [INFO] IPUIPlugin:80 - create IPUIPlugin
2025-06-29 21:24:15,677 [INFO] PluginManager:220 - loadIPPluginJar : add resmgrutility
2025-06-29 21:24:15,746 [INFO] IPUIPlugin:80 - create IPUIPlugin
2025-06-29 21:24:15,746 [INFO] PluginManager:220 - loadIPPluginJar : add sai
2025-06-29 21:24:15,805 [INFO] IPUIPlugin:80 - create IPUIPlugin
2025-06-29 21:24:15,805 [INFO] PluginManager:220 - loadIPPluginJar : add spi
2025-06-29 21:24:15,895 [INFO] IPUIPlugin:80 - create IPUIPlugin
2025-06-29 21:24:15,895 [INFO] PluginManager:220 - loadIPPluginJar : add stm32_wpan
2025-06-29 21:24:15,916 [INFO] ThirdPartyUpdaterWithRetryManager:70 - Updater plugin not ready yet. [2/15]
2025-06-29 21:24:15,929 [INFO] IPUIPlugin:80 - create IPUIPlugin
2025-06-29 21:24:15,929 [INFO] PluginManager:220 - loadIPPluginJar : add tim
2025-06-29 21:24:16,019 [INFO] IPUIPlugin:80 - create IPUIPlugin
2025-06-29 21:24:16,019 [INFO] PluginManager:220 - loadIPPluginJar : add touchsensing
2025-06-29 21:24:16,051 [INFO] IPUIPlugin:80 - create IPUIPlugin
2025-06-29 21:24:16,051 [INFO] PluginManager:220 - loadIPPluginJar : add tracer_emb
2025-06-29 21:24:16,086 [INFO] IPUIPlugin:80 - create IPUIPlugin
2025-06-29 21:24:16,086 [INFO] PluginManager:220 - loadIPPluginJar : add ts
2025-06-29 21:24:16,120 [INFO] IPUIPlugin:80 - create IPUIPlugin
2025-06-29 21:24:16,120 [INFO] PluginManager:220 - loadIPPluginJar : add tsc
2025-06-29 21:24:16,152 [INFO] IPUIPlugin:80 - create IPUIPlugin
2025-06-29 21:24:16,152 [INFO] PluginManager:220 - loadIPPluginJar : add ucpd
2025-06-29 21:24:16,212 [INFO] IPUIPlugin:80 - create IPUIPlugin
2025-06-29 21:24:16,212 [INFO] PluginManager:220 - loadIPPluginJar : add usart
2025-06-29 21:24:16,274 [INFO] IPUIPlugin:80 - create IPUIPlugin
2025-06-29 21:24:16,275 [INFO] PluginManager:220 - loadIPPluginJar : add usbx
2025-06-29 21:24:16,407 [FATAL] Updater:351 - Updater called before beeing initialized
2025-06-29 21:24:16,436 [INFO] RulesReader:64 - Compatibility file has been processed (297 Rules)
2025-06-29 21:24:16,447 [INFO] RulesReader:64 - Compatibility file has been processed (297 Rules)
2025-06-29 21:24:16,456 [INFO] CADModel:165 - CPN selected for project level
2025-06-29 21:24:16,456 [INFO] CADModel:114 - Register for checkConnection events
2025-06-29 21:24:16,457 [FATAL] Updater:351 - Updater called before beeing initialized
2025-06-29 21:24:16,457 [ERROR] CADModel:125 - Updater not yet initialized, retry later 
2025-06-29 21:24:16,623 [FATAL] Updater:351 - Updater called before beeing initialized
2025-06-29 21:24:16,625 [INFO] CADModel:165 - CPN selected for project level
2025-06-29 21:24:16,625 [INFO] CADModel:114 - Register for checkConnection events
2025-06-29 21:24:16,625 [FATAL] Updater:351 - Updater called before beeing initialized
2025-06-29 21:24:16,625 [ERROR] CADModel:125 - Updater not yet initialized, retry later 
2025-06-29 21:24:16,627 [FATAL] Updater:351 - Updater called before beeing initialized
2025-06-29 21:24:16,751 [FATAL] Updater:351 - Updater called before beeing initialized
2025-06-29 21:24:16,763 [INFO] DbMcusAds:53 - JSON generation date=Wed May 07 11:07:55 CEST 2025 (1746608875484)
2025-06-29 21:24:16,763 [FATAL] Updater:351 - Updater called before beeing initialized
2025-06-29 21:24:16,805 [WARN] DetailPanel:346 - Failed to get advertising image, set to default
2025-06-29 21:24:17,057 [FATAL] Updater:351 - Updater called before beeing initialized
2025-06-29 21:24:17,059 [FATAL] Updater:351 - Updater called before beeing initialized
2025-06-29 21:24:17,059 [FATAL] Updater:351 - Updater called before beeing initialized
2025-06-29 21:24:17,059 [WARN] DetailPanel:346 - Failed to get advertising image, set to default
2025-06-29 21:24:17,060 [FATAL] Updater:351 - Updater called before beeing initialized
2025-06-29 21:24:17,129 [ERROR] Updater:1198 - MainUpdater not yet initialized. External WinMGr cannot be set.
2025-06-29 21:24:17,142 [INFO] Updater:1134 - Updater Version found : 6.13.0
2025-06-29 21:24:17,158 [INFO] ApplicationProperties:184 - Using Application install path: C:\ST\STM32CubeIDE_1.16.1\STM32CubeIDE\plugins\com.st.stm32cube.common.mx_6.13.0.202411220809
2025-06-29 21:24:18,752 [ERROR] LogOutputStream:75 - [STDERR_REDIRECT] Jun 29, 2025 9:24:18 PM java.util.prefs.WindowsPreferences <init>
2025-06-29 21:24:18,758 [ERROR] LogOutputStream:75 - [STDERR_REDIRECT] WARNING: Could not open/create prefs root node Software\JavaSoft\Prefs at root 0xffffffff80000002. Windows RegCreateKeyEx(...) returned error code 5.
2025-06-29 21:24:18,759 [ERROR] LogOutputStream:75 - [STDERR_REDIRECT] 
2025-06-29 21:24:18,919 [INFO] ThirdPartyUpdaterWithRetryManager:70 - Updater plugin not ready yet. [3/15]
2025-06-29 21:24:19,933 [INFO] MainUpdater:2872 - connection check result : 10
2025-06-29 21:24:19,935 [INFO] MainUpdater:289 - Updater Check For Update Now.
2025-06-29 21:24:19,935 [INFO] MicroXplorer:498 - Change Database Version : DB.6.0.130
2025-06-29 21:24:19,967 [INFO] McuFinderGlobals:63 - Set McuFinder mode to 2 (CubeIDE integrated)
2025-06-29 21:24:19,977 [INFO] UserAuth:486 - Internet connection configuration mode: 1
2025-06-29 21:24:20,016 [INFO] JxBrowserEngine:152 - Initiate JxBrowser Engine with user profile folder
2025-06-29 21:24:20,191 [INFO] CheckServerUpdateThread:120 - End of CheckServer Thread
2025-06-29 21:24:21,155 [INFO] WebApp:168 - Instantiating new browser for Auth
2025-06-29 21:24:21,981 [INFO] WebApp:449 - Apply proxy settings
2025-06-29 21:24:21,982 [INFO] WebApp:534 - Chromium requires no authentication
2025-06-29 21:24:21,995 [INFO] WebApp:477 - Direct internet connection detected
2025-06-29 21:24:22,032 [INFO] WebApp:880 - Register for checkConnection events
2025-06-29 21:24:22,032 [INFO] WebApp:449 - Apply proxy settings
2025-06-29 21:24:22,032 [INFO] WebApp:534 - Chromium requires no authentication
2025-06-29 21:24:22,033 [INFO] WebApp:477 - Direct internet connection detected
2025-06-29 21:24:22,367 [WARN] PackLoader:240 - Cannot read IP mode file for STMicroelectronics.FP-SNS-MOTENVWB1.1.4.0
2025-06-29 21:24:22,370 [INFO] WebApp:221 - Starting web application
2025-06-29 21:24:22,371 [INFO] WebApp:579 - Web application path used C:\ST\STM32CubeIDE_1.16.1\STM32CubeIDE\plugins\com.st.stm32cube.common.mx_6.13.0.202411220809\db\plugins\mcufinder\reactClient1\index.html
2025-06-29 21:24:22,394 [WARN] PackLoader:240 - Cannot read IP mode file for STMicroelectronics.FP-ATR-ASTRA1.2.0.2
2025-06-29 21:24:22,414 [WARN] PackLoader:240 - Cannot read IP mode file for STMicroelectronics.FP-ATR-ASTRA1.2.0.1
2025-06-29 21:24:22,439 [WARN] PackLoader:240 - Cannot read IP mode file for STMicroelectronics.X-CUBE-SMBUS.2.1.0
2025-06-29 21:24:22,466 [WARN] PackLoader:240 - Cannot read IP mode file for STMicroelectronics.X-CUBE-WB05N.1.1.0
2025-06-29 21:24:22,489 [WARN] PackLoader:240 - Cannot read IP mode file for STMicroelectronics.X-CUBE-ST60.1.0.0
2025-06-29 21:24:22,550 [WARN] PackLoader:240 - Cannot read IP mode file for STMicroelectronics.X-CUBE-AZRTOS-F7.1.1.0
2025-06-29 21:24:22,578 [WARN] PackLoader:240 - Cannot read IP mode file for STMicroelectronics.FP-SNS-FLIGHT1.5.0.2
2025-06-29 21:24:22,602 [INFO] UserAuth:486 - Internet connection configuration mode: 1
2025-06-29 21:24:22,633 [WARN] PackLoader:240 - Cannot read IP mode file for Infineon.AIROC-Wi-Fi-Bluetooth-STM32.1.7.0
2025-06-29 21:24:22,663 [WARN] PackLoader:240 - Cannot read IP mode file for STMicroelectronics.X-CUBE-DISPLAY.3.0.0
2025-06-29 21:24:22,690 [WARN] PackLoader:240 - Cannot read IP mode file for STMicroelectronics.X-CUBE-BLE1.7.0.0
2025-06-29 21:24:22,711 [WARN] PackLoader:240 - Cannot read IP mode file for STMicroelectronics.X-CUBE-NFC10.1.0.0
2025-06-29 21:24:22,740 [WARN] PackLoader:240 - Cannot read IP mode file for STMicroelectronics.X-CUBE-BLEMGR.4.0.0
2025-06-29 21:24:22,751 [ERROR] LogOutputStream:75 - [STDERR_REDIRECT] [Fatal Error] :1:1: Premature end of file.
2025-06-29 21:24:22,752 [ERROR] LogOutputStream:75 - [STDERR_REDIRECT] 
2025-06-29 21:24:22,764 [WARN] PackLoader:240 - Cannot read IP mode file for emotas.I-CUBE-CANOPEN.1.3.0
2025-06-29 21:24:22,779 [WARN] PackLoader:240 - Cannot read IP mode file for STMicroelectronics.X-CUBE-AI.10.0.0
2025-06-29 21:24:22,795 [WARN] PackLoader:240 - Cannot read IP mode file for STMicroelectronics.FP-SNS-SMARTAG2.1.2.0
2025-06-29 21:24:22,809 [WARN] PackLoader:240 - Cannot read IP mode file for STMicroelectronics.FP-SNS-FLIGHT1.5.1.0
2025-06-29 21:24:22,871 [WARN] PackLoader:240 - Cannot read IP mode file for STMicroelectronics.X-CUBE-MEMS1.11.1.0
2025-06-29 21:24:23,044 [INFO] LogOutputStream:77 - [STDOUT_REDIRECT] 1 : Invalid condition id : UX_CORESTACK_Condition cause : null
2025-06-29 21:24:23,045 [INFO] LogOutputStream:77 - [STDOUT_REDIRECT] 1 : Invalid condition id : UX_CORESTACK_Condition cause : null
2025-06-29 21:24:23,046 [INFO] LogOutputStream:77 - [STDOUT_REDIRECT] 1 : Invalid condition id : UX_CORESTACK_Condition cause : null
2025-06-29 21:24:23,048 [INFO] LogOutputStream:77 - [STDOUT_REDIRECT] 1 : Invalid condition id : UX_CORESTACK_Condition cause : null
2025-06-29 21:24:23,050 [INFO] LogOutputStream:77 - [STDOUT_REDIRECT] 1 : Invalid condition id : UX_CORESTACK_Condition cause : null
2025-06-29 21:24:23,053 [WARN] PackLoader:240 - Cannot read IP mode file for STMicroelectronics.X-CUBE-AZRTOS-WL.2.0.0
2025-06-29 21:24:23,075 [WARN] PackLoader:240 - Cannot read IP mode file for STMicroelectronics.FP-SNS-MOTENV1.5.0.0
2025-06-29 21:24:23,091 [WARN] PackLoader:240 - Cannot read IP mode file for wolfSSL.I-CUBE-wolfMQTT.1.19.0
2025-06-29 21:24:23,111 [WARN] PackLoader:240 - Cannot read IP mode file for WES.I-CUBE-Cesium.1.3.0
2025-06-29 21:24:23,130 [WARN] PackLoader:240 - Cannot read IP mode file for STMicroelectronics.X-CUBE-BLE2.3.3.0
2025-06-29 21:24:23,150 [WARN] PackLoader:240 - Cannot read IP mode file for STMicroelectronics.X-CUBE-NFC9.1.0.0
2025-06-29 21:24:23,168 [WARN] PackLoader:240 - Cannot read IP mode file for STMicroelectronics.X-CUBE-BLE1.7.1.0
2025-06-29 21:24:23,183 [WARN] PackLoader:240 - Cannot read IP mode file for STMicroelectronics.X-CUBE-AI.10.1.0
2025-06-29 21:24:23,264 [WARN] PackLoader:240 - Cannot read IP mode file for STMicroelectronics.X-CUBE-MEMS1.11.2.0
2025-06-29 21:24:23,342 [INFO] WebApp:187 - Connection restablished
2025-06-29 21:24:23,428 [WARN] PackLoader:240 - Cannot read IP mode file for STMicroelectronics.X-CUBE-AZRTOS-G0.1.1.0
2025-06-29 21:24:23,448 [WARN] PackLoader:240 - Cannot read IP mode file for STMicroelectronics.X-CUBE-SAFEA1.1.2.2
2025-06-29 21:24:23,465 [WARN] PackLoader:240 - Cannot read IP mode file for STMicroelectronics.X-CUBE-NFC4.3.0.0
2025-06-29 21:24:23,484 [WARN] PackLoader:240 - Cannot read IP mode file for EmbeddedOffice.I-CUBE-FS-RTOS.1.0.1
2025-06-29 21:24:23,503 [WARN] PackLoader:240 - Cannot read IP mode file for STMicroelectronics.X-CUBE-WB05N.2.0.0
2025-06-29 21:24:23,520 [WARN] PackLoader:240 - Cannot read IP mode file for STMicroelectronics.X-CUBE-TCPP.4.2.0
2025-06-29 21:24:23,537 [WARN] PackLoader:240 - Cannot read IP mode file for RealThread.X-CUBE-RT-Thread_Nano.4.1.1
2025-06-29 21:24:23,553 [WARN] PackLoader:240 - Cannot read IP mode file for STMicroelectronics.FP-ATR-SIGFOX1.3.2.0
2025-06-29 21:24:23,569 [WARN] ConditionMgr:438 - getConditionDescription Invalid condition id : Cortex-A Device cause : null
2025-06-29 21:24:23,600 [WARN] ConditionMgr:1044 - genDependencies : Invalid condition id : Cortex-A Device cause : null
2025-06-29 21:24:23,600 [WARN] ConditionMgr:1044 - genDependencies : Invalid condition id : Cortex-A Device cause : null
2025-06-29 21:24:23,600 [WARN] ConditionMgr:1044 - genDependencies : Invalid condition id : Cortex-A Device cause : null
2025-06-29 21:24:23,617 [WARN] PackLoader:240 - Cannot read IP mode file for STMicroelectronics.X-CUBE-EEPRMA1.5.1.0
2025-06-29 21:24:23,632 [WARN] PackLoader:240 - Cannot read IP mode file for wolfSSL.I-CUBE-wolfSSL.5.7.4
2025-06-29 21:24:23,648 [WARN] PackLoader:240 - Cannot read IP mode file for ITTIA_DB.I-CUBE-ITTIADB.8.9.0
2025-06-29 21:24:23,667 [WARN] PackLoader:240 - Cannot read IP mode file for STMicroelectronics.X-CUBE-ST67W61.1.0.0
2025-06-29 21:24:23,712 [ERROR] LogOutputStream:75 - [STDERR_REDIRECT] [Fatal Error] :1:1: Premature end of file.
2025-06-29 21:24:23,712 [WARN] PackLoader:240 - Cannot read IP mode file for SEGGER.I-CUBE-embOS.1.3.1
2025-06-29 21:24:23,712 [ERROR] LogOutputStream:75 - [STDERR_REDIRECT] 
2025-06-29 21:24:23,757 [WARN] PackLoader:240 - Cannot read IP mode file for STMicroelectronics.X-CUBE-ALGOBUILD.1.4.0
2025-06-29 21:24:23,819 [WARN] PackLoader:240 - Cannot read IP mode file for STMicroelectronics.X-CUBE-MEMS1.11.3.0
2025-06-29 21:24:24,017 [WARN] PackLoader:240 - Cannot read IP mode file for STMicroelectronics.X-CUBE-AI.9.1.0
2025-06-29 21:24:24,034 [WARN] PackLoader:240 - Cannot read IP mode file for STMicroelectronics.X-CUBE-PM33A1.1.0.0
2025-06-29 21:24:24,068 [WARN] PackLoader:240 - Cannot read IP mode file for STMicroelectronics.X-CUBE-AZRTOS-F4.1.1.0
2025-06-29 21:24:24,090 [WARN] PackLoader:240 - Cannot read IP mode file for Avnet-IotConnect.X-CUBE-IoTC-DA16k-PMOD.1.0.0
2025-06-29 21:24:24,108 [WARN] PackLoader:240 - Cannot read IP mode file for STMicroelectronics.X-CUBE-ISPU.2.1.0
2025-06-29 21:24:24,145 [WARN] PackLoader:240 - Cannot read IP mode file for STMicroelectronics.X-CUBE-AZRTOS-L5.2.0.0
2025-06-29 21:24:24,171 [WARN] PackLoader:240 - Cannot read IP mode file for STMicroelectronics.X-CUBE-NFC6.3.1.0
2025-06-29 21:24:24,192 [WARN] PackLoader:240 - Cannot read IP mode file for STMicroelectronics.X-CUBE-DPower.1.2.0
2025-06-29 21:24:24,210 [WARN] PackLoader:240 - Cannot read IP mode file for STMicroelectronics.X-CUBE-FREERTOS.1.3.1
2025-06-29 21:24:24,229 [WARN] PackLoader:240 - Cannot read IP mode file for STMicroelectronics.X-CUBE-FREERTOS.1.3.0
2025-06-29 21:24:24,247 [WARN] PackLoader:240 - Cannot read IP mode file for STMicroelectronics.X-CUBE-NFC7.1.0.1
2025-06-29 21:24:24,267 [WARN] PackLoader:240 - Cannot read IP mode file for STMicroelectronics.FP-SNS-STAIOTCFT.1.0.0
2025-06-29 21:24:24,286 [WARN] PackLoader:240 - Cannot read IP mode file for STMicroelectronics.X-CUBE-DPower.1.3.0
2025-06-29 21:24:24,323 [WARN] ConditionMgr:438 - getConditionDescription Invalid condition id : LAN8742 Phy interface Condition cause : null
2025-06-29 21:24:24,324 [WARN] PackLoader:240 - Cannot read IP mode file for STMicroelectronics.X-CUBE-AZRTOS-L4.2.0.0
2025-06-29 21:24:24,325 [WARN] ConditionMgr:1044 - genDependencies : Invalid condition id : LAN8742 Phy interface Condition cause : null
2025-06-29 21:24:24,325 [WARN] ConditionMgr:1044 - genDependencies : Invalid condition id : LAN8742 Phy interface Condition cause : null
2025-06-29 21:24:24,325 [WARN] ConditionMgr:1044 - genDependencies : Invalid condition id : LAN8742 Phy interface Condition cause : null
2025-06-29 21:24:24,347 [WARN] PackLoader:240 - Cannot read IP mode file for STMicroelectronics.X-CUBE-SFXS2LP1.4.0.0
2025-06-29 21:24:24,391 [WARN] PackLoader:240 - Cannot read IP mode file for STMicroelectronics.X-CUBE-AZRTOS-H7.3.3.0
2025-06-29 21:24:24,427 [WARN] ConditionMgr:438 - getConditionDescription Invalid condition id : UX DEVICE CLASS RTOS Condition cause : null
2025-06-29 21:24:24,427 [WARN] ConditionMgr:438 - getConditionDescription Invalid condition id : UX DEVICE CLASS RTOS Condition cause : null
2025-06-29 21:24:24,429 [WARN] PackLoader:240 - Cannot read IP mode file for STMicroelectronics.X-CUBE-AZRTOS-WB.2.0.0
2025-06-29 21:24:24,429 [WARN] ConditionMgr:1044 - genDependencies : Invalid condition id : UX DEVICE CLASS RTOS Condition cause : null
2025-06-29 21:24:24,429 [WARN] ConditionMgr:1044 - genDependencies : Invalid condition id : UX DEVICE CLASS RTOS Condition cause : null
2025-06-29 21:24:24,430 [WARN] ConditionMgr:1044 - genDependencies : Invalid condition id : UX DEVICE CLASS RTOS Condition cause : null
2025-06-29 21:24:24,430 [WARN] ConditionMgr:1044 - genDependencies : Invalid condition id : UX DEVICE CLASS RTOS Condition cause : null
2025-06-29 21:24:24,430 [WARN] ConditionMgr:1044 - genDependencies : Invalid condition id : UX DEVICE CLASS RTOS Condition cause : null
2025-06-29 21:24:24,452 [WARN] PackLoader:240 - Cannot read IP mode file for STMicroelectronics.X-CUBE-GNSS1.7.0.1
2025-06-29 21:24:24,473 [WARN] PackLoader:240 - Cannot read IP mode file for STMicroelectronics.X-CUBE-TOUCHGFX.4.25.0
2025-06-29 21:24:24,492 [WARN] PackLoader:240 - Cannot read IP mode file for STMicroelectronics.FP-SNS-STBOX1.2.0.0
2025-06-29 21:24:24,512 [WARN] PackLoader:240 - Cannot read IP mode file for STMicroelectronics.X-CUBE-SUBG2.5.0.0
2025-06-29 21:24:24,548 [WARN] PackLoader:240 - Cannot read IP mode file for STMicroelectronics.X-CUBE-AZRTOS-H7RS.1.1.0
2025-06-29 21:24:24,566 [WARN] PackLoader:240 - Cannot read IP mode file for Cesanta.I-CUBE-Mongoose.7.13.0
2025-06-29 21:24:24,594 [WARN] PackLoader:240 - Cannot read IP mode file for STMicroelectronics.X-CUBE-AZRTOS-G4.2.0.0
2025-06-29 21:24:24,611 [WARN] PackLoader:240 - Cannot read IP mode file for STMicroelectronics.X-CUBE-NFC7.2.0.0
2025-06-29 21:24:24,631 [WARN] PackLoader:240 - Cannot read IP mode file for STMicroelectronics.X-CUBE-IPS.3.1.0
2025-06-29 21:24:24,651 [WARN] PackLoader:240 - Cannot read IP mode file for STMicroelectronics.X-CUBE-ALS.1.0.2
2025-06-29 21:24:24,711 [WARN] PackLoader:240 - Cannot read IP mode file for STMicroelectronics.X-CUBE-MEMS1.10.0.0
2025-06-29 21:24:24,734 [ERROR] LogOutputStream:75 - [STDERR_REDIRECT] [Fatal Error] :1:1: Premature end of file.
2025-06-29 21:24:24,735 [ERROR] LogOutputStream:75 - [STDERR_REDIRECT] 
2025-06-29 21:24:25,108 [WARN] PackLoader:240 - Cannot read IP mode file for STMicroelectronics.X-CUBE-TOUCHGFX.4.24.2
2025-06-29 21:24:25,125 [WARN] PackLoader:240 - Cannot read IP mode file for wolfSSL.I-CUBE-wolfTPM.3.4.0
2025-06-29 21:24:25,153 [WARN] PackLoader:240 - Cannot read IP mode file for portGmbH.I-Cube-SoM-uGOAL.1.1.0
2025-06-29 21:24:25,186 [WARN] PackLoader:240 - Cannot read IP mode file for STMicroelectronics.X-CUBE-AZRTOS-H7RS.1.0.0
2025-06-29 21:24:25,212 [WARN] PackLoader:240 - Cannot read IP mode file for STMicroelectronics.X-CUBE-TOF1.3.4.2
2025-06-29 21:24:25,242 [WARN] PackLoader:240 - Cannot read IP mode file for STMicroelectronics.X-CUBE-TOF1.3.4.3
2025-06-29 21:24:25,268 [WARN] PackLoader:240 - Cannot read IP mode file for wolfSSL.I-CUBE-wolfSSH.1.4.17
2025-06-29 21:24:25,268 [INFO] ThirdParty:978 - Integrity check success = true
2025-06-29 21:24:25,270 [INFO] IntegrityCheckThread:100 - exiting critical section [integrity check]
2025-06-29 21:24:25,270 [INFO] IntegrityCheckThread:103 - End integrity checks thread
2025-06-29 21:24:25,701 [ERROR] LogOutputStream:75 - [STDERR_REDIRECT] [Fatal Error] :1:1: Premature end of file.
2025-06-29 21:24:25,701 [ERROR] LogOutputStream:75 - [STDERR_REDIRECT] 
2025-06-29 21:24:26,791 [ERROR] LogOutputStream:75 - [STDERR_REDIRECT] [Fatal Error] :1:1: Premature end of file.
2025-06-29 21:24:26,791 [ERROR] LogOutputStream:75 - [STDERR_REDIRECT] 
2025-06-29 21:24:27,703 [ERROR] LogOutputStream:75 - [STDERR_REDIRECT] [Fatal Error] :1:1: Premature end of file.
2025-06-29 21:24:27,703 [ERROR] LogOutputStream:75 - [STDERR_REDIRECT] 
2025-06-29 21:24:28,703 [ERROR] LogOutputStream:75 - [STDERR_REDIRECT] [Fatal Error] :1:1: Premature end of file.
2025-06-29 21:24:28,703 [ERROR] LogOutputStream:75 - [STDERR_REDIRECT] 
2025-06-29 21:24:29,704 [ERROR] LogOutputStream:75 - [STDERR_REDIRECT] [Fatal Error] :1:1: Premature end of file.
2025-06-29 21:24:29,704 [ERROR] LogOutputStream:75 - [STDERR_REDIRECT] 
2025-06-29 21:24:30,704 [ERROR] LogOutputStream:75 - [STDERR_REDIRECT] [Fatal Error] :1:1: Premature end of file.
2025-06-29 21:24:30,704 [ERROR] LogOutputStream:75 - [STDERR_REDIRECT] 
2025-06-29 21:24:31,706 [ERROR] LogOutputStream:75 - [STDERR_REDIRECT] [Fatal Error] :1:1: Premature end of file.
2025-06-29 21:24:31,707 [ERROR] LogOutputStream:75 - [STDERR_REDIRECT] 
2025-06-29 21:24:32,718 [ERROR] LogOutputStream:75 - [STDERR_REDIRECT] [Fatal Error] :1:1: Premature end of file.
2025-06-29 21:24:32,718 [ERROR] LogOutputStream:75 - [STDERR_REDIRECT] 
2025-06-29 21:24:33,755 [ERROR] LogOutputStream:75 - [STDERR_REDIRECT] [Fatal Error] :1:1: Premature end of file.
2025-06-29 21:24:33,756 [ERROR] LogOutputStream:75 - [STDERR_REDIRECT] 
2025-06-29 21:24:34,700 [ERROR] LogOutputStream:75 - [STDERR_REDIRECT] [Fatal Error] :1:1: Premature end of file.
2025-06-29 21:24:34,700 [ERROR] LogOutputStream:75 - [STDERR_REDIRECT] 
2025-06-29 21:24:35,700 [ERROR] LogOutputStream:75 - [STDERR_REDIRECT] [Fatal Error] :1:1: Premature end of file.
2025-06-29 21:24:35,700 [ERROR] LogOutputStream:75 - [STDERR_REDIRECT] 
2025-06-29 21:24:36,727 [ERROR] LogOutputStream:75 - [STDERR_REDIRECT] [Fatal Error] :1:1: Premature end of file.
2025-06-29 21:24:36,727 [ERROR] LogOutputStream:75 - [STDERR_REDIRECT] 
2025-06-29 21:24:37,700 [ERROR] LogOutputStream:75 - [STDERR_REDIRECT] [Fatal Error] :1:1: Premature end of file.
2025-06-29 21:24:37,700 [ERROR] LogOutputStream:75 - [STDERR_REDIRECT] 
2025-06-29 21:24:38,731 [ERROR] LogOutputStream:75 - [STDERR_REDIRECT] [Fatal Error] :1:1: Premature end of file.
2025-06-29 21:24:38,731 [ERROR] LogOutputStream:75 - [STDERR_REDIRECT] 
2025-06-29 21:24:39,798 [ERROR] LogOutputStream:75 - [STDERR_REDIRECT] [Fatal Error] :1:1: Premature end of file.
2025-06-29 21:24:39,799 [ERROR] LogOutputStream:75 - [STDERR_REDIRECT] 
2025-06-29 21:24:40,797 [ERROR] LogOutputStream:75 - [STDERR_REDIRECT] [Fatal Error] :1:1: Premature end of file.
2025-06-29 21:24:40,798 [ERROR] LogOutputStream:75 - [STDERR_REDIRECT] 
2025-06-29 21:24:41,800 [ERROR] LogOutputStream:75 - [STDERR_REDIRECT] [Fatal Error] :1:1: Premature end of file.
2025-06-29 21:24:41,800 [ERROR] LogOutputStream:75 - [STDERR_REDIRECT] 
2025-06-29 21:24:42,793 [ERROR] LogOutputStream:75 - [STDERR_REDIRECT] [Fatal Error] :1:1: Premature end of file.
2025-06-29 21:24:42,793 [ERROR] LogOutputStream:75 - [STDERR_REDIRECT] 
2025-06-29 21:24:43,699 [ERROR] LogOutputStream:75 - [STDERR_REDIRECT] [Fatal Error] :1:1: Premature end of file.
2025-06-29 21:24:43,699 [ERROR] LogOutputStream:75 - [STDERR_REDIRECT] 
2025-06-29 21:24:44,711 [ERROR] LogOutputStream:75 - [STDERR_REDIRECT] [Fatal Error] :1:1: Premature end of file.
2025-06-29 21:24:44,711 [ERROR] LogOutputStream:75 - [STDERR_REDIRECT] 
2025-06-29 21:24:45,705 [ERROR] LogOutputStream:75 - [STDERR_REDIRECT] [Fatal Error] :1:1: Premature end of file.
2025-06-29 21:24:45,705 [ERROR] LogOutputStream:75 - [STDERR_REDIRECT] 
2025-06-29 21:24:46,770 [ERROR] LogOutputStream:75 - [STDERR_REDIRECT] [Fatal Error] :1:1: Premature end of file.
2025-06-29 21:24:46,770 [ERROR] LogOutputStream:75 - [STDERR_REDIRECT] 
2025-06-29 21:24:47,699 [ERROR] LogOutputStream:75 - [STDERR_REDIRECT] [Fatal Error] :1:1: Premature end of file.
2025-06-29 21:24:47,699 [ERROR] LogOutputStream:75 - [STDERR_REDIRECT] 
2025-06-29 21:24:48,702 [ERROR] LogOutputStream:75 - [STDERR_REDIRECT] [Fatal Error] :1:1: Premature end of file.
2025-06-29 21:24:48,703 [ERROR] LogOutputStream:75 - [STDERR_REDIRECT] 
2025-06-29 21:24:49,713 [ERROR] LogOutputStream:75 - [STDERR_REDIRECT] [Fatal Error] :1:1: Premature end of file.
2025-06-29 21:24:49,714 [ERROR] LogOutputStream:75 - [STDERR_REDIRECT] 
2025-06-29 21:24:50,709 [ERROR] LogOutputStream:75 - [STDERR_REDIRECT] [Fatal Error] :1:1: Premature end of file.
2025-06-29 21:24:50,709 [ERROR] LogOutputStream:75 - [STDERR_REDIRECT] 
2025-06-29 21:24:51,699 [ERROR] LogOutputStream:75 - [STDERR_REDIRECT] [Fatal Error] :1:1: Premature end of file.
2025-06-29 21:24:51,699 [ERROR] LogOutputStream:75 - [STDERR_REDIRECT] 
2025-06-29 21:24:52,713 [ERROR] LogOutputStream:75 - [STDERR_REDIRECT] [Fatal Error] :1:1: Premature end of file.
2025-06-29 21:24:52,714 [ERROR] LogOutputStream:75 - [STDERR_REDIRECT] 
2025-06-29 21:24:53,714 [ERROR] LogOutputStream:75 - [STDERR_REDIRECT] [Fatal Error] :1:1: Premature end of file.
2025-06-29 21:24:53,715 [ERROR] LogOutputStream:75 - [STDERR_REDIRECT] 
2025-06-29 21:24:54,920 [ERROR] LogOutputStream:75 - [STDERR_REDIRECT] 
2025-06-29 21:24:54,927 [ERROR] LogOutputStream:75 - [STDERR_REDIRECT] 
