2025-02-24 20:24:57,791 [INFO] Activator:176 - 


2025-02-24 20:24:57,794 [INFO] Activator:177 - !SESSION log4j initialized
2025-02-24 20:25:03,374 [INFO] LogOutputStream:77 - [STDOUT_REDIRECT] 
2025-02-24 20:25:04,624 [INFO] ApplicationProperties:184 - Using Application install path: C:\ST\STM32CubeIDE_1.16.1\STM32CubeIDE\plugins\com.st.stm32cube.common.mx_6.13.0.202411220809
2025-02-24 20:25:04,641 [INFO] DbMcusXml:78 - Set database path to: C:\ST\STM32CubeIDE_1.16.1\STM32CubeIDE\plugins\com.st.stm32cube.common.mx_6.13.0.202411220809\\db\/mcu/
2025-02-24 20:25:04,641 [INFO] ApiDb:274 - Set plugin database path to: C:\ST\STM32CubeIDE_1.16.1\STM32CubeIDE\plugins\com.st.stm32cube.common.mx_6.13.0.202411220809\\db\/plugins/boardmanager/
2025-02-24 20:25:04,641 [WARN] ApiDb:259 - Overriding images path with different value:  => C:\ST\STM32CubeIDE_1.16.1\STM32CubeIDE\plugins\com.st.stm32cube.common.mx_6.13.0.202411220809\\db\/plugins/mcufinder/images/
2025-02-24 20:25:04,649 [INFO] ApiDb:250 - Set database path to: C:\Users\SNYDE\.stmcufinder\plugins\mcufinder//mcu/
2025-02-24 20:25:04,651 [INFO] DbMcusAds:125 - Set database path to: C:\Users\SNYDE\.stmcufinder\plugins\mcufinder//mcu/
2025-02-24 20:25:04,653 [INFO] CrossReferenceDbSqlite:203 - Set database path to: C:\Users\SNYDE\.stmcufinder\plugins\mcufinder//mcu/cs/
2025-02-24 20:25:04,785 [INFO] RulesReader:64 - Compatibility file has been processed (297 Rules)
2025-02-24 20:25:04,874 [INFO] DbMcusXml:78 - Set database path to: C:\ST\STM32CubeIDE_1.16.1\STM32CubeIDE\plugins\com.st.stm32cube.common.mx_6.13.0.202411220809\\db\/mcu/
2025-02-24 20:25:04,874 [INFO] ApiDb:274 - Set plugin database path to: C:\ST\STM32CubeIDE_1.16.1\STM32CubeIDE\plugins\com.st.stm32cube.common.mx_6.13.0.202411220809\\db\/plugins/boardmanager/
2025-02-24 20:25:04,874 [INFO] ApiDb:261 - Set plugin images path to: C:\ST\STM32CubeIDE_1.16.1\STM32CubeIDE\plugins\com.st.stm32cube.common.mx_6.13.0.202411220809\\db\/plugins/mcufinder/images/
2025-02-24 20:25:04,875 [WARN] DbFile:41 - Overriding database path with different value: C:\Users\SNYDE\.stmcufinder\plugins\mcufinder/ => C:\Users\SNYDE\.stmcufinder\plugins\mcufinder
2025-02-24 20:25:04,875 [INFO] ApiDb:250 - Set database path to: C:\Users\SNYDE\.stmcufinder\plugins\mcufinder//mcu/
2025-02-24 20:25:04,875 [WARN] DbFile:41 - Overriding database path with different value: C:\Users\SNYDE\.stmcufinder\plugins\mcufinder/ => C:\Users\SNYDE\.stmcufinder\plugins\mcufinder
2025-02-24 20:25:04,875 [INFO] DbMcusAds:125 - Set database path to: C:\Users\SNYDE\.stmcufinder\plugins\mcufinder//mcu/
2025-02-24 20:25:04,875 [WARN] DbFile:41 - Overriding database path with different value: C:\Users\SNYDE\.stmcufinder\plugins\mcufinder/ => C:\Users\SNYDE\.stmcufinder\plugins\mcufinder
2025-02-24 20:25:04,875 [WARN] DbFile:41 - Overriding database path with different value: C:\Users\SNYDE\.stmcufinder\plugins\mcufinder/ => C:\Users\SNYDE\.stmcufinder\plugins\mcufinder
2025-02-24 20:25:04,875 [INFO] CrossReferenceDbSqlite:203 - Set database path to: C:\Users\SNYDE\.stmcufinder\plugins\mcufinder//mcu/cs/
2025-02-24 20:25:04,953 [INFO] MainPanel:272 - HeapMemory: 268435456
2025-02-24 20:25:05,112 [INFO] DbMcusXml:78 - Set database path to: C:\ST\STM32CubeIDE_1.16.1\STM32CubeIDE\plugins\com.st.stm32cube.common.mx_6.13.0.202411220809\\db\/mcu/
2025-02-24 20:25:05,112 [INFO] ApiDb:274 - Set plugin database path to: C:\ST\STM32CubeIDE_1.16.1\STM32CubeIDE\plugins\com.st.stm32cube.common.mx_6.13.0.202411220809\\db\/plugins/boardmanager/
2025-02-24 20:25:05,112 [INFO] ApiDb:261 - Set plugin images path to: C:\ST\STM32CubeIDE_1.16.1\STM32CubeIDE\plugins\com.st.stm32cube.common.mx_6.13.0.202411220809\\db\/plugins/mcufinder/images/
2025-02-24 20:25:05,112 [WARN] DbFile:41 - Overriding database path with different value: C:\Users\SNYDE\.stmcufinder\plugins\mcufinder/ => C:\Users\SNYDE\.stmcufinder\plugins\mcufinder
2025-02-24 20:25:05,112 [INFO] ApiDb:250 - Set database path to: C:\Users\SNYDE\.stmcufinder\plugins\mcufinder//mcu/
2025-02-24 20:25:05,112 [WARN] DbFile:41 - Overriding database path with different value: C:\Users\SNYDE\.stmcufinder\plugins\mcufinder/ => C:\Users\SNYDE\.stmcufinder\plugins\mcufinder
2025-02-24 20:25:05,113 [INFO] DbMcusAds:125 - Set database path to: C:\Users\SNYDE\.stmcufinder\plugins\mcufinder//mcu/
2025-02-24 20:25:05,113 [WARN] DbFile:41 - Overriding database path with different value: C:\Users\SNYDE\.stmcufinder\plugins\mcufinder/ => C:\Users\SNYDE\.stmcufinder\plugins\mcufinder
2025-02-24 20:25:05,113 [WARN] DbFile:41 - Overriding database path with different value: C:\Users\SNYDE\.stmcufinder\plugins\mcufinder/ => C:\Users\SNYDE\.stmcufinder\plugins\mcufinder
2025-02-24 20:25:05,113 [INFO] CrossReferenceDbSqlite:203 - Set database path to: C:\Users\SNYDE\.stmcufinder\plugins\mcufinder//mcu/cs/
2025-02-24 20:25:05,135 [INFO] ApplicationProperties:184 - Using Application install path: C:\ST\STM32CubeIDE_1.16.1\STM32CubeIDE\plugins\com.st.stm32cube.common.mx_6.13.0.202411220809
2025-02-24 20:25:05,136 [INFO] PluginManage:196 - Search for loadable plugins [exclusion list=, ]
2025-02-24 20:25:05,137 [INFO] PluginManage:310 - Check plugin analytics
2025-02-24 20:25:05,367 [INFO] AnalyticsPlugin:253 - Accepted Software Licenses: 
2025-02-24 20:25:05,367 [INFO] AnalyticsPlugin:255 - Accepted CMSIS Pack Licenses: STMicroelectronics.X-CUBE-MEMS1.10.0.0
2025-02-24 20:25:05,368 [INFO] AnalyticsPlugin:257 - Accepted Firmware Licenses: FW.G4.1.6.0,FW.H7.1.12.0,FW.F7.1.17.0,FW.F4.1.28.0
2025-02-24 20:25:05,370 [INFO] PluginManage:359 - Loaded plugin analytics (category:tool,tabindex:-1)
2025-02-24 20:25:05,370 [INFO] PluginManage:310 - Check plugin cadmodel
2025-02-24 20:25:05,377 [INFO] CADModel:105 - Init CAD model plugin
2025-02-24 20:25:05,377 [INFO] PluginManage:359 - Loaded plugin cadmodel (category:power,tabindex:5)
2025-02-24 20:25:05,378 [INFO] PluginManage:310 - Check plugin clock
2025-02-24 20:25:05,390 [INFO] PluginManage:359 - Loaded plugin clock (category:base,tabindex:2)
2025-02-24 20:25:05,390 [INFO] PluginManage:310 - Check plugin ddr
2025-02-24 20:25:05,393 [INFO] PluginManage:359 - Loaded plugin ddr (category:tool,tabindex:6)
2025-02-24 20:25:05,394 [INFO] PluginManage:310 - Check plugin filemanager
2025-02-24 20:25:05,549 [INFO] PluginManage:359 - Loaded plugin filemanager (category:base,tabindex:10)
2025-02-24 20:25:05,549 [INFO] PluginManage:310 - Check plugin ipmanager
2025-02-24 20:25:05,557 [INFO] PluginManage:359 - Loaded plugin ipmanager (category:base,tabindex:5)
2025-02-24 20:25:05,557 [INFO] PluginManage:310 - Check plugin lpbam
2025-02-24 20:25:05,565 [INFO] PluginManage:359 - Loaded plugin lpbam (category:base,tabindex:0)
2025-02-24 20:25:05,565 [INFO] PluginManage:310 - Check plugin memorymap
2025-02-24 20:25:05,581 [INFO] PluginManage:359 - Loaded plugin memorymap (category:base,tabindex:4)
2025-02-24 20:25:05,581 [INFO] PluginManage:310 - Check plugin pinoutandconfiguration
2025-02-24 20:25:05,591 [INFO] PluginManage:359 - Loaded plugin pinoutandconfiguration (category:base,tabindex:1)
2025-02-24 20:25:05,591 [INFO] PluginManage:310 - Check plugin pinoutconfig
2025-02-24 20:25:05,695 [WARN] SupportedApi:132 - Cannot load RTOS API schema: s4s-elt-must-match.1: The content of 'definitions' must match (annotation?, (simpleType | complexType)?, (unique | key | keyref)*)). A problem was found starting at: attribute.
2025-02-24 20:25:05,858 [INFO] PluginManage:359 - Loaded plugin pinoutconfig (category:base,tabindex:0)
2025-02-24 20:25:05,858 [INFO] PluginManage:310 - Check plugin power
2025-02-24 20:25:05,871 [INFO] PluginManage:359 - Loaded plugin power (category:power,tabindex:4)
2025-02-24 20:25:05,871 [INFO] PluginManage:310 - Check plugin projectmanager
2025-02-24 20:25:05,889 [INFO] PluginManage:359 - Loaded plugin projectmanager (category:projectmanager,tabindex:4)
2025-02-24 20:25:05,890 [INFO] PluginManage:310 - Check plugin rif
2025-02-24 20:25:05,896 [INFO] PluginManage:359 - Loaded plugin rif (category:base,tabindex:3)
2025-02-24 20:25:05,898 [INFO] PluginManage:310 - Check plugin thirdparty
2025-02-24 20:25:06,067 [WARN] IntegrityCheckThread:84 - waiting for thirdparty lock release [integrity check]
2025-02-24 20:25:06,067 [INFO] PluginManage:359 - Loaded plugin thirdparty (category:base,tabindex:-1)
2025-02-24 20:25:06,067 [INFO] IntegrityCheckThread:86 - entering critical section [integrity check]
2025-02-24 20:25:06,067 [INFO] PluginManage:310 - Check plugin tools
2025-02-24 20:25:06,068 [INFO] ThirdPartyUpdaterWithRetryManager:70 - Updater plugin not ready yet. [1/15]
2025-02-24 20:25:06,072 [INFO] PluginManage:359 - Loaded plugin tools (category:base,tabindex:7)
2025-02-24 20:25:06,072 [INFO] PluginManage:310 - Check plugin tutovideos
2025-02-24 20:25:06,251 [INFO] PluginManage:359 - Loaded plugin tutovideos (category:base,tabindex:-1)
2025-02-24 20:25:06,251 [INFO] PluginManage:310 - Check plugin updater
2025-02-24 20:25:06,272 [INFO] PluginManage:359 - Loaded plugin updater (category:base,tabindex:12)
2025-02-24 20:25:06,272 [INFO] PluginManage:310 - Check plugin userauth
2025-02-24 20:25:06,277 [INFO] UserAuth:118 - Init User Auth plugin
2025-02-24 20:25:06,278 [INFO] PluginManage:359 - Loaded plugin userauth (category:base,tabindex:14)
2025-02-24 20:25:06,279 [INFO] PluginManage:283 - PluginManage : Loaded plugins [18]
2025-02-24 20:25:06,501 [INFO] PinOutPanel:1589 - setPackage(No Configuration,No Configuration)
2025-02-24 20:25:06,589 [INFO] CADModel:165 - CPN selected for project level
2025-02-24 20:25:06,589 [INFO] CADModel:114 - Register for checkConnection events
2025-02-24 20:25:06,612 [INFO] IPUIPlugin:80 - create IPUIPlugin
2025-02-24 20:25:06,612 [INFO] PluginManager:220 - loadIPPluginJar : add adc
2025-02-24 20:25:06,616 [INFO] IPUIPlugin:80 - create IPUIPlugin
2025-02-24 20:25:06,616 [INFO] PluginManager:220 - loadIPPluginJar : add aes
2025-02-24 20:25:06,621 [INFO] IPUIPlugin:80 - create IPUIPlugin
2025-02-24 20:25:06,621 [INFO] PluginManager:220 - loadIPPluginJar : add can
2025-02-24 20:25:06,625 [INFO] IPUIPlugin:80 - create IPUIPlugin
2025-02-24 20:25:06,625 [INFO] PluginManager:220 - loadIPPluginJar : add comp
2025-02-24 20:25:06,628 [INFO] IPUIPlugin:80 - create IPUIPlugin
2025-02-24 20:25:06,628 [INFO] PluginManager:220 - loadIPPluginJar : add cryp
2025-02-24 20:25:06,633 [INFO] IPUIPlugin:80 - create IPUIPlugin
2025-02-24 20:25:06,633 [INFO] PluginManager:220 - loadIPPluginJar : add ddr_ctrl_phy
2025-02-24 20:25:06,637 [INFO] IPUIPlugin:80 - create IPUIPlugin
2025-02-24 20:25:06,637 [INFO] PluginManager:220 - loadIPPluginJar : add dfsdm
2025-02-24 20:25:06,643 [INFO] IPUIPlugin:80 - create IPUIPlugin
2025-02-24 20:25:06,645 [INFO] PluginManager:220 - loadIPPluginJar : add dma
2025-02-24 20:25:06,649 [INFO] IPUIPlugin:80 - create IPUIPlugin
2025-02-24 20:25:06,650 [INFO] PluginManager:220 - loadIPPluginJar : add dma3
2025-02-24 20:25:06,653 [INFO] IPUIPlugin:80 - create IPUIPlugin
2025-02-24 20:25:06,653 [INFO] PluginManager:220 - loadIPPluginJar : add extmemmanager
2025-02-24 20:25:06,656 [INFO] IPUIPlugin:80 - create IPUIPlugin
2025-02-24 20:25:06,656 [INFO] PluginManager:220 - loadIPPluginJar : add fatfs
2025-02-24 20:25:06,662 [INFO] IPUIPlugin:80 - create IPUIPlugin
2025-02-24 20:25:06,662 [INFO] PluginManager:220 - loadIPPluginJar : add fmc
2025-02-24 20:25:06,670 [INFO] IPUIPlugin:80 - create IPUIPlugin
2025-02-24 20:25:06,670 [INFO] PluginManager:220 - loadIPPluginJar : add freertos
2025-02-24 20:25:06,672 [INFO] IPUIPlugin:80 - create IPUIPlugin
2025-02-24 20:25:06,672 [INFO] PluginManager:220 - loadIPPluginJar : add genericplugin
2025-02-24 20:25:06,675 [INFO] IPUIPlugin:80 - create IPUIPlugin
2025-02-24 20:25:06,675 [INFO] PluginManager:220 - loadIPPluginJar : add gfxmmu
2025-02-24 20:25:06,681 [INFO] IPUIPlugin:80 - create IPUIPlugin
2025-02-24 20:25:06,681 [INFO] PluginManager:220 - loadIPPluginJar : add gic
2025-02-24 20:25:06,688 [INFO] IPUIPlugin:80 - create IPUIPlugin
2025-02-24 20:25:06,688 [INFO] PluginManager:220 - loadIPPluginJar : add gpio
2025-02-24 20:25:06,692 [INFO] IPUIPlugin:80 - create IPUIPlugin
2025-02-24 20:25:06,692 [INFO] PluginManager:220 - loadIPPluginJar : add gtzc
2025-02-24 20:25:06,696 [INFO] IPUIPlugin:80 - create IPUIPlugin
2025-02-24 20:25:06,696 [INFO] PluginManager:220 - loadIPPluginJar : add hash
2025-02-24 20:25:06,700 [INFO] IPUIPlugin:80 - create IPUIPlugin
2025-02-24 20:25:06,700 [INFO] PluginManager:220 - loadIPPluginJar : add i2c
2025-02-24 20:25:06,703 [INFO] IPUIPlugin:80 - create IPUIPlugin
2025-02-24 20:25:06,704 [INFO] PluginManager:220 - loadIPPluginJar : add i2s
2025-02-24 20:25:06,708 [INFO] IPUIPlugin:80 - create IPUIPlugin
2025-02-24 20:25:06,708 [INFO] PluginManager:220 - loadIPPluginJar : add i3c
2025-02-24 20:25:06,712 [INFO] IPUIPlugin:80 - create IPUIPlugin
2025-02-24 20:25:06,712 [INFO] PluginManager:220 - loadIPPluginJar : add ipddr
2025-02-24 20:25:06,720 [INFO] IPUIPlugin:80 - create IPUIPlugin
2025-02-24 20:25:06,720 [INFO] PluginManager:220 - loadIPPluginJar : add linkedlist
2025-02-24 20:25:06,725 [INFO] IPUIPlugin:80 - create IPUIPlugin
2025-02-24 20:25:06,725 [INFO] PluginManager:220 - loadIPPluginJar : add lorawan
2025-02-24 20:25:06,727 [INFO] IPUIPlugin:80 - create IPUIPlugin
2025-02-24 20:25:06,728 [INFO] PluginManager:220 - loadIPPluginJar : add ltdc
2025-02-24 20:25:06,734 [INFO] IPUIPlugin:80 - create IPUIPlugin
2025-02-24 20:25:06,734 [INFO] PluginManager:220 - loadIPPluginJar : add mdma
2025-02-24 20:25:06,740 [INFO] IPUIPlugin:80 - create IPUIPlugin
2025-02-24 20:25:06,740 [INFO] PluginManager:220 - loadIPPluginJar : add nvic
2025-02-24 20:25:06,745 [INFO] IPUIPlugin:80 - create IPUIPlugin
2025-02-24 20:25:06,745 [INFO] PluginManager:220 - loadIPPluginJar : add opamp
2025-02-24 20:25:06,750 [INFO] IPUIPlugin:80 - create IPUIPlugin
2025-02-24 20:25:06,750 [INFO] PluginManager:220 - loadIPPluginJar : add openamp
2025-02-24 20:25:06,755 [INFO] IPUIPlugin:80 - create IPUIPlugin
2025-02-24 20:25:06,756 [INFO] PluginManager:220 - loadIPPluginJar : add pdm2pcm
2025-02-24 20:25:06,765 [INFO] IPUIPlugin:80 - create IPUIPlugin
2025-02-24 20:25:06,768 [INFO] PluginManager:220 - loadIPPluginJar : add plateformsettings
2025-02-24 20:25:06,771 [INFO] IPUIPlugin:80 - create IPUIPlugin
2025-02-24 20:25:06,772 [INFO] PluginManager:220 - loadIPPluginJar : add quadspi
2025-02-24 20:25:06,776 [INFO] IPUIPlugin:80 - create IPUIPlugin
2025-02-24 20:25:06,777 [INFO] PluginManager:220 - loadIPPluginJar : add radio
2025-02-24 20:25:06,782 [INFO] IPUIPlugin:80 - create IPUIPlugin
2025-02-24 20:25:06,783 [INFO] PluginManager:220 - loadIPPluginJar : add resmgrutility
2025-02-24 20:25:06,788 [INFO] IPUIPlugin:80 - create IPUIPlugin
2025-02-24 20:25:06,788 [INFO] PluginManager:220 - loadIPPluginJar : add sai
2025-02-24 20:25:06,791 [INFO] IPUIPlugin:80 - create IPUIPlugin
2025-02-24 20:25:06,792 [INFO] PluginManager:220 - loadIPPluginJar : add spi
2025-02-24 20:25:06,799 [INFO] IPUIPlugin:80 - create IPUIPlugin
2025-02-24 20:25:06,799 [INFO] PluginManager:220 - loadIPPluginJar : add stm32_wpan
2025-02-24 20:25:06,803 [INFO] IPUIPlugin:80 - create IPUIPlugin
2025-02-24 20:25:06,803 [INFO] PluginManager:220 - loadIPPluginJar : add tim
2025-02-24 20:25:06,809 [INFO] IPUIPlugin:80 - create IPUIPlugin
2025-02-24 20:25:06,809 [INFO] PluginManager:220 - loadIPPluginJar : add touchsensing
2025-02-24 20:25:06,813 [INFO] IPUIPlugin:80 - create IPUIPlugin
2025-02-24 20:25:06,813 [INFO] PluginManager:220 - loadIPPluginJar : add tracer_emb
2025-02-24 20:25:06,817 [INFO] IPUIPlugin:80 - create IPUIPlugin
2025-02-24 20:25:06,817 [INFO] PluginManager:220 - loadIPPluginJar : add ts
2025-02-24 20:25:06,821 [INFO] IPUIPlugin:80 - create IPUIPlugin
2025-02-24 20:25:06,821 [INFO] PluginManager:220 - loadIPPluginJar : add tsc
2025-02-24 20:25:06,823 [INFO] IPUIPlugin:80 - create IPUIPlugin
2025-02-24 20:25:06,824 [INFO] PluginManager:220 - loadIPPluginJar : add ucpd
2025-02-24 20:25:06,827 [INFO] IPUIPlugin:80 - create IPUIPlugin
2025-02-24 20:25:06,827 [INFO] PluginManager:220 - loadIPPluginJar : add usart
2025-02-24 20:25:06,830 [INFO] IPUIPlugin:80 - create IPUIPlugin
2025-02-24 20:25:06,830 [INFO] PluginManager:220 - loadIPPluginJar : add usbx
2025-02-24 20:25:06,966 [FATAL] Updater:351 - Updater called before beeing initialized
2025-02-24 20:25:07,072 [INFO] RulesReader:64 - Compatibility file has been processed (297 Rules)
2025-02-24 20:25:07,103 [INFO] RulesReader:64 - Compatibility file has been processed (297 Rules)
2025-02-24 20:25:07,115 [INFO] CADModel:165 - CPN selected for project level
2025-02-24 20:25:07,115 [INFO] CADModel:114 - Register for checkConnection events
2025-02-24 20:25:07,115 [FATAL] Updater:351 - Updater called before beeing initialized
2025-02-24 20:25:07,115 [ERROR] CADModel:125 - Updater not yet initialized, retry later 
2025-02-24 20:25:07,285 [FATAL] Updater:351 - Updater called before beeing initialized
2025-02-24 20:25:07,287 [INFO] CADModel:165 - CPN selected for project level
2025-02-24 20:25:07,287 [INFO] CADModel:114 - Register for checkConnection events
2025-02-24 20:25:07,287 [FATAL] Updater:351 - Updater called before beeing initialized
2025-02-24 20:25:07,288 [ERROR] CADModel:125 - Updater not yet initialized, retry later 
2025-02-24 20:25:07,290 [FATAL] Updater:351 - Updater called before beeing initialized
2025-02-24 20:25:07,416 [FATAL] Updater:351 - Updater called before beeing initialized
2025-02-24 20:25:07,420 [INFO] DbMcusAds:53 - JSON generation date=Tue Dec 17 17:01:15 CET 2024 (1734451275111)
2025-02-24 20:25:07,420 [FATAL] Updater:351 - Updater called before beeing initialized
2025-02-24 20:25:07,461 [WARN] DetailPanel:346 - Failed to get advertising image, set to default
2025-02-24 20:25:07,724 [FATAL] Updater:351 - Updater called before beeing initialized
2025-02-24 20:25:07,725 [FATAL] Updater:351 - Updater called before beeing initialized
2025-02-24 20:25:07,725 [FATAL] Updater:351 - Updater called before beeing initialized
2025-02-24 20:25:07,725 [WARN] DetailPanel:346 - Failed to get advertising image, set to default
2025-02-24 20:25:07,727 [FATAL] Updater:351 - Updater called before beeing initialized
2025-02-24 20:25:07,792 [ERROR] Updater:1198 - MainUpdater not yet initialized. External WinMGr cannot be set.
2025-02-24 20:25:07,795 [INFO] Updater:1134 - Updater Version found : 6.13.0
2025-02-24 20:25:07,815 [INFO] ApplicationProperties:184 - Using Application install path: C:\ST\STM32CubeIDE_1.16.1\STM32CubeIDE\plugins\com.st.stm32cube.common.mx_6.13.0.202411220809
2025-02-24 20:25:09,068 [INFO] ThirdPartyUpdaterWithRetryManager:70 - Updater plugin not ready yet. [2/15]
2025-02-24 20:25:09,404 [ERROR] LogOutputStream:75 - [STDERR_REDIRECT] Feb 24, 2025 8:25:09 PM java.util.prefs.WindowsPreferences <init>
2025-02-24 20:25:09,410 [ERROR] LogOutputStream:75 - [STDERR_REDIRECT] WARNING: Could not open/create prefs root node Software\JavaSoft\Prefs at root 0xffffffff80000002. Windows RegCreateKeyEx(...) returned error code 5.
2025-02-24 20:25:09,411 [ERROR] LogOutputStream:75 - [STDERR_REDIRECT] 
2025-02-24 20:25:10,044 [INFO] MainUpdater:2872 - connection check result : 10
2025-02-24 20:25:10,046 [INFO] MainUpdater:289 - Updater Check For Update Now.
2025-02-24 20:25:10,046 [INFO] MicroXplorer:498 - Change Database Version : DB.6.0.130
2025-02-24 20:25:10,058 [INFO] McuFinderGlobals:63 - Set McuFinder mode to 2 (CubeIDE integrated)
2025-02-24 20:25:10,060 [INFO] UserAuth:486 - Internet connection configuration mode: 1
2025-02-24 20:25:10,096 [INFO] JxBrowserEngine:152 - Initiate JxBrowser Engine with user profile folder
2025-02-24 20:25:10,290 [INFO] CheckServerUpdateThread:120 - End of CheckServer Thread
2025-02-24 20:25:11,247 [INFO] WebApp:168 - Instantiating new browser for Auth
2025-02-24 20:25:12,227 [INFO] WebApp:449 - Apply proxy settings
2025-02-24 20:25:12,228 [INFO] WebApp:534 - Chromium requires no authentication
2025-02-24 20:25:12,247 [INFO] WebApp:477 - Direct internet connection detected
2025-02-24 20:25:12,289 [INFO] WebApp:880 - Register for checkConnection events
2025-02-24 20:25:12,289 [INFO] WebApp:449 - Apply proxy settings
2025-02-24 20:25:12,290 [INFO] WebApp:534 - Chromium requires no authentication
2025-02-24 20:25:12,290 [INFO] WebApp:477 - Direct internet connection detected
2025-02-24 20:25:12,461 [INFO] WebApp:187 - Connection restablished
2025-02-24 20:25:12,489 [WARN] PackLoader:240 - Cannot read IP mode file for STMicroelectronics.FP-SNS-MOTENVWB1.1.4.0
2025-02-24 20:25:12,506 [WARN] PackLoader:240 - Cannot read IP mode file for STMicroelectronics.FP-ATR-ASTRA1.2.0.1
2025-02-24 20:25:12,528 [WARN] PackLoader:240 - Cannot read IP mode file for STMicroelectronics.X-CUBE-SMBUS.2.1.0
2025-02-24 20:25:12,543 [WARN] PackLoader:240 - Cannot read IP mode file for STMicroelectronics.X-CUBE-WB05N.1.1.0
2025-02-24 20:25:12,606 [WARN] PackLoader:240 - Cannot read IP mode file for STMicroelectronics.X-CUBE-AZRTOS-F7.1.1.0
2025-02-24 20:25:12,625 [WARN] PackLoader:240 - Cannot read IP mode file for STMicroelectronics.FP-SNS-FLIGHT1.5.0.2
2025-02-24 20:25:12,711 [WARN] PackLoader:240 - Cannot read IP mode file for Infineon.AIROC-Wi-Fi-Bluetooth-STM32.1.7.0
2025-02-24 20:25:12,735 [WARN] PackLoader:240 - Cannot read IP mode file for STMicroelectronics.X-CUBE-DISPLAY.3.0.0
2025-02-24 20:25:12,762 [WARN] PackLoader:240 - Cannot read IP mode file for STMicroelectronics.X-CUBE-BLE1.7.0.0
2025-02-24 20:25:12,773 [WARN] PackLoader:240 - Cannot read IP mode file for STMicroelectronics.X-CUBE-NFC10.1.0.0
2025-02-24 20:25:12,796 [WARN] PackLoader:240 - Cannot read IP mode file for STMicroelectronics.X-CUBE-BLEMGR.4.0.0
2025-02-24 20:25:12,814 [WARN] PackLoader:240 - Cannot read IP mode file for emotas.I-CUBE-CANOPEN.1.3.0
2025-02-24 20:25:12,821 [WARN] PackLoader:240 - Cannot read IP mode file for STMicroelectronics.X-CUBE-AI.10.0.0
2025-02-24 20:25:12,828 [WARN] PackLoader:240 - Cannot read IP mode file for STMicroelectronics.FP-SNS-SMARTAG2.1.2.0
2025-02-24 20:25:12,911 [WARN] PackLoader:240 - Cannot read IP mode file for STMicroelectronics.X-CUBE-MEMS1.11.1.0
2025-02-24 20:25:12,949 [INFO] WebApp:221 - Starting web application
2025-02-24 20:25:12,949 [INFO] WebApp:579 - Web application path used C:\ST\STM32CubeIDE_1.16.1\STM32CubeIDE\plugins\com.st.stm32cube.common.mx_6.13.0.202411220809\db\plugins\mcufinder\reactClient1\index.html
2025-02-24 20:25:13,153 [INFO] LogOutputStream:77 - [STDOUT_REDIRECT] 1 : Invalid condition id : UX_CORESTACK_Condition cause : null
2025-02-24 20:25:13,154 [INFO] LogOutputStream:77 - [STDOUT_REDIRECT] 1 : Invalid condition id : UX_CORESTACK_Condition cause : null
2025-02-24 20:25:13,156 [INFO] UserAuth:486 - Internet connection configuration mode: 1
2025-02-24 20:25:13,157 [INFO] LogOutputStream:77 - [STDOUT_REDIRECT] 1 : Invalid condition id : UX_CORESTACK_Condition cause : null
2025-02-24 20:25:13,159 [INFO] LogOutputStream:77 - [STDOUT_REDIRECT] 1 : Invalid condition id : UX_CORESTACK_Condition cause : null
2025-02-24 20:25:13,160 [INFO] LogOutputStream:77 - [STDOUT_REDIRECT] 1 : Invalid condition id : UX_CORESTACK_Condition cause : null
2025-02-24 20:25:13,165 [WARN] PackLoader:240 - Cannot read IP mode file for STMicroelectronics.X-CUBE-AZRTOS-WL.2.0.0
2025-02-24 20:25:13,173 [WARN] PackLoader:240 - Cannot read IP mode file for STMicroelectronics.FP-SNS-MOTENV1.5.0.0
2025-02-24 20:25:13,181 [WARN] PackLoader:240 - Cannot read IP mode file for wolfSSL.I-CUBE-wolfMQTT.1.19.0
2025-02-24 20:25:13,194 [WARN] PackLoader:240 - Cannot read IP mode file for WES.I-CUBE-Cesium.1.3.0
2025-02-24 20:25:13,201 [WARN] PackLoader:240 - Cannot read IP mode file for STMicroelectronics.X-CUBE-BLE2.3.3.0
2025-02-24 20:25:13,210 [WARN] PackLoader:240 - Cannot read IP mode file for STMicroelectronics.X-CUBE-NFC9.1.0.0
2025-02-24 20:25:13,230 [WARN] PackLoader:240 - Cannot read IP mode file for STMicroelectronics.X-CUBE-AZRTOS-G0.1.1.0
2025-02-24 20:25:13,240 [WARN] PackLoader:240 - Cannot read IP mode file for STMicroelectronics.X-CUBE-SAFEA1.1.2.2
2025-02-24 20:25:13,248 [WARN] PackLoader:240 - Cannot read IP mode file for STMicroelectronics.X-CUBE-NFC4.3.0.0
2025-02-24 20:25:13,291 [WARN] PackLoader:240 - Cannot read IP mode file for EmbeddedOffice.I-CUBE-FS-RTOS.1.0.1
2025-02-24 20:25:13,309 [WARN] PackLoader:240 - Cannot read IP mode file for STMicroelectronics.X-CUBE-TCPP.4.2.0
2025-02-24 20:25:13,320 [WARN] PackLoader:240 - Cannot read IP mode file for RealThread.X-CUBE-RT-Thread_Nano.4.1.1
2025-02-24 20:25:13,326 [WARN] PackLoader:240 - Cannot read IP mode file for STMicroelectronics.FP-ATR-SIGFOX1.3.2.0
2025-02-24 20:25:13,333 [WARN] ConditionMgr:438 - getConditionDescription Invalid condition id : Cortex-A Device cause : null
2025-02-24 20:25:13,353 [WARN] ConditionMgr:1044 - genDependencies : Invalid condition id : Cortex-A Device cause : null
2025-02-24 20:25:13,353 [WARN] ConditionMgr:1044 - genDependencies : Invalid condition id : Cortex-A Device cause : null
2025-02-24 20:25:13,353 [WARN] ConditionMgr:1044 - genDependencies : Invalid condition id : Cortex-A Device cause : null
2025-02-24 20:25:13,364 [WARN] PackLoader:240 - Cannot read IP mode file for STMicroelectronics.X-CUBE-EEPRMA1.5.1.0
2025-02-24 20:25:13,373 [WARN] PackLoader:240 - Cannot read IP mode file for wolfSSL.I-CUBE-wolfSSL.5.7.4
2025-02-24 20:25:13,383 [WARN] PackLoader:240 - Cannot read IP mode file for ITTIA_DB.I-CUBE-ITTIADB.8.9.0
2025-02-24 20:25:13,389 [ERROR] LogOutputStream:75 - [STDERR_REDIRECT] [Fatal Error] :1:1: Premature end of file.
2025-02-24 20:25:13,389 [ERROR] LogOutputStream:75 - [STDERR_REDIRECT] 
2025-02-24 20:25:13,451 [WARN] PackLoader:240 - Cannot read IP mode file for SEGGER.I-CUBE-embOS.1.3.1
2025-02-24 20:25:13,510 [WARN] PackLoader:240 - Cannot read IP mode file for STMicroelectronics.X-CUBE-ALGOBUILD.1.4.0
2025-02-24 20:25:13,516 [WARN] PackLoader:240 - Cannot read IP mode file for STMicroelectronics.X-CUBE-AI.9.1.0
2025-02-24 20:25:13,533 [WARN] PackLoader:240 - Cannot read IP mode file for STMicroelectronics.X-CUBE-AZRTOS-F4.1.1.0
2025-02-24 20:25:13,541 [WARN] PackLoader:240 - Cannot read IP mode file for STMicroelectronics.X-CUBE-ISPU.2.1.0
2025-02-24 20:25:13,558 [WARN] PackLoader:240 - Cannot read IP mode file for STMicroelectronics.X-CUBE-AZRTOS-L5.2.0.0
2025-02-24 20:25:13,573 [WARN] PackLoader:240 - Cannot read IP mode file for STMicroelectronics.X-CUBE-NFC6.3.1.0
2025-02-24 20:25:13,581 [WARN] PackLoader:240 - Cannot read IP mode file for STMicroelectronics.X-CUBE-DPower.1.2.0
2025-02-24 20:25:13,587 [WARN] PackLoader:240 - Cannot read IP mode file for STMicroelectronics.X-CUBE-FREERTOS.1.3.0
2025-02-24 20:25:13,592 [WARN] PackLoader:240 - Cannot read IP mode file for STMicroelectronics.X-CUBE-NFC7.1.0.1
2025-02-24 20:25:13,612 [WARN] ConditionMgr:438 - getConditionDescription Invalid condition id : LAN8742 Phy interface Condition cause : null
2025-02-24 20:25:13,613 [WARN] PackLoader:240 - Cannot read IP mode file for STMicroelectronics.X-CUBE-AZRTOS-L4.2.0.0
2025-02-24 20:25:13,614 [WARN] ConditionMgr:1044 - genDependencies : Invalid condition id : LAN8742 Phy interface Condition cause : null
2025-02-24 20:25:13,614 [WARN] ConditionMgr:1044 - genDependencies : Invalid condition id : LAN8742 Phy interface Condition cause : null
2025-02-24 20:25:13,615 [WARN] ConditionMgr:1044 - genDependencies : Invalid condition id : LAN8742 Phy interface Condition cause : null
2025-02-24 20:25:13,621 [WARN] PackLoader:240 - Cannot read IP mode file for STMicroelectronics.X-CUBE-SFXS2LP1.4.0.0
2025-02-24 20:25:13,639 [WARN] PackLoader:240 - Cannot read IP mode file for STMicroelectronics.X-CUBE-AZRTOS-H7.3.3.0
2025-02-24 20:25:13,656 [WARN] ConditionMgr:438 - getConditionDescription Invalid condition id : UX DEVICE CLASS RTOS Condition cause : null
2025-02-24 20:25:13,656 [WARN] ConditionMgr:438 - getConditionDescription Invalid condition id : UX DEVICE CLASS RTOS Condition cause : null
2025-02-24 20:25:13,657 [WARN] PackLoader:240 - Cannot read IP mode file for STMicroelectronics.X-CUBE-AZRTOS-WB.2.0.0
2025-02-24 20:25:13,657 [WARN] ConditionMgr:1044 - genDependencies : Invalid condition id : UX DEVICE CLASS RTOS Condition cause : null
2025-02-24 20:25:13,657 [WARN] ConditionMgr:1044 - genDependencies : Invalid condition id : UX DEVICE CLASS RTOS Condition cause : null
2025-02-24 20:25:13,658 [WARN] ConditionMgr:1044 - genDependencies : Invalid condition id : UX DEVICE CLASS RTOS Condition cause : null
2025-02-24 20:25:13,658 [WARN] ConditionMgr:1044 - genDependencies : Invalid condition id : UX DEVICE CLASS RTOS Condition cause : null
2025-02-24 20:25:13,658 [WARN] ConditionMgr:1044 - genDependencies : Invalid condition id : UX DEVICE CLASS RTOS Condition cause : null
2025-02-24 20:25:13,665 [WARN] PackLoader:240 - Cannot read IP mode file for STMicroelectronics.X-CUBE-GNSS1.7.0.1
2025-02-24 20:25:13,671 [WARN] PackLoader:240 - Cannot read IP mode file for STMicroelectronics.FP-SNS-STBOX1.2.0.0
2025-02-24 20:25:13,683 [WARN] PackLoader:240 - Cannot read IP mode file for STMicroelectronics.X-CUBE-SUBG2.5.0.0
2025-02-24 20:25:13,691 [WARN] PackLoader:240 - Cannot read IP mode file for Cesanta.I-CUBE-Mongoose.7.13.0
2025-02-24 20:25:13,701 [WARN] PackLoader:240 - Cannot read IP mode file for STMicroelectronics.X-CUBE-AZRTOS-G4.2.0.0
2025-02-24 20:25:13,714 [WARN] PackLoader:240 - Cannot read IP mode file for STMicroelectronics.X-CUBE-IPS.3.1.0
2025-02-24 20:25:13,722 [WARN] PackLoader:240 - Cannot read IP mode file for STMicroelectronics.X-CUBE-ALS.1.0.2
2025-02-24 20:25:13,752 [WARN] PackLoader:240 - Cannot read IP mode file for STMicroelectronics.X-CUBE-MEMS1.10.0.0
2025-02-24 20:25:14,103 [WARN] PackLoader:240 - Cannot read IP mode file for STMicroelectronics.X-CUBE-TOUCHGFX.4.24.2
2025-02-24 20:25:14,107 [WARN] PackLoader:240 - Cannot read IP mode file for wolfSSL.I-CUBE-wolfTPM.3.4.0
2025-02-24 20:25:14,114 [WARN] PackLoader:240 - Cannot read IP mode file for portGmbH.I-Cube-SoM-uGOAL.1.1.0
2025-02-24 20:25:14,133 [WARN] PackLoader:240 - Cannot read IP mode file for STMicroelectronics.X-CUBE-AZRTOS-H7RS.1.0.0
2025-02-24 20:25:14,145 [WARN] PackLoader:240 - Cannot read IP mode file for STMicroelectronics.X-CUBE-TOF1.3.4.2
2025-02-24 20:25:14,156 [WARN] PackLoader:240 - Cannot read IP mode file for wolfSSL.I-CUBE-wolfSSH.1.4.17
2025-02-24 20:25:14,156 [INFO] ThirdParty:978 - Integrity check success = true
2025-02-24 20:25:14,156 [INFO] IntegrityCheckThread:100 - exiting critical section [integrity check]
2025-02-24 20:25:14,156 [INFO] IntegrityCheckThread:103 - End integrity checks thread
2025-02-24 20:25:14,265 [ERROR] LogOutputStream:75 - [STDERR_REDIRECT] [Fatal Error] :1:1: Premature end of file.
2025-02-24 20:25:14,265 [ERROR] LogOutputStream:75 - [STDERR_REDIRECT] 
2025-02-24 20:25:15,283 [ERROR] LogOutputStream:75 - [STDERR_REDIRECT] [Fatal Error] :1:1: Premature end of file.
2025-02-24 20:25:15,283 [ERROR] LogOutputStream:75 - [STDERR_REDIRECT] 
2025-02-24 20:25:16,277 [ERROR] LogOutputStream:75 - [STDERR_REDIRECT] [Fatal Error] :1:1: Premature end of file.
2025-02-24 20:25:16,277 [ERROR] LogOutputStream:75 - [STDERR_REDIRECT] 
2025-02-24 20:25:17,283 [ERROR] LogOutputStream:75 - [STDERR_REDIRECT] [Fatal Error] :1:1: Premature end of file.
2025-02-24 20:25:17,284 [ERROR] LogOutputStream:75 - [STDERR_REDIRECT] 
2025-02-24 20:25:18,288 [ERROR] LogOutputStream:75 - [STDERR_REDIRECT] [Fatal Error] :1:1: Premature end of file.
2025-02-24 20:25:18,288 [ERROR] LogOutputStream:75 - [STDERR_REDIRECT] 
2025-02-24 20:25:19,401 [ERROR] LogOutputStream:75 - [STDERR_REDIRECT] [Fatal Error] :1:1: Premature end of file.
2025-02-24 20:25:19,401 [ERROR] LogOutputStream:75 - [STDERR_REDIRECT] 
2025-02-24 20:25:20,258 [ERROR] LogOutputStream:75 - [STDERR_REDIRECT] [Fatal Error] :1:1: Premature end of file.
2025-02-24 20:25:20,258 [ERROR] LogOutputStream:75 - [STDERR_REDIRECT] 
2025-02-24 20:25:21,333 [ERROR] LogOutputStream:75 - [STDERR_REDIRECT] [Fatal Error] :1:1: Premature end of file.
2025-02-24 20:25:21,333 [ERROR] LogOutputStream:75 - [STDERR_REDIRECT] 
2025-02-24 20:25:22,273 [ERROR] LogOutputStream:75 - [STDERR_REDIRECT] [Fatal Error] :1:1: Premature end of file.
2025-02-24 20:25:22,273 [ERROR] LogOutputStream:75 - [STDERR_REDIRECT] 
2025-02-24 20:25:23,259 [ERROR] LogOutputStream:75 - [STDERR_REDIRECT] [Fatal Error] :1:1: Premature end of file.
2025-02-24 20:25:23,259 [ERROR] LogOutputStream:75 - [STDERR_REDIRECT] 
2025-02-24 20:25:24,283 [ERROR] LogOutputStream:75 - [STDERR_REDIRECT] [Fatal Error] :1:1: Premature end of file.
2025-02-24 20:25:24,283 [ERROR] LogOutputStream:75 - [STDERR_REDIRECT] 
2025-02-24 20:25:25,384 [ERROR] LogOutputStream:75 - [STDERR_REDIRECT] [Fatal Error] :1:1: Premature end of file.
2025-02-24 20:25:25,384 [ERROR] LogOutputStream:75 - [STDERR_REDIRECT] 
2025-02-24 20:25:26,259 [ERROR] LogOutputStream:75 - [STDERR_REDIRECT] [Fatal Error] :1:1: Premature end of file.
2025-02-24 20:25:26,260 [ERROR] LogOutputStream:75 - [STDERR_REDIRECT] 
2025-02-24 20:25:27,267 [ERROR] LogOutputStream:75 - [STDERR_REDIRECT] [Fatal Error] :1:1: Premature end of file.
2025-02-24 20:25:27,267 [ERROR] LogOutputStream:75 - [STDERR_REDIRECT] 
2025-02-24 20:25:28,288 [ERROR] LogOutputStream:75 - [STDERR_REDIRECT] [Fatal Error] :1:1: Premature end of file.
2025-02-24 20:25:28,288 [ERROR] LogOutputStream:75 - [STDERR_REDIRECT] 
2025-02-24 20:25:29,360 [ERROR] LogOutputStream:75 - [STDERR_REDIRECT] [Fatal Error] :1:1: Premature end of file.
2025-02-24 20:25:29,360 [ERROR] LogOutputStream:75 - [STDERR_REDIRECT] 
2025-02-24 20:25:30,261 [ERROR] LogOutputStream:75 - [STDERR_REDIRECT] [Fatal Error] :1:1: Premature end of file.
2025-02-24 20:25:30,261 [ERROR] LogOutputStream:75 - [STDERR_REDIRECT] 
2025-02-24 20:25:31,257 [ERROR] LogOutputStream:75 - [STDERR_REDIRECT] [Fatal Error] :1:1: Premature end of file.
2025-02-24 20:25:31,257 [ERROR] LogOutputStream:75 - [STDERR_REDIRECT] 
2025-02-24 20:25:32,269 [ERROR] LogOutputStream:75 - [STDERR_REDIRECT] [Fatal Error] :1:1: Premature end of file.
2025-02-24 20:25:32,269 [ERROR] LogOutputStream:75 - [STDERR_REDIRECT] 
2025-02-24 20:25:33,261 [ERROR] LogOutputStream:75 - [STDERR_REDIRECT] [Fatal Error] :1:1: Premature end of file.
2025-02-24 20:25:33,261 [ERROR] LogOutputStream:75 - [STDERR_REDIRECT] 
2025-02-24 20:25:34,275 [ERROR] LogOutputStream:75 - [STDERR_REDIRECT] [Fatal Error] :1:1: Premature end of file.
2025-02-24 20:25:34,275 [ERROR] LogOutputStream:75 - [STDERR_REDIRECT] 
2025-02-24 20:25:35,282 [ERROR] LogOutputStream:75 - [STDERR_REDIRECT] [Fatal Error] :1:1: Premature end of file.
2025-02-24 20:25:35,282 [ERROR] LogOutputStream:75 - [STDERR_REDIRECT] 
2025-02-24 20:25:36,257 [ERROR] LogOutputStream:75 - [STDERR_REDIRECT] [Fatal Error] :1:1: Premature end of file.
2025-02-24 20:25:36,257 [ERROR] LogOutputStream:75 - [STDERR_REDIRECT] 
2025-02-24 20:25:37,260 [ERROR] LogOutputStream:75 - [STDERR_REDIRECT] [Fatal Error] :1:1: Premature end of file.
2025-02-24 20:25:37,260 [ERROR] LogOutputStream:75 - [STDERR_REDIRECT] 
2025-02-24 20:25:38,411 [ERROR] LogOutputStream:75 - [STDERR_REDIRECT] [Fatal Error] :1:1: Premature end of file.
2025-02-24 20:25:38,412 [ERROR] LogOutputStream:75 - [STDERR_REDIRECT] 
2025-02-24 20:25:39,256 [ERROR] LogOutputStream:75 - [STDERR_REDIRECT] [Fatal Error] :1:1: Premature end of file.
2025-02-24 20:25:39,257 [ERROR] LogOutputStream:75 - [STDERR_REDIRECT] 
2025-02-24 20:25:40,275 [ERROR] LogOutputStream:75 - [STDERR_REDIRECT] [Fatal Error] :1:1: Premature end of file.
2025-02-24 20:25:40,275 [ERROR] LogOutputStream:75 - [STDERR_REDIRECT] 
2025-02-24 20:25:41,267 [ERROR] LogOutputStream:75 - [STDERR_REDIRECT] [Fatal Error] :1:1: Premature end of file.
2025-02-24 20:25:41,267 [ERROR] LogOutputStream:75 - [STDERR_REDIRECT] 
2025-02-24 20:25:42,324 [ERROR] LogOutputStream:75 - [STDERR_REDIRECT] [Fatal Error] :1:1: Premature end of file.
2025-02-24 20:25:42,325 [ERROR] LogOutputStream:75 - [STDERR_REDIRECT] 
2025-02-24 20:25:43,273 [ERROR] LogOutputStream:75 - [STDERR_REDIRECT] [Fatal Error] :1:1: Premature end of file.
2025-02-24 20:25:43,273 [ERROR] LogOutputStream:75 - [STDERR_REDIRECT] 
2025-02-24 20:25:44,257 [ERROR] LogOutputStream:75 - [STDERR_REDIRECT] [Fatal Error] :1:1: Premature end of file.
2025-02-24 20:25:44,257 [ERROR] LogOutputStream:75 - [STDERR_REDIRECT] 
2025-02-24 20:25:45,981 [ERROR] LogOutputStream:75 - [STDERR_REDIRECT] [Fatal Error] :1:1: Premature end of file.
2025-02-24 20:25:45,981 [ERROR] LogOutputStream:75 - [STDERR_REDIRECT] 
2025-02-24 20:25:46,284 [ERROR] LogOutputStream:75 - [STDERR_REDIRECT] [Fatal Error] :1:1: Premature end of file.
2025-02-24 20:25:46,285 [ERROR] LogOutputStream:75 - [STDERR_REDIRECT] 
2025-02-24 20:25:47,282 [ERROR] LogOutputStream:75 - [STDERR_REDIRECT] [Fatal Error] :1:1: Premature end of file.
2025-02-24 20:25:47,283 [ERROR] LogOutputStream:75 - [STDERR_REDIRECT] 
2025-02-24 20:25:48,269 [ERROR] LogOutputStream:75 - [STDERR_REDIRECT] [Fatal Error] :1:1: Premature end of file.
2025-02-24 20:25:48,269 [ERROR] LogOutputStream:75 - [STDERR_REDIRECT] 
2025-02-24 20:25:49,327 [ERROR] LogOutputStream:75 - [STDERR_REDIRECT] [Fatal Error] :1:1: Premature end of file.
2025-02-24 20:25:49,327 [ERROR] LogOutputStream:75 - [STDERR_REDIRECT] 
2025-02-24 20:25:50,281 [ERROR] LogOutputStream:75 - [STDERR_REDIRECT] [Fatal Error] :1:1: Premature end of file.
2025-02-24 20:25:50,281 [ERROR] LogOutputStream:75 - [STDERR_REDIRECT] 
2025-02-24 20:25:51,258 [ERROR] LogOutputStream:75 - [STDERR_REDIRECT] [Fatal Error] :1:1: Premature end of file.
2025-02-24 20:25:51,259 [ERROR] LogOutputStream:75 - [STDERR_REDIRECT] 
2025-02-24 20:25:52,262 [ERROR] LogOutputStream:75 - [STDERR_REDIRECT] [Fatal Error] :1:1: Premature end of file.
2025-02-24 20:25:52,263 [ERROR] LogOutputStream:75 - [STDERR_REDIRECT] 
2025-02-24 20:25:53,275 [ERROR] LogOutputStream:75 - [STDERR_REDIRECT] [Fatal Error] :1:1: Premature end of file.
2025-02-24 20:25:53,276 [ERROR] LogOutputStream:75 - [STDERR_REDIRECT] 
2025-02-24 20:25:54,257 [ERROR] LogOutputStream:75 - [STDERR_REDIRECT] [Fatal Error] :1:1: Premature end of file.
2025-02-24 20:25:54,257 [ERROR] LogOutputStream:75 - [STDERR_REDIRECT] 
2025-02-24 20:25:55,272 [ERROR] LogOutputStream:75 - [STDERR_REDIRECT] [Fatal Error] :1:1: Premature end of file.
2025-02-24 20:25:55,272 [ERROR] LogOutputStream:75 - [STDERR_REDIRECT] 
2025-02-24 20:25:56,265 [ERROR] LogOutputStream:75 - [STDERR_REDIRECT] [Fatal Error] :1:1: Premature end of file.
2025-02-24 20:25:56,265 [ERROR] LogOutputStream:75 - [STDERR_REDIRECT] 
2025-02-24 20:25:57,259 [ERROR] LogOutputStream:75 - [STDERR_REDIRECT] [Fatal Error] :1:1: Premature end of file.
2025-02-24 20:25:57,259 [ERROR] LogOutputStream:75 - [STDERR_REDIRECT] 
2025-02-24 20:25:58,282 [ERROR] LogOutputStream:75 - [STDERR_REDIRECT] [Fatal Error] :1:1: Premature end of file.
2025-02-24 20:25:58,282 [ERROR] LogOutputStream:75 - [STDERR_REDIRECT] 
2025-02-24 20:25:59,277 [ERROR] LogOutputStream:75 - [STDERR_REDIRECT] [Fatal Error] :1:1: Premature end of file.
2025-02-24 20:25:59,277 [ERROR] LogOutputStream:75 - [STDERR_REDIRECT] 
2025-02-24 20:26:00,318 [ERROR] LogOutputStream:75 - [STDERR_REDIRECT] [Fatal Error] :1:1: Premature end of file.
2025-02-24 20:26:00,319 [ERROR] LogOutputStream:75 - [STDERR_REDIRECT] 
2025-02-24 20:26:01,272 [ERROR] LogOutputStream:75 - [STDERR_REDIRECT] [Fatal Error] :1:1: Premature end of file.
2025-02-24 20:26:01,272 [ERROR] LogOutputStream:75 - [STDERR_REDIRECT] 
2025-02-24 20:26:02,258 [ERROR] LogOutputStream:75 - [STDERR_REDIRECT] [Fatal Error] :1:1: Premature end of file.
2025-02-24 20:26:02,258 [ERROR] LogOutputStream:75 - [STDERR_REDIRECT] 
2025-02-24 20:26:03,266 [ERROR] LogOutputStream:75 - [STDERR_REDIRECT] [Fatal Error] :1:1: Premature end of file.
2025-02-24 20:26:03,266 [ERROR] LogOutputStream:75 - [STDERR_REDIRECT] 
2025-02-24 20:26:04,264 [ERROR] LogOutputStream:75 - [STDERR_REDIRECT] [Fatal Error] :1:1: Premature end of file.
2025-02-24 20:26:04,264 [ERROR] LogOutputStream:75 - [STDERR_REDIRECT] 
2025-02-24 20:26:05,283 [ERROR] LogOutputStream:75 - [STDERR_REDIRECT] [Fatal Error] :1:1: Premature end of file.
2025-02-24 20:26:05,283 [ERROR] LogOutputStream:75 - [STDERR_REDIRECT] 
2025-02-24 20:26:06,255 [ERROR] LogOutputStream:75 - [STDERR_REDIRECT] [Fatal Error] :1:1: Premature end of file.
2025-02-24 20:26:06,256 [ERROR] LogOutputStream:75 - [STDERR_REDIRECT] 
2025-02-24 20:26:07,393 [ERROR] LogOutputStream:75 - [STDERR_REDIRECT] [Fatal Error] :1:1: Premature end of file.
2025-02-24 20:26:07,393 [ERROR] LogOutputStream:75 - [STDERR_REDIRECT] 
2025-02-24 20:26:08,259 [ERROR] LogOutputStream:75 - [STDERR_REDIRECT] [Fatal Error] :1:1: Premature end of file.
2025-02-24 20:26:08,260 [ERROR] LogOutputStream:75 - [STDERR_REDIRECT] 
2025-02-24 20:26:09,390 [ERROR] LogOutputStream:75 - [STDERR_REDIRECT] [Fatal Error] :1:1: Premature end of file.
2025-02-24 20:26:09,390 [ERROR] LogOutputStream:75 - [STDERR_REDIRECT] 
2025-02-24 20:26:10,263 [ERROR] LogOutputStream:75 - [STDERR_REDIRECT] [Fatal Error] :1:1: Premature end of file.
2025-02-24 20:26:10,263 [ERROR] LogOutputStream:75 - [STDERR_REDIRECT] 
2025-02-24 20:26:11,340 [ERROR] LogOutputStream:75 - [STDERR_REDIRECT] [Fatal Error] :1:1: Premature end of file.
2025-02-24 20:26:11,340 [ERROR] LogOutputStream:75 - [STDERR_REDIRECT] 
2025-02-24 20:26:12,278 [ERROR] LogOutputStream:75 - [STDERR_REDIRECT] [Fatal Error] :1:1: Premature end of file.
2025-02-24 20:26:12,278 [ERROR] LogOutputStream:75 - [STDERR_REDIRECT] 
2025-02-24 20:26:13,267 [ERROR] LogOutputStream:75 - [STDERR_REDIRECT] [Fatal Error] :1:1: Premature end of file.
2025-02-24 20:26:13,267 [ERROR] LogOutputStream:75 - [STDERR_REDIRECT] 
2025-02-24 20:26:14,265 [ERROR] LogOutputStream:75 - [STDERR_REDIRECT] [Fatal Error] :1:1: Premature end of file.
2025-02-24 20:26:14,265 [ERROR] LogOutputStream:75 - [STDERR_REDIRECT] 
2025-02-24 20:26:15,276 [ERROR] LogOutputStream:75 - [STDERR_REDIRECT] [Fatal Error] :1:1: Premature end of file.
2025-02-24 20:26:15,277 [ERROR] LogOutputStream:75 - [STDERR_REDIRECT] 
2025-02-24 20:26:16,271 [ERROR] LogOutputStream:75 - [STDERR_REDIRECT] [Fatal Error] :1:1: Premature end of file.
2025-02-24 20:26:16,272 [ERROR] LogOutputStream:75 - [STDERR_REDIRECT] 
2025-02-24 20:26:17,312 [ERROR] LogOutputStream:75 - [STDERR_REDIRECT] [Fatal Error] :1:1: Premature end of file.
2025-02-24 20:26:17,313 [ERROR] LogOutputStream:75 - [STDERR_REDIRECT] 
2025-02-24 20:26:18,270 [ERROR] LogOutputStream:75 - [STDERR_REDIRECT] [Fatal Error] :1:1: Premature end of file.
2025-02-24 20:26:18,270 [ERROR] LogOutputStream:75 - [STDERR_REDIRECT] 
2025-02-24 20:26:19,275 [ERROR] LogOutputStream:75 - [STDERR_REDIRECT] [Fatal Error] :1:1: Premature end of file.
2025-02-24 20:26:19,275 [ERROR] LogOutputStream:75 - [STDERR_REDIRECT] 
2025-02-24 20:26:20,267 [ERROR] LogOutputStream:75 - [STDERR_REDIRECT] [Fatal Error] :1:1: Premature end of file.
2025-02-24 20:26:20,267 [ERROR] LogOutputStream:75 - [STDERR_REDIRECT] 
2025-02-24 20:26:21,271 [ERROR] LogOutputStream:75 - [STDERR_REDIRECT] [Fatal Error] :1:1: Premature end of file.
2025-02-24 20:26:21,271 [ERROR] LogOutputStream:75 - [STDERR_REDIRECT] 
2025-02-24 20:26:22,267 [ERROR] LogOutputStream:75 - [STDERR_REDIRECT] [Fatal Error] :1:1: Premature end of file.
2025-02-24 20:26:22,267 [ERROR] LogOutputStream:75 - [STDERR_REDIRECT] 
2025-02-24 20:26:23,271 [ERROR] LogOutputStream:75 - [STDERR_REDIRECT] [Fatal Error] :1:1: Premature end of file.
2025-02-24 20:26:23,271 [ERROR] LogOutputStream:75 - [STDERR_REDIRECT] 
2025-02-24 20:26:24,345 [ERROR] LogOutputStream:75 - [STDERR_REDIRECT] [Fatal Error] :1:1: Premature end of file.
2025-02-24 20:26:24,345 [ERROR] LogOutputStream:75 - [STDERR_REDIRECT] 
2025-02-24 20:26:25,317 [ERROR] LogOutputStream:75 - [STDERR_REDIRECT] [Fatal Error] :1:1: Premature end of file.
2025-02-24 20:26:25,317 [ERROR] LogOutputStream:75 - [STDERR_REDIRECT] 
2025-02-24 20:26:26,399 [ERROR] LogOutputStream:75 - [STDERR_REDIRECT] [Fatal Error] :1:1: Premature end of file.
2025-02-24 20:26:26,400 [ERROR] LogOutputStream:75 - [STDERR_REDIRECT] 
2025-02-24 20:26:27,287 [ERROR] LogOutputStream:75 - [STDERR_REDIRECT] [Fatal Error] :1:1: Premature end of file.
2025-02-24 20:26:27,287 [ERROR] LogOutputStream:75 - [STDERR_REDIRECT] 
2025-02-24 20:26:28,283 [ERROR] LogOutputStream:75 - [STDERR_REDIRECT] [Fatal Error] :1:1: Premature end of file.
2025-02-24 20:26:28,283 [ERROR] LogOutputStream:75 - [STDERR_REDIRECT] 
2025-02-24 20:26:29,414 [ERROR] LogOutputStream:75 - [STDERR_REDIRECT] [Fatal Error] :1:1: Premature end of file.
2025-02-24 20:26:29,415 [ERROR] LogOutputStream:75 - [STDERR_REDIRECT] 
2025-02-24 20:26:30,403 [ERROR] LogOutputStream:75 - [STDERR_REDIRECT] [Fatal Error] :1:1: Premature end of file.
2025-02-24 20:26:30,404 [ERROR] LogOutputStream:75 - [STDERR_REDIRECT] 
2025-02-24 20:26:31,258 [ERROR] LogOutputStream:75 - [STDERR_REDIRECT] [Fatal Error] :1:1: Premature end of file.
2025-02-24 20:26:31,258 [ERROR] LogOutputStream:75 - [STDERR_REDIRECT] 
2025-02-24 20:26:32,276 [ERROR] LogOutputStream:75 - [STDERR_REDIRECT] [Fatal Error] :1:1: Premature end of file.
2025-02-24 20:26:32,277 [ERROR] LogOutputStream:75 - [STDERR_REDIRECT] 
2025-02-24 20:26:33,258 [ERROR] LogOutputStream:75 - [STDERR_REDIRECT] [Fatal Error] :1:1: Premature end of file.
2025-02-24 20:26:33,258 [ERROR] LogOutputStream:75 - [STDERR_REDIRECT] 
2025-02-24 20:26:34,256 [ERROR] LogOutputStream:75 - [STDERR_REDIRECT] [Fatal Error] :1:1: Premature end of file.
2025-02-24 20:26:34,256 [ERROR] LogOutputStream:75 - [STDERR_REDIRECT] 
2025-02-24 20:26:35,257 [ERROR] LogOutputStream:75 - [STDERR_REDIRECT] [Fatal Error] :1:1: Premature end of file.
2025-02-24 20:26:35,257 [ERROR] LogOutputStream:75 - [STDERR_REDIRECT] 
2025-02-24 20:26:36,258 [ERROR] LogOutputStream:75 - [STDERR_REDIRECT] [Fatal Error] :1:1: Premature end of file.
2025-02-24 20:26:36,258 [ERROR] LogOutputStream:75 - [STDERR_REDIRECT] 
2025-02-24 20:26:37,257 [ERROR] LogOutputStream:75 - [STDERR_REDIRECT] [Fatal Error] :1:1: Premature end of file.
2025-02-24 20:26:37,257 [ERROR] LogOutputStream:75 - [STDERR_REDIRECT] 
2025-02-24 20:26:38,421 [ERROR] LogOutputStream:75 - [STDERR_REDIRECT] [Fatal Error] :1:1: Premature end of file.
2025-02-24 20:26:38,421 [ERROR] LogOutputStream:75 - [STDERR_REDIRECT] 
2025-02-24 20:26:39,256 [ERROR] LogOutputStream:75 - [STDERR_REDIRECT] [Fatal Error] :1:1: Premature end of file.
2025-02-24 20:26:39,256 [ERROR] LogOutputStream:75 - [STDERR_REDIRECT] 
2025-02-24 20:26:40,353 [ERROR] LogOutputStream:75 - [STDERR_REDIRECT] [Fatal Error] :1:1: Premature end of file.
2025-02-24 20:26:40,353 [ERROR] LogOutputStream:75 - [STDERR_REDIRECT] 
2025-02-24 20:26:41,260 [ERROR] LogOutputStream:75 - [STDERR_REDIRECT] [Fatal Error] :1:1: Premature end of file.
2025-02-24 20:26:41,260 [ERROR] LogOutputStream:75 - [STDERR_REDIRECT] 
2025-02-24 20:26:42,258 [ERROR] LogOutputStream:75 - [STDERR_REDIRECT] [Fatal Error] :1:1: Premature end of file.
2025-02-24 20:26:42,258 [ERROR] LogOutputStream:75 - [STDERR_REDIRECT] 
2025-02-24 20:26:43,257 [ERROR] LogOutputStream:75 - [STDERR_REDIRECT] [Fatal Error] :1:1: Premature end of file.
2025-02-24 20:26:43,257 [ERROR] LogOutputStream:75 - [STDERR_REDIRECT] 
2025-02-24 20:26:44,256 [ERROR] LogOutputStream:75 - [STDERR_REDIRECT] [Fatal Error] :1:1: Premature end of file.
2025-02-24 20:26:44,256 [ERROR] LogOutputStream:75 - [STDERR_REDIRECT] 
2025-02-24 20:26:45,280 [ERROR] LogOutputStream:75 - [STDERR_REDIRECT] [Fatal Error] :1:1: Premature end of file.
2025-02-24 20:26:45,280 [ERROR] LogOutputStream:75 - [STDERR_REDIRECT] 
2025-02-24 20:26:46,259 [ERROR] LogOutputStream:75 - [STDERR_REDIRECT] [Fatal Error] :1:1: Premature end of file.
2025-02-24 20:26:46,259 [ERROR] LogOutputStream:75 - [STDERR_REDIRECT] 
2025-02-24 20:26:47,268 [ERROR] LogOutputStream:75 - [STDERR_REDIRECT] [Fatal Error] :1:1: Premature end of file.
2025-02-24 20:26:47,268 [ERROR] LogOutputStream:75 - [STDERR_REDIRECT] 
2025-02-24 20:26:48,298 [ERROR] LogOutputStream:75 - [STDERR_REDIRECT] [Fatal Error] :1:1: Premature end of file.
2025-02-24 20:26:48,298 [ERROR] LogOutputStream:75 - [STDERR_REDIRECT] 
2025-02-24 20:26:49,383 [ERROR] LogOutputStream:75 - [STDERR_REDIRECT] [Fatal Error] :1:1: Premature end of file.
2025-02-24 20:26:49,384 [ERROR] LogOutputStream:75 - [STDERR_REDIRECT] 
2025-02-24 20:26:50,256 [ERROR] LogOutputStream:75 - [STDERR_REDIRECT] [Fatal Error] :1:1: Premature end of file.
2025-02-24 20:26:50,257 [ERROR] LogOutputStream:75 - [STDERR_REDIRECT] 
2025-02-24 20:26:51,411 [ERROR] LogOutputStream:75 - [STDERR_REDIRECT] [Fatal Error] :1:1: Premature end of file.
2025-02-24 20:26:51,412 [ERROR] LogOutputStream:75 - [STDERR_REDIRECT] 
2025-02-24 20:26:52,287 [ERROR] LogOutputStream:75 - [STDERR_REDIRECT] [Fatal Error] :1:1: Premature end of file.
2025-02-24 20:26:52,288 [ERROR] LogOutputStream:75 - [STDERR_REDIRECT] 
2025-02-24 20:26:53,263 [ERROR] LogOutputStream:75 - [STDERR_REDIRECT] [Fatal Error] :1:1: Premature end of file.
2025-02-24 20:26:53,263 [ERROR] LogOutputStream:75 - [STDERR_REDIRECT] 
2025-02-24 20:26:54,261 [ERROR] LogOutputStream:75 - [STDERR_REDIRECT] [Fatal Error] :1:1: Premature end of file.
2025-02-24 20:26:54,261 [ERROR] LogOutputStream:75 - [STDERR_REDIRECT] 
2025-02-24 20:26:55,257 [ERROR] LogOutputStream:75 - [STDERR_REDIRECT] [Fatal Error] :1:1: Premature end of file.
2025-02-24 20:26:55,257 [ERROR] LogOutputStream:75 - [STDERR_REDIRECT] 
2025-02-24 20:26:56,262 [ERROR] LogOutputStream:75 - [STDERR_REDIRECT] [Fatal Error] :1:1: Premature end of file.
2025-02-24 20:26:56,262 [ERROR] LogOutputStream:75 - [STDERR_REDIRECT] 
2025-02-24 20:26:57,258 [ERROR] LogOutputStream:75 - [STDERR_REDIRECT] [Fatal Error] :1:1: Premature end of file.
2025-02-24 20:26:57,258 [ERROR] LogOutputStream:75 - [STDERR_REDIRECT] 
2025-02-24 20:26:58,280 [ERROR] LogOutputStream:75 - [STDERR_REDIRECT] [Fatal Error] :1:1: Premature end of file.
2025-02-24 20:26:58,280 [ERROR] LogOutputStream:75 - [STDERR_REDIRECT] 
2025-02-24 20:26:59,263 [ERROR] LogOutputStream:75 - [STDERR_REDIRECT] [Fatal Error] :1:1: Premature end of file.
2025-02-24 20:26:59,264 [ERROR] LogOutputStream:75 - [STDERR_REDIRECT] 
2025-02-24 20:27:00,257 [ERROR] LogOutputStream:75 - [STDERR_REDIRECT] [Fatal Error] :1:1: Premature end of file.
2025-02-24 20:27:00,257 [ERROR] LogOutputStream:75 - [STDERR_REDIRECT] 
2025-02-24 20:27:01,264 [ERROR] LogOutputStream:75 - [STDERR_REDIRECT] [Fatal Error] :1:1: Premature end of file.
2025-02-24 20:27:01,265 [ERROR] LogOutputStream:75 - [STDERR_REDIRECT] 
2025-02-24 20:27:02,264 [ERROR] LogOutputStream:75 - [STDERR_REDIRECT] [Fatal Error] :1:1: Premature end of file.
2025-02-24 20:27:02,265 [ERROR] LogOutputStream:75 - [STDERR_REDIRECT] 
2025-02-24 20:27:03,257 [ERROR] LogOutputStream:75 - [STDERR_REDIRECT] [Fatal Error] :1:1: Premature end of file.
2025-02-24 20:27:03,257 [ERROR] LogOutputStream:75 - [STDERR_REDIRECT] 
2025-02-24 20:27:04,284 [ERROR] LogOutputStream:75 - [STDERR_REDIRECT] [Fatal Error] :1:1: Premature end of file.
2025-02-24 20:27:04,284 [ERROR] LogOutputStream:75 - [STDERR_REDIRECT] 
2025-02-24 20:27:05,279 [ERROR] LogOutputStream:75 - [STDERR_REDIRECT] [Fatal Error] :1:1: Premature end of file.
2025-02-24 20:27:05,279 [ERROR] LogOutputStream:75 - [STDERR_REDIRECT] 
2025-02-24 20:27:06,258 [ERROR] LogOutputStream:75 - [STDERR_REDIRECT] [Fatal Error] :1:1: Premature end of file.
2025-02-24 20:27:06,259 [ERROR] LogOutputStream:75 - [STDERR_REDIRECT] 
2025-02-24 20:27:07,284 [ERROR] LogOutputStream:75 - [STDERR_REDIRECT] [Fatal Error] :1:1: Premature end of file.
2025-02-24 20:27:07,284 [ERROR] LogOutputStream:75 - [STDERR_REDIRECT] 
2025-02-24 20:27:08,277 [ERROR] LogOutputStream:75 - [STDERR_REDIRECT] [Fatal Error] :1:1: Premature end of file.
2025-02-24 20:27:08,278 [ERROR] LogOutputStream:75 - [STDERR_REDIRECT] 
2025-02-24 20:27:09,267 [ERROR] LogOutputStream:75 - [STDERR_REDIRECT] [Fatal Error] :1:1: Premature end of file.
2025-02-24 20:27:09,267 [ERROR] LogOutputStream:75 - [STDERR_REDIRECT] 
2025-02-24 20:27:10,261 [ERROR] LogOutputStream:75 - [STDERR_REDIRECT] [Fatal Error] :1:1: Premature end of file.
2025-02-24 20:27:10,262 [ERROR] LogOutputStream:75 - [STDERR_REDIRECT] 
2025-02-24 20:27:11,261 [ERROR] LogOutputStream:75 - [STDERR_REDIRECT] [Fatal Error] :1:1: Premature end of file.
2025-02-24 20:27:11,262 [ERROR] LogOutputStream:75 - [STDERR_REDIRECT] 
2025-02-24 20:27:12,259 [ERROR] LogOutputStream:75 - [STDERR_REDIRECT] [Fatal Error] :1:1: Premature end of file.
2025-02-24 20:27:12,259 [ERROR] LogOutputStream:75 - [STDERR_REDIRECT] 
2025-02-24 20:27:13,269 [ERROR] LogOutputStream:75 - [STDERR_REDIRECT] [Fatal Error] :1:1: Premature end of file.
2025-02-24 20:27:13,270 [ERROR] LogOutputStream:75 - [STDERR_REDIRECT] 
2025-02-24 20:27:14,265 [ERROR] LogOutputStream:75 - [STDERR_REDIRECT] [Fatal Error] :1:1: Premature end of file.
2025-02-24 20:27:14,265 [ERROR] LogOutputStream:75 - [STDERR_REDIRECT] 
2025-02-24 20:27:15,271 [ERROR] LogOutputStream:75 - [STDERR_REDIRECT] [Fatal Error] :1:1: Premature end of file.
2025-02-24 20:27:15,272 [ERROR] LogOutputStream:75 - [STDERR_REDIRECT] 
2025-02-24 20:27:16,256 [ERROR] LogOutputStream:75 - [STDERR_REDIRECT] [Fatal Error] :1:1: Premature end of file.
2025-02-24 20:27:16,256 [ERROR] LogOutputStream:75 - [STDERR_REDIRECT] 
2025-02-24 20:27:17,257 [ERROR] LogOutputStream:75 - [STDERR_REDIRECT] [Fatal Error] :1:1: Premature end of file.
2025-02-24 20:27:17,257 [ERROR] LogOutputStream:75 - [STDERR_REDIRECT] 
2025-02-24 20:27:18,258 [ERROR] LogOutputStream:75 - [STDERR_REDIRECT] [Fatal Error] :1:1: Premature end of file.
2025-02-24 20:27:18,258 [ERROR] LogOutputStream:75 - [STDERR_REDIRECT] 
2025-02-24 20:27:19,259 [ERROR] LogOutputStream:75 - [STDERR_REDIRECT] [Fatal Error] :1:1: Premature end of file.
2025-02-24 20:27:19,259 [ERROR] LogOutputStream:75 - [STDERR_REDIRECT] 
2025-02-24 20:27:20,259 [ERROR] LogOutputStream:75 - [STDERR_REDIRECT] [Fatal Error] :1:1: Premature end of file.
2025-02-24 20:27:20,260 [ERROR] LogOutputStream:75 - [STDERR_REDIRECT] 
2025-02-24 20:27:21,272 [ERROR] LogOutputStream:75 - [STDERR_REDIRECT] [Fatal Error] :1:1: Premature end of file.
2025-02-24 20:27:21,272 [ERROR] LogOutputStream:75 - [STDERR_REDIRECT] 
2025-02-24 20:27:22,263 [ERROR] LogOutputStream:75 - [STDERR_REDIRECT] [Fatal Error] :1:1: Premature end of file.
2025-02-24 20:27:22,263 [ERROR] LogOutputStream:75 - [STDERR_REDIRECT] 
2025-02-24 20:27:23,259 [ERROR] LogOutputStream:75 - [STDERR_REDIRECT] [Fatal Error] :1:1: Premature end of file.
2025-02-24 20:27:23,259 [ERROR] LogOutputStream:75 - [STDERR_REDIRECT] 
2025-02-24 20:27:24,258 [ERROR] LogOutputStream:75 - [STDERR_REDIRECT] [Fatal Error] :1:1: Premature end of file.
2025-02-24 20:27:24,258 [ERROR] LogOutputStream:75 - [STDERR_REDIRECT] 
2025-02-24 20:27:25,261 [ERROR] LogOutputStream:75 - [STDERR_REDIRECT] [Fatal Error] :1:1: Premature end of file.
2025-02-24 20:27:25,261 [ERROR] LogOutputStream:75 - [STDERR_REDIRECT] 
2025-02-24 20:27:26,256 [ERROR] LogOutputStream:75 - [STDERR_REDIRECT] [Fatal Error] :1:1: Premature end of file.
2025-02-24 20:27:26,256 [ERROR] LogOutputStream:75 - [STDERR_REDIRECT] 
2025-02-24 20:27:27,265 [ERROR] LogOutputStream:75 - [STDERR_REDIRECT] [Fatal Error] :1:1: Premature end of file.
2025-02-24 20:27:27,265 [ERROR] LogOutputStream:75 - [STDERR_REDIRECT] 
2025-02-24 20:27:28,256 [ERROR] LogOutputStream:75 - [STDERR_REDIRECT] [Fatal Error] :1:1: Premature end of file.
2025-02-24 20:27:28,257 [ERROR] LogOutputStream:75 - [STDERR_REDIRECT] 
2025-02-24 20:27:29,256 [ERROR] LogOutputStream:75 - [STDERR_REDIRECT] [Fatal Error] :1:1: Premature end of file.
2025-02-24 20:27:29,256 [ERROR] LogOutputStream:75 - [STDERR_REDIRECT] 
2025-02-24 20:27:30,257 [ERROR] LogOutputStream:75 - [STDERR_REDIRECT] [Fatal Error] :1:1: Premature end of file.
2025-02-24 20:27:30,257 [ERROR] LogOutputStream:75 - [STDERR_REDIRECT] 
2025-02-24 20:27:31,284 [ERROR] LogOutputStream:75 - [STDERR_REDIRECT] [Fatal Error] :1:1: Premature end of file.
2025-02-24 20:27:31,284 [ERROR] LogOutputStream:75 - [STDERR_REDIRECT] 
2025-02-24 20:27:32,255 [ERROR] LogOutputStream:75 - [STDERR_REDIRECT] [Fatal Error] :1:1: Premature end of file.
2025-02-24 20:27:32,256 [ERROR] LogOutputStream:75 - [STDERR_REDIRECT] 
2025-02-24 20:27:33,269 [ERROR] LogOutputStream:75 - [STDERR_REDIRECT] [Fatal Error] :1:1: Premature end of file.
2025-02-24 20:27:33,269 [ERROR] LogOutputStream:75 - [STDERR_REDIRECT] 
2025-02-24 20:27:34,255 [ERROR] LogOutputStream:75 - [STDERR_REDIRECT] [Fatal Error] :1:1: Premature end of file.
2025-02-24 20:27:34,256 [ERROR] LogOutputStream:75 - [STDERR_REDIRECT] 
2025-02-24 20:27:35,256 [ERROR] LogOutputStream:75 - [STDERR_REDIRECT] [Fatal Error] :1:1: Premature end of file.
2025-02-24 20:27:35,256 [ERROR] LogOutputStream:75 - [STDERR_REDIRECT] 
2025-02-24 20:27:36,256 [ERROR] LogOutputStream:75 - [STDERR_REDIRECT] [Fatal Error] :1:1: Premature end of file.
2025-02-24 20:27:36,256 [ERROR] LogOutputStream:75 - [STDERR_REDIRECT] 
2025-02-24 20:27:37,261 [ERROR] LogOutputStream:75 - [STDERR_REDIRECT] [Fatal Error] :1:1: Premature end of file.
2025-02-24 20:27:37,261 [ERROR] LogOutputStream:75 - [STDERR_REDIRECT] 
2025-02-24 20:27:38,260 [ERROR] LogOutputStream:75 - [STDERR_REDIRECT] [Fatal Error] :1:1: Premature end of file.
2025-02-24 20:27:38,260 [ERROR] LogOutputStream:75 - [STDERR_REDIRECT] 
2025-02-24 20:27:39,257 [ERROR] LogOutputStream:75 - [STDERR_REDIRECT] [Fatal Error] :1:1: Premature end of file.
2025-02-24 20:27:39,258 [ERROR] LogOutputStream:75 - [STDERR_REDIRECT] 
2025-02-24 20:27:40,258 [ERROR] LogOutputStream:75 - [STDERR_REDIRECT] [Fatal Error] :1:1: Premature end of file.
2025-02-24 20:27:40,258 [ERROR] LogOutputStream:75 - [STDERR_REDIRECT] 
2025-02-24 20:27:41,256 [ERROR] LogOutputStream:75 - [STDERR_REDIRECT] [Fatal Error] :1:1: Premature end of file.
2025-02-24 20:27:41,256 [ERROR] LogOutputStream:75 - [STDERR_REDIRECT] 
2025-02-24 20:27:42,259 [ERROR] LogOutputStream:75 - [STDERR_REDIRECT] [Fatal Error] :1:1: Premature end of file.
2025-02-24 20:27:42,259 [ERROR] LogOutputStream:75 - [STDERR_REDIRECT] 
2025-02-24 20:27:43,258 [ERROR] LogOutputStream:75 - [STDERR_REDIRECT] [Fatal Error] :1:1: Premature end of file.
2025-02-24 20:27:43,259 [ERROR] LogOutputStream:75 - [STDERR_REDIRECT] 
2025-02-24 20:27:44,258 [ERROR] LogOutputStream:75 - [STDERR_REDIRECT] [Fatal Error] :1:1: Premature end of file.
2025-02-24 20:27:44,258 [ERROR] LogOutputStream:75 - [STDERR_REDIRECT] 
2025-02-24 20:27:45,257 [ERROR] LogOutputStream:75 - [STDERR_REDIRECT] [Fatal Error] :1:1: Premature end of file.
2025-02-24 20:27:45,257 [ERROR] LogOutputStream:75 - [STDERR_REDIRECT] 
2025-02-24 20:27:46,256 [ERROR] LogOutputStream:75 - [STDERR_REDIRECT] [Fatal Error] :1:1: Premature end of file.
2025-02-24 20:27:46,257 [ERROR] LogOutputStream:75 - [STDERR_REDIRECT] 
2025-02-24 20:27:47,256 [ERROR] LogOutputStream:75 - [STDERR_REDIRECT] [Fatal Error] :1:1: Premature end of file.
2025-02-24 20:27:47,256 [ERROR] LogOutputStream:75 - [STDERR_REDIRECT] 
2025-02-24 20:27:48,315 [ERROR] LogOutputStream:75 - [STDERR_REDIRECT] [Fatal Error] :1:1: Premature end of file.
2025-02-24 20:27:48,315 [ERROR] LogOutputStream:75 - [STDERR_REDIRECT] 
2025-02-24 20:27:49,256 [ERROR] LogOutputStream:75 - [STDERR_REDIRECT] [Fatal Error] :1:1: Premature end of file.
2025-02-24 20:27:49,256 [ERROR] LogOutputStream:75 - [STDERR_REDIRECT] 
2025-02-24 20:27:50,258 [ERROR] LogOutputStream:75 - [STDERR_REDIRECT] [Fatal Error] :1:1: Premature end of file.
2025-02-24 20:27:50,258 [ERROR] LogOutputStream:75 - [STDERR_REDIRECT] 
2025-02-24 20:27:51,257 [ERROR] LogOutputStream:75 - [STDERR_REDIRECT] [Fatal Error] :1:1: Premature end of file.
2025-02-24 20:27:51,257 [ERROR] LogOutputStream:75 - [STDERR_REDIRECT] 
2025-02-24 20:27:52,259 [ERROR] LogOutputStream:75 - [STDERR_REDIRECT] [Fatal Error] :1:1: Premature end of file.
2025-02-24 20:27:52,259 [ERROR] LogOutputStream:75 - [STDERR_REDIRECT] 
2025-02-24 20:27:53,256 [ERROR] LogOutputStream:75 - [STDERR_REDIRECT] [Fatal Error] :1:1: Premature end of file.
2025-02-24 20:27:53,256 [ERROR] LogOutputStream:75 - [STDERR_REDIRECT] 
2025-02-24 20:27:54,276 [ERROR] LogOutputStream:75 - [STDERR_REDIRECT] [Fatal Error] :1:1: Premature end of file.
2025-02-24 20:27:54,276 [ERROR] LogOutputStream:75 - [STDERR_REDIRECT] 
2025-02-24 20:27:55,257 [ERROR] LogOutputStream:75 - [STDERR_REDIRECT] [Fatal Error] :1:1: Premature end of file.
2025-02-24 20:27:55,259 [ERROR] LogOutputStream:75 - [STDERR_REDIRECT] 
2025-02-24 20:27:56,261 [ERROR] LogOutputStream:75 - [STDERR_REDIRECT] [Fatal Error] :1:1: Premature end of file.
2025-02-24 20:27:56,261 [ERROR] LogOutputStream:75 - [STDERR_REDIRECT] 
2025-02-24 20:27:57,257 [ERROR] LogOutputStream:75 - [STDERR_REDIRECT] [Fatal Error] :1:1: Premature end of file.
2025-02-24 20:27:57,257 [ERROR] LogOutputStream:75 - [STDERR_REDIRECT] 
2025-02-24 20:27:58,256 [ERROR] LogOutputStream:75 - [STDERR_REDIRECT] [Fatal Error] :1:1: Premature end of file.
2025-02-24 20:27:58,256 [ERROR] LogOutputStream:75 - [STDERR_REDIRECT] 
2025-02-24 20:27:59,280 [ERROR] LogOutputStream:75 - [STDERR_REDIRECT] [Fatal Error] :1:1: Premature end of file.
2025-02-24 20:27:59,280 [ERROR] LogOutputStream:75 - [STDERR_REDIRECT] 
2025-02-24 20:28:00,257 [ERROR] LogOutputStream:75 - [STDERR_REDIRECT] [Fatal Error] :1:1: Premature end of file.
2025-02-24 20:28:00,257 [ERROR] LogOutputStream:75 - [STDERR_REDIRECT] 
2025-02-24 20:28:01,259 [ERROR] LogOutputStream:75 - [STDERR_REDIRECT] [Fatal Error] :1:1: Premature end of file.
2025-02-24 20:28:01,259 [ERROR] LogOutputStream:75 - [STDERR_REDIRECT] 
2025-02-24 20:28:02,279 [ERROR] LogOutputStream:75 - [STDERR_REDIRECT] [Fatal Error] :1:1: Premature end of file.
2025-02-24 20:28:02,279 [ERROR] LogOutputStream:75 - [STDERR_REDIRECT] 
2025-02-24 20:28:03,258 [ERROR] LogOutputStream:75 - [STDERR_REDIRECT] [Fatal Error] :1:1: Premature end of file.
2025-02-24 20:28:03,258 [ERROR] LogOutputStream:75 - [STDERR_REDIRECT] 
2025-02-24 20:28:04,258 [ERROR] LogOutputStream:75 - [STDERR_REDIRECT] [Fatal Error] :1:1: Premature end of file.
2025-02-24 20:28:04,259 [ERROR] LogOutputStream:75 - [STDERR_REDIRECT] 
2025-02-24 20:28:05,255 [ERROR] LogOutputStream:75 - [STDERR_REDIRECT] [Fatal Error] :1:1: Premature end of file.
2025-02-24 20:28:05,255 [ERROR] LogOutputStream:75 - [STDERR_REDIRECT] 
2025-02-24 20:28:06,257 [ERROR] LogOutputStream:75 - [STDERR_REDIRECT] [Fatal Error] :1:1: Premature end of file.
2025-02-24 20:28:06,258 [ERROR] LogOutputStream:75 - [STDERR_REDIRECT] 
2025-02-24 20:28:07,285 [ERROR] LogOutputStream:75 - [STDERR_REDIRECT] [Fatal Error] :1:1: Premature end of file.
2025-02-24 20:28:07,285 [ERROR] LogOutputStream:75 - [STDERR_REDIRECT] 
2025-02-24 20:28:08,256 [ERROR] LogOutputStream:75 - [STDERR_REDIRECT] [Fatal Error] :1:1: Premature end of file.
2025-02-24 20:28:08,256 [ERROR] LogOutputStream:75 - [STDERR_REDIRECT] 
2025-02-24 20:28:09,258 [ERROR] LogOutputStream:75 - [STDERR_REDIRECT] [Fatal Error] :1:1: Premature end of file.
2025-02-24 20:28:09,258 [ERROR] LogOutputStream:75 - [STDERR_REDIRECT] 
2025-02-24 20:28:10,258 [ERROR] LogOutputStream:75 - [STDERR_REDIRECT] [Fatal Error] :1:1: Premature end of file.
2025-02-24 20:28:10,258 [ERROR] LogOutputStream:75 - [STDERR_REDIRECT] 
2025-02-24 20:28:11,260 [ERROR] LogOutputStream:75 - [STDERR_REDIRECT] [Fatal Error] :1:1: Premature end of file.
2025-02-24 20:28:11,261 [ERROR] LogOutputStream:75 - [STDERR_REDIRECT] 
2025-02-24 20:28:12,263 [ERROR] LogOutputStream:75 - [STDERR_REDIRECT] [Fatal Error] :1:1: Premature end of file.
2025-02-24 20:28:12,264 [ERROR] LogOutputStream:75 - [STDERR_REDIRECT] 
2025-02-24 20:28:13,262 [ERROR] LogOutputStream:75 - [STDERR_REDIRECT] [Fatal Error] :1:1: Premature end of file.
2025-02-24 20:28:13,262 [ERROR] LogOutputStream:75 - [STDERR_REDIRECT] 
2025-02-24 20:28:14,263 [ERROR] LogOutputStream:75 - [STDERR_REDIRECT] [Fatal Error] :1:1: Premature end of file.
2025-02-24 20:28:14,264 [ERROR] LogOutputStream:75 - [STDERR_REDIRECT] 
2025-02-24 20:28:15,270 [ERROR] LogOutputStream:75 - [STDERR_REDIRECT] [Fatal Error] :1:1: Premature end of file.
2025-02-24 20:28:15,271 [ERROR] LogOutputStream:75 - [STDERR_REDIRECT] 
2025-02-24 20:28:16,260 [ERROR] LogOutputStream:75 - [STDERR_REDIRECT] [Fatal Error] :1:1: Premature end of file.
2025-02-24 20:28:16,260 [ERROR] LogOutputStream:75 - [STDERR_REDIRECT] 
2025-02-24 20:28:17,265 [ERROR] LogOutputStream:75 - [STDERR_REDIRECT] [Fatal Error] :1:1: Premature end of file.
2025-02-24 20:28:17,265 [ERROR] LogOutputStream:75 - [STDERR_REDIRECT] 
2025-02-24 20:28:18,257 [ERROR] LogOutputStream:75 - [STDERR_REDIRECT] [Fatal Error] :1:1: Premature end of file.
2025-02-24 20:28:18,257 [ERROR] LogOutputStream:75 - [STDERR_REDIRECT] 
2025-02-24 20:28:19,259 [ERROR] LogOutputStream:75 - [STDERR_REDIRECT] [Fatal Error] :1:1: Premature end of file.
2025-02-24 20:28:19,259 [ERROR] LogOutputStream:75 - [STDERR_REDIRECT] 
2025-02-24 20:28:20,257 [ERROR] LogOutputStream:75 - [STDERR_REDIRECT] [Fatal Error] :1:1: Premature end of file.
2025-02-24 20:28:20,257 [ERROR] LogOutputStream:75 - [STDERR_REDIRECT] 
2025-02-24 20:28:21,255 [ERROR] LogOutputStream:75 - [STDERR_REDIRECT] [Fatal Error] :1:1: Premature end of file.
2025-02-24 20:28:21,256 [ERROR] LogOutputStream:75 - [STDERR_REDIRECT] 
2025-02-24 20:28:22,259 [ERROR] LogOutputStream:75 - [STDERR_REDIRECT] [Fatal Error] :1:1: Premature end of file.
2025-02-24 20:28:22,259 [ERROR] LogOutputStream:75 - [STDERR_REDIRECT] 
2025-02-24 20:28:23,301 [ERROR] LogOutputStream:75 - [STDERR_REDIRECT] [Fatal Error] :1:1: Premature end of file.
2025-02-24 20:28:23,301 [ERROR] LogOutputStream:75 - [STDERR_REDIRECT] 
2025-02-24 20:28:24,256 [ERROR] LogOutputStream:75 - [STDERR_REDIRECT] [Fatal Error] :1:1: Premature end of file.
2025-02-24 20:28:24,256 [ERROR] LogOutputStream:75 - [STDERR_REDIRECT] 
2025-02-24 20:28:25,258 [ERROR] LogOutputStream:75 - [STDERR_REDIRECT] [Fatal Error] :1:1: Premature end of file.
2025-02-24 20:28:25,259 [ERROR] LogOutputStream:75 - [STDERR_REDIRECT] 
2025-02-24 20:28:26,258 [ERROR] LogOutputStream:75 - [STDERR_REDIRECT] [Fatal Error] :1:1: Premature end of file.
2025-02-24 20:28:26,258 [ERROR] LogOutputStream:75 - [STDERR_REDIRECT] 
2025-02-24 20:28:27,260 [ERROR] LogOutputStream:75 - [STDERR_REDIRECT] [Fatal Error] :1:1: Premature end of file.
2025-02-24 20:28:27,261 [ERROR] LogOutputStream:75 - [STDERR_REDIRECT] 
2025-02-24 20:28:28,266 [ERROR] LogOutputStream:75 - [STDERR_REDIRECT] [Fatal Error] :1:1: Premature end of file.
2025-02-24 20:28:28,266 [ERROR] LogOutputStream:75 - [STDERR_REDIRECT] 
2025-02-24 20:28:29,324 [ERROR] LogOutputStream:75 - [STDERR_REDIRECT] [Fatal Error] :1:1: Premature end of file.
2025-02-24 20:28:29,325 [ERROR] LogOutputStream:75 - [STDERR_REDIRECT] 
2025-02-24 20:28:30,419 [ERROR] LogOutputStream:75 - [STDERR_REDIRECT] [Fatal Error] :1:1: Premature end of file.
2025-02-24 20:28:30,420 [ERROR] LogOutputStream:75 - [STDERR_REDIRECT] 
2025-02-24 20:28:31,282 [ERROR] LogOutputStream:75 - [STDERR_REDIRECT] [Fatal Error] :1:1: Premature end of file.
2025-02-24 20:28:31,282 [ERROR] LogOutputStream:75 - [STDERR_REDIRECT] 
2025-02-24 20:28:32,280 [ERROR] LogOutputStream:75 - [STDERR_REDIRECT] [Fatal Error] :1:1: Premature end of file.
2025-02-24 20:28:32,280 [ERROR] LogOutputStream:75 - [STDERR_REDIRECT] 
2025-02-24 20:28:33,280 [ERROR] LogOutputStream:75 - [STDERR_REDIRECT] [Fatal Error] :1:1: Premature end of file.
2025-02-24 20:28:33,280 [ERROR] LogOutputStream:75 - [STDERR_REDIRECT] 
2025-02-24 20:28:34,272 [ERROR] LogOutputStream:75 - [STDERR_REDIRECT] [Fatal Error] :1:1: Premature end of file.
2025-02-24 20:28:34,272 [ERROR] LogOutputStream:75 - [STDERR_REDIRECT] 
2025-02-24 20:28:35,283 [ERROR] LogOutputStream:75 - [STDERR_REDIRECT] [Fatal Error] :1:1: Premature end of file.
2025-02-24 20:28:35,283 [ERROR] LogOutputStream:75 - [STDERR_REDIRECT] 
2025-02-24 20:28:36,283 [ERROR] LogOutputStream:75 - [STDERR_REDIRECT] [Fatal Error] :1:1: Premature end of file.
2025-02-24 20:28:36,283 [ERROR] LogOutputStream:75 - [STDERR_REDIRECT] 
2025-02-24 20:28:37,286 [ERROR] LogOutputStream:75 - [STDERR_REDIRECT] [Fatal Error] :1:1: Premature end of file.
2025-02-24 20:28:37,286 [ERROR] LogOutputStream:75 - [STDERR_REDIRECT] 
2025-02-24 20:28:38,261 [ERROR] LogOutputStream:75 - [STDERR_REDIRECT] [Fatal Error] :1:1: Premature end of file.
2025-02-24 20:28:38,261 [ERROR] LogOutputStream:75 - [STDERR_REDIRECT] 
2025-02-24 20:28:39,326 [ERROR] LogOutputStream:75 - [STDERR_REDIRECT] [Fatal Error] :1:1: Premature end of file.
2025-02-24 20:28:39,326 [ERROR] LogOutputStream:75 - [STDERR_REDIRECT] 
2025-02-24 20:28:40,281 [ERROR] LogOutputStream:75 - [STDERR_REDIRECT] [Fatal Error] :1:1: Premature end of file.
2025-02-24 20:28:40,281 [ERROR] LogOutputStream:75 - [STDERR_REDIRECT] 
2025-02-24 20:28:41,283 [ERROR] LogOutputStream:75 - [STDERR_REDIRECT] [Fatal Error] :1:1: Premature end of file.
2025-02-24 20:28:41,283 [ERROR] LogOutputStream:75 - [STDERR_REDIRECT] 
2025-02-24 20:28:42,283 [ERROR] LogOutputStream:75 - [STDERR_REDIRECT] [Fatal Error] :1:1: Premature end of file.
2025-02-24 20:28:42,283 [ERROR] LogOutputStream:75 - [STDERR_REDIRECT] 
2025-02-24 20:28:43,285 [ERROR] LogOutputStream:75 - [STDERR_REDIRECT] [Fatal Error] :1:1: Premature end of file.
2025-02-24 20:28:43,285 [ERROR] LogOutputStream:75 - [STDERR_REDIRECT] 
2025-02-24 20:28:44,282 [ERROR] LogOutputStream:75 - [STDERR_REDIRECT] [Fatal Error] :1:1: Premature end of file.
2025-02-24 20:28:44,282 [ERROR] LogOutputStream:75 - [STDERR_REDIRECT] 
2025-02-24 20:28:45,282 [ERROR] LogOutputStream:75 - [STDERR_REDIRECT] [Fatal Error] :1:1: Premature end of file.
2025-02-24 20:28:45,283 [ERROR] LogOutputStream:75 - [STDERR_REDIRECT] 
2025-02-24 20:28:46,278 [ERROR] LogOutputStream:75 - [STDERR_REDIRECT] [Fatal Error] :1:1: Premature end of file.
2025-02-24 20:28:46,278 [ERROR] LogOutputStream:75 - [STDERR_REDIRECT] 
2025-02-24 20:28:47,257 [ERROR] LogOutputStream:75 - [STDERR_REDIRECT] [Fatal Error] :1:1: Premature end of file.
2025-02-24 20:28:47,257 [ERROR] LogOutputStream:75 - [STDERR_REDIRECT] 
2025-02-24 20:28:48,305 [ERROR] LogOutputStream:75 - [STDERR_REDIRECT] [Fatal Error] :1:1: Premature end of file.
2025-02-24 20:28:48,305 [ERROR] LogOutputStream:75 - [STDERR_REDIRECT] 
2025-02-24 20:28:49,410 [ERROR] LogOutputStream:75 - [STDERR_REDIRECT] [Fatal Error] :1:1: Premature end of file.
2025-02-24 20:28:49,411 [ERROR] LogOutputStream:75 - [STDERR_REDIRECT] 
2025-02-24 20:28:50,407 [ERROR] LogOutputStream:75 - [STDERR_REDIRECT] [Fatal Error] :1:1: Premature end of file.
2025-02-24 20:28:50,408 [ERROR] LogOutputStream:75 - [STDERR_REDIRECT] 
2025-02-24 20:28:51,405 [ERROR] LogOutputStream:75 - [STDERR_REDIRECT] [Fatal Error] :1:1: Premature end of file.
2025-02-24 20:28:51,405 [ERROR] LogOutputStream:75 - [STDERR_REDIRECT] 
2025-02-24 20:28:52,281 [ERROR] LogOutputStream:75 - [STDERR_REDIRECT] [Fatal Error] :1:1: Premature end of file.
2025-02-24 20:28:52,281 [ERROR] LogOutputStream:75 - [STDERR_REDIRECT] 
2025-02-24 20:28:53,274 [ERROR] LogOutputStream:75 - [STDERR_REDIRECT] [Fatal Error] :1:1: Premature end of file.
2025-02-24 20:28:53,274 [ERROR] LogOutputStream:75 - [STDERR_REDIRECT] 
2025-02-24 20:28:54,401 [ERROR] LogOutputStream:75 - [STDERR_REDIRECT] [Fatal Error] :1:1: Premature end of file.
2025-02-24 20:28:54,401 [ERROR] LogOutputStream:75 - [STDERR_REDIRECT] 
2025-02-24 20:28:55,264 [ERROR] LogOutputStream:75 - [STDERR_REDIRECT] [Fatal Error] :1:1: Premature end of file.
2025-02-24 20:28:55,265 [ERROR] LogOutputStream:75 - [STDERR_REDIRECT] 
2025-02-24 20:28:56,384 [ERROR] LogOutputStream:75 - [STDERR_REDIRECT] [Fatal Error] :1:1: Premature end of file.
2025-02-24 20:28:56,384 [ERROR] LogOutputStream:75 - [STDERR_REDIRECT] 
2025-02-24 20:28:57,282 [ERROR] LogOutputStream:75 - [STDERR_REDIRECT] [Fatal Error] :1:1: Premature end of file.
2025-02-24 20:28:57,282 [ERROR] LogOutputStream:75 - [STDERR_REDIRECT] 
2025-02-24 20:28:58,262 [ERROR] LogOutputStream:75 - [STDERR_REDIRECT] [Fatal Error] :1:1: Premature end of file.
2025-02-24 20:28:58,262 [ERROR] LogOutputStream:75 - [STDERR_REDIRECT] 
2025-02-24 20:28:59,359 [ERROR] LogOutputStream:75 - [STDERR_REDIRECT] [Fatal Error] :1:1: Premature end of file.
2025-02-24 20:28:59,360 [ERROR] LogOutputStream:75 - [STDERR_REDIRECT] 
2025-02-24 20:29:00,264 [ERROR] LogOutputStream:75 - [STDERR_REDIRECT] [Fatal Error] :1:1: Premature end of file.
2025-02-24 20:29:00,264 [ERROR] LogOutputStream:75 - [STDERR_REDIRECT] 
2025-02-24 20:29:01,334 [ERROR] LogOutputStream:75 - [STDERR_REDIRECT] [Fatal Error] :1:1: Premature end of file.
2025-02-24 20:29:01,334 [ERROR] LogOutputStream:75 - [STDERR_REDIRECT] 
2025-02-24 20:29:02,259 [ERROR] LogOutputStream:75 - [STDERR_REDIRECT] [Fatal Error] :1:1: Premature end of file.
2025-02-24 20:29:02,259 [ERROR] LogOutputStream:75 - [STDERR_REDIRECT] 
2025-02-24 20:29:03,382 [ERROR] LogOutputStream:75 - [STDERR_REDIRECT] [Fatal Error] :1:1: Premature end of file.
2025-02-24 20:29:03,382 [ERROR] LogOutputStream:75 - [STDERR_REDIRECT] 
2025-02-24 20:29:04,255 [ERROR] LogOutputStream:75 - [STDERR_REDIRECT] [Fatal Error] :1:1: Premature end of file.
2025-02-24 20:29:04,256 [ERROR] LogOutputStream:75 - [STDERR_REDIRECT] 
2025-02-24 20:29:05,267 [ERROR] LogOutputStream:75 - [STDERR_REDIRECT] [Fatal Error] :1:1: Premature end of file.
2025-02-24 20:29:05,268 [ERROR] LogOutputStream:75 - [STDERR_REDIRECT] 
2025-02-24 20:29:06,405 [ERROR] LogOutputStream:75 - [STDERR_REDIRECT] [Fatal Error] :1:1: Premature end of file.
2025-02-24 20:29:06,405 [ERROR] LogOutputStream:75 - [STDERR_REDIRECT] 
2025-02-24 20:29:07,411 [ERROR] LogOutputStream:75 - [STDERR_REDIRECT] [Fatal Error] :1:1: Premature end of file.
2025-02-24 20:29:07,412 [ERROR] LogOutputStream:75 - [STDERR_REDIRECT] 
2025-02-24 20:29:08,285 [ERROR] LogOutputStream:75 - [STDERR_REDIRECT] [Fatal Error] :1:1: Premature end of file.
2025-02-24 20:29:08,285 [ERROR] LogOutputStream:75 - [STDERR_REDIRECT] 
2025-02-24 20:29:09,282 [ERROR] LogOutputStream:75 - [STDERR_REDIRECT] [Fatal Error] :1:1: Premature end of file.
2025-02-24 20:29:09,282 [ERROR] LogOutputStream:75 - [STDERR_REDIRECT] 
2025-02-24 20:29:10,468 [ERROR] LogOutputStream:75 - [STDERR_REDIRECT] [Fatal Error] :1:1: Premature end of file.
2025-02-24 20:29:10,469 [ERROR] LogOutputStream:75 - [STDERR_REDIRECT] 
2025-02-24 20:29:11,262 [ERROR] LogOutputStream:75 - [STDERR_REDIRECT] [Fatal Error] :1:1: Premature end of file.
2025-02-24 20:29:11,262 [ERROR] LogOutputStream:75 - [STDERR_REDIRECT] 
2025-02-24 20:29:12,403 [ERROR] LogOutputStream:75 - [STDERR_REDIRECT] [Fatal Error] :1:1: Premature end of file.
2025-02-24 20:29:12,403 [ERROR] LogOutputStream:75 - [STDERR_REDIRECT] 
2025-02-24 20:29:13,283 [ERROR] LogOutputStream:75 - [STDERR_REDIRECT] [Fatal Error] :1:1: Premature end of file.
2025-02-24 20:29:13,283 [ERROR] LogOutputStream:75 - [STDERR_REDIRECT] 
2025-02-24 20:29:14,413 [ERROR] LogOutputStream:75 - [STDERR_REDIRECT] [Fatal Error] :1:1: Premature end of file.
2025-02-24 20:29:14,414 [ERROR] LogOutputStream:75 - [STDERR_REDIRECT] 
2025-02-24 20:29:15,411 [ERROR] LogOutputStream:75 - [STDERR_REDIRECT] [Fatal Error] :1:1: Premature end of file.
2025-02-24 20:29:15,412 [ERROR] LogOutputStream:75 - [STDERR_REDIRECT] 
2025-02-24 20:29:16,403 [ERROR] LogOutputStream:75 - [STDERR_REDIRECT] [Fatal Error] :1:1: Premature end of file.
2025-02-24 20:29:16,404 [ERROR] LogOutputStream:75 - [STDERR_REDIRECT] 
2025-02-24 20:29:17,368 [ERROR] LogOutputStream:75 - [STDERR_REDIRECT] [Fatal Error] :1:1: Premature end of file.
2025-02-24 20:29:17,369 [ERROR] LogOutputStream:75 - [STDERR_REDIRECT] 
2025-02-24 20:29:18,269 [ERROR] LogOutputStream:75 - [STDERR_REDIRECT] [Fatal Error] :1:1: Premature end of file.
2025-02-24 20:29:18,269 [ERROR] LogOutputStream:75 - [STDERR_REDIRECT] 
2025-02-24 20:29:19,350 [ERROR] LogOutputStream:75 - [STDERR_REDIRECT] [Fatal Error] :1:1: Premature end of file.
2025-02-24 20:29:19,350 [ERROR] LogOutputStream:75 - [STDERR_REDIRECT] 
2025-02-24 20:29:20,262 [ERROR] LogOutputStream:75 - [STDERR_REDIRECT] [Fatal Error] :1:1: Premature end of file.
2025-02-24 20:29:20,262 [ERROR] LogOutputStream:75 - [STDERR_REDIRECT] 
2025-02-24 20:29:21,405 [ERROR] LogOutputStream:75 - [STDERR_REDIRECT] [Fatal Error] :1:1: Premature end of file.
2025-02-24 20:29:21,406 [ERROR] LogOutputStream:75 - [STDERR_REDIRECT] 
2025-02-24 20:29:22,255 [ERROR] LogOutputStream:75 - [STDERR_REDIRECT] [Fatal Error] :1:1: Premature end of file.
2025-02-24 20:29:22,256 [ERROR] LogOutputStream:75 - [STDERR_REDIRECT] 
2025-02-24 20:29:23,258 [ERROR] LogOutputStream:75 - [STDERR_REDIRECT] [Fatal Error] :1:1: Premature end of file.
2025-02-24 20:29:23,258 [ERROR] LogOutputStream:75 - [STDERR_REDIRECT] 
2025-02-24 20:29:24,398 [ERROR] LogOutputStream:75 - [STDERR_REDIRECT] [Fatal Error] :1:1: Premature end of file.
2025-02-24 20:29:24,398 [ERROR] LogOutputStream:75 - [STDERR_REDIRECT] 
2025-02-24 20:29:25,415 [ERROR] LogOutputStream:75 - [STDERR_REDIRECT] [Fatal Error] :1:1: Premature end of file.
2025-02-24 20:29:25,416 [ERROR] LogOutputStream:75 - [STDERR_REDIRECT] 
2025-02-24 20:29:26,404 [ERROR] LogOutputStream:75 - [STDERR_REDIRECT] [Fatal Error] :1:1: Premature end of file.
2025-02-24 20:29:26,404 [ERROR] LogOutputStream:75 - [STDERR_REDIRECT] 
2025-02-24 20:29:27,415 [ERROR] LogOutputStream:75 - [STDERR_REDIRECT] [Fatal Error] :1:1: Premature end of file.
2025-02-24 20:29:27,415 [ERROR] LogOutputStream:75 - [STDERR_REDIRECT] 
2025-02-24 20:29:28,377 [ERROR] LogOutputStream:75 - [STDERR_REDIRECT] [Fatal Error] :1:1: Premature end of file.
2025-02-24 20:29:28,377 [ERROR] LogOutputStream:75 - [STDERR_REDIRECT] 
2025-02-24 20:29:29,258 [ERROR] LogOutputStream:75 - [STDERR_REDIRECT] [Fatal Error] :1:1: Premature end of file.
2025-02-24 20:29:29,258 [ERROR] LogOutputStream:75 - [STDERR_REDIRECT] 
2025-02-24 20:29:30,370 [ERROR] LogOutputStream:75 - [STDERR_REDIRECT] [Fatal Error] :1:1: Premature end of file.
2025-02-24 20:29:30,371 [ERROR] LogOutputStream:75 - [STDERR_REDIRECT] 
2025-02-24 20:29:31,407 [ERROR] LogOutputStream:75 - [STDERR_REDIRECT] [Fatal Error] :1:1: Premature end of file.
2025-02-24 20:29:31,408 [ERROR] LogOutputStream:75 - [STDERR_REDIRECT] 
2025-02-24 20:29:32,285 [ERROR] LogOutputStream:75 - [STDERR_REDIRECT] [Fatal Error] :1:1: Premature end of file.
2025-02-24 20:29:32,285 [ERROR] LogOutputStream:75 - [STDERR_REDIRECT] 
2025-02-24 20:29:33,410 [ERROR] LogOutputStream:75 - [STDERR_REDIRECT] [Fatal Error] :1:1: Premature end of file.
2025-02-24 20:29:33,411 [ERROR] LogOutputStream:75 - [STDERR_REDIRECT] 
2025-02-24 20:29:34,281 [ERROR] LogOutputStream:75 - [STDERR_REDIRECT] [Fatal Error] :1:1: Premature end of file.
2025-02-24 20:29:34,281 [ERROR] LogOutputStream:75 - [STDERR_REDIRECT] 
2025-02-24 20:29:35,278 [ERROR] LogOutputStream:75 - [STDERR_REDIRECT] [Fatal Error] :1:1: Premature end of file.
2025-02-24 20:29:35,278 [ERROR] LogOutputStream:75 - [STDERR_REDIRECT] 
2025-02-24 20:29:36,321 [ERROR] LogOutputStream:75 - [STDERR_REDIRECT] [Fatal Error] :1:1: Premature end of file.
2025-02-24 20:29:36,323 [ERROR] LogOutputStream:75 - [STDERR_REDIRECT] 
2025-02-24 20:29:37,255 [ERROR] LogOutputStream:75 - [STDERR_REDIRECT] [Fatal Error] :1:1: Premature end of file.
2025-02-24 20:29:37,255 [ERROR] LogOutputStream:75 - [STDERR_REDIRECT] 
2025-02-24 20:29:38,417 [ERROR] LogOutputStream:75 - [STDERR_REDIRECT] [Fatal Error] :1:1: Premature end of file.
2025-02-24 20:29:38,418 [ERROR] LogOutputStream:75 - [STDERR_REDIRECT] 
2025-02-24 20:29:39,258 [ERROR] LogOutputStream:75 - [STDERR_REDIRECT] [Fatal Error] :1:1: Premature end of file.
2025-02-24 20:29:39,258 [ERROR] LogOutputStream:75 - [STDERR_REDIRECT] 
2025-02-24 20:29:40,267 [ERROR] LogOutputStream:75 - [STDERR_REDIRECT] [Fatal Error] :1:1: Premature end of file.
2025-02-24 20:29:40,267 [ERROR] LogOutputStream:75 - [STDERR_REDIRECT] 
2025-02-24 20:29:41,388 [ERROR] LogOutputStream:75 - [STDERR_REDIRECT] [Fatal Error] :1:1: Premature end of file.
2025-02-24 20:29:41,389 [ERROR] LogOutputStream:75 - [STDERR_REDIRECT] 
2025-02-24 20:29:42,282 [ERROR] LogOutputStream:75 - [STDERR_REDIRECT] [Fatal Error] :1:1: Premature end of file.
2025-02-24 20:29:42,283 [ERROR] LogOutputStream:75 - [STDERR_REDIRECT] 
2025-02-24 20:29:43,397 [ERROR] LogOutputStream:75 - [STDERR_REDIRECT] [Fatal Error] :1:1: Premature end of file.
2025-02-24 20:29:43,398 [ERROR] LogOutputStream:75 - [STDERR_REDIRECT] 
2025-02-24 20:29:44,285 [ERROR] LogOutputStream:75 - [STDERR_REDIRECT] [Fatal Error] :1:1: Premature end of file.
2025-02-24 20:29:44,285 [ERROR] LogOutputStream:75 - [STDERR_REDIRECT] 
2025-02-24 20:29:45,383 [ERROR] LogOutputStream:75 - [STDERR_REDIRECT] [Fatal Error] :1:1: Premature end of file.
2025-02-24 20:29:45,384 [ERROR] LogOutputStream:75 - [STDERR_REDIRECT] 
2025-02-24 20:29:46,411 [ERROR] LogOutputStream:75 - [STDERR_REDIRECT] [Fatal Error] :1:1: Premature end of file.
2025-02-24 20:29:46,412 [ERROR] LogOutputStream:75 - [STDERR_REDIRECT] 
2025-02-24 20:29:47,405 [ERROR] LogOutputStream:75 - [STDERR_REDIRECT] [Fatal Error] :1:1: Premature end of file.
2025-02-24 20:29:47,405 [ERROR] LogOutputStream:75 - [STDERR_REDIRECT] 
2025-02-24 20:29:48,404 [ERROR] LogOutputStream:75 - [STDERR_REDIRECT] [Fatal Error] :1:1: Premature end of file.
2025-02-24 20:29:48,404 [ERROR] LogOutputStream:75 - [STDERR_REDIRECT] 
2025-02-24 20:29:49,321 [ERROR] LogOutputStream:75 - [STDERR_REDIRECT] [Fatal Error] :1:1: Premature end of file.
2025-02-24 20:29:49,321 [ERROR] LogOutputStream:75 - [STDERR_REDIRECT] 
2025-02-24 20:29:50,364 [ERROR] LogOutputStream:75 - [STDERR_REDIRECT] [Fatal Error] :1:1: Premature end of file.
2025-02-24 20:29:50,365 [ERROR] LogOutputStream:75 - [STDERR_REDIRECT] 
2025-02-24 20:29:51,280 [ERROR] LogOutputStream:75 - [STDERR_REDIRECT] [Fatal Error] :1:1: Premature end of file.
2025-02-24 20:29:51,280 [ERROR] LogOutputStream:75 - [STDERR_REDIRECT] 
2025-02-24 20:29:52,374 [ERROR] LogOutputStream:75 - [STDERR_REDIRECT] [Fatal Error] :1:1: Premature end of file.
2025-02-24 20:29:52,375 [ERROR] LogOutputStream:75 - [STDERR_REDIRECT] 
2025-02-24 20:29:53,405 [ERROR] LogOutputStream:75 - [STDERR_REDIRECT] [Fatal Error] :1:1: Premature end of file.
2025-02-24 20:29:53,406 [ERROR] LogOutputStream:75 - [STDERR_REDIRECT] 
2025-02-24 20:29:54,403 [ERROR] LogOutputStream:75 - [STDERR_REDIRECT] [Fatal Error] :1:1: Premature end of file.
2025-02-24 20:29:54,404 [ERROR] LogOutputStream:75 - [STDERR_REDIRECT] 
2025-02-24 20:29:55,417 [ERROR] LogOutputStream:75 - [STDERR_REDIRECT] [Fatal Error] :1:1: Premature end of file.
2025-02-24 20:29:55,418 [ERROR] LogOutputStream:75 - [STDERR_REDIRECT] 
2025-02-24 20:29:56,365 [ERROR] LogOutputStream:75 - [STDERR_REDIRECT] [Fatal Error] :1:1: Premature end of file.
2025-02-24 20:29:56,366 [ERROR] LogOutputStream:75 - [STDERR_REDIRECT] 
2025-02-24 20:29:57,284 [ERROR] LogOutputStream:75 - [STDERR_REDIRECT] [Fatal Error] :1:1: Premature end of file.
2025-02-24 20:29:57,285 [ERROR] LogOutputStream:75 - [STDERR_REDIRECT] 
2025-02-24 20:29:58,256 [ERROR] LogOutputStream:75 - [STDERR_REDIRECT] [Fatal Error] :1:1: Premature end of file.
2025-02-24 20:29:58,256 [ERROR] LogOutputStream:75 - [STDERR_REDIRECT] 
2025-02-24 20:29:59,281 [ERROR] LogOutputStream:75 - [STDERR_REDIRECT] [Fatal Error] :1:1: Premature end of file.
2025-02-24 20:29:59,282 [ERROR] LogOutputStream:75 - [STDERR_REDIRECT] 
2025-02-24 20:30:00,422 [ERROR] LogOutputStream:75 - [STDERR_REDIRECT] [Fatal Error] :1:1: Premature end of file.
2025-02-24 20:30:00,423 [ERROR] LogOutputStream:75 - [STDERR_REDIRECT] 
2025-02-24 20:30:01,402 [ERROR] LogOutputStream:75 - [STDERR_REDIRECT] [Fatal Error] :1:1: Premature end of file.
2025-02-24 20:30:01,403 [ERROR] LogOutputStream:75 - [STDERR_REDIRECT] 
2025-02-24 20:30:02,404 [ERROR] LogOutputStream:75 - [STDERR_REDIRECT] [Fatal Error] :1:1: Premature end of file.
2025-02-24 20:30:02,405 [ERROR] LogOutputStream:75 - [STDERR_REDIRECT] 
2025-02-24 20:30:03,283 [ERROR] LogOutputStream:75 - [STDERR_REDIRECT] [Fatal Error] :1:1: Premature end of file.
2025-02-24 20:30:03,283 [ERROR] LogOutputStream:75 - [STDERR_REDIRECT] 
2025-02-24 20:30:04,417 [ERROR] LogOutputStream:75 - [STDERR_REDIRECT] [Fatal Error] :1:1: Premature end of file.
2025-02-24 20:30:04,418 [ERROR] LogOutputStream:75 - [STDERR_REDIRECT] 
2025-02-24 20:30:05,255 [ERROR] LogOutputStream:75 - [STDERR_REDIRECT] [Fatal Error] :1:1: Premature end of file.
2025-02-24 20:30:05,256 [ERROR] LogOutputStream:75 - [STDERR_REDIRECT] 
2025-02-24 20:30:06,281 [ERROR] LogOutputStream:75 - [STDERR_REDIRECT] [Fatal Error] :1:1: Premature end of file.
2025-02-24 20:30:06,281 [ERROR] LogOutputStream:75 - [STDERR_REDIRECT] 
2025-02-24 20:30:07,384 [ERROR] LogOutputStream:75 - [STDERR_REDIRECT] [Fatal Error] :1:1: Premature end of file.
2025-02-24 20:30:07,385 [ERROR] LogOutputStream:75 - [STDERR_REDIRECT] 
2025-02-24 20:30:08,259 [ERROR] LogOutputStream:75 - [STDERR_REDIRECT] [Fatal Error] :1:1: Premature end of file.
2025-02-24 20:30:08,259 [ERROR] LogOutputStream:75 - [STDERR_REDIRECT] 
2025-02-24 20:30:09,259 [ERROR] LogOutputStream:75 - [STDERR_REDIRECT] [Fatal Error] :1:1: Premature end of file.
2025-02-24 20:30:09,259 [ERROR] LogOutputStream:75 - [STDERR_REDIRECT] 
2025-02-24 20:30:10,260 [ERROR] LogOutputStream:75 - [STDERR_REDIRECT] [Fatal Error] :1:1: Premature end of file.
2025-02-24 20:30:10,260 [ERROR] LogOutputStream:75 - [STDERR_REDIRECT] 
2025-02-24 20:30:11,257 [ERROR] LogOutputStream:75 - [STDERR_REDIRECT] [Fatal Error] :1:1: Premature end of file.
2025-02-24 20:30:11,257 [ERROR] LogOutputStream:75 - [STDERR_REDIRECT] 
2025-02-24 20:30:12,263 [ERROR] LogOutputStream:75 - [STDERR_REDIRECT] [Fatal Error] :1:1: Premature end of file.
2025-02-24 20:30:12,263 [ERROR] LogOutputStream:75 - [STDERR_REDIRECT] 
2025-02-24 20:30:13,257 [ERROR] LogOutputStream:75 - [STDERR_REDIRECT] [Fatal Error] :1:1: Premature end of file.
2025-02-24 20:30:13,257 [ERROR] LogOutputStream:75 - [STDERR_REDIRECT] 
2025-02-24 20:30:14,255 [ERROR] LogOutputStream:75 - [STDERR_REDIRECT] [Fatal Error] :1:1: Premature end of file.
2025-02-24 20:30:14,256 [ERROR] LogOutputStream:75 - [STDERR_REDIRECT] 
2025-02-24 20:30:15,261 [ERROR] LogOutputStream:75 - [STDERR_REDIRECT] [Fatal Error] :1:1: Premature end of file.
2025-02-24 20:30:15,261 [ERROR] LogOutputStream:75 - [STDERR_REDIRECT] 
2025-02-24 20:30:16,266 [ERROR] LogOutputStream:75 - [STDERR_REDIRECT] [Fatal Error] :1:1: Premature end of file.
2025-02-24 20:30:16,266 [ERROR] LogOutputStream:75 - [STDERR_REDIRECT] 
2025-02-24 20:30:17,257 [ERROR] LogOutputStream:75 - [STDERR_REDIRECT] [Fatal Error] :1:1: Premature end of file.
2025-02-24 20:30:17,257 [ERROR] LogOutputStream:75 - [STDERR_REDIRECT] 
2025-02-24 20:30:18,259 [ERROR] LogOutputStream:75 - [STDERR_REDIRECT] [Fatal Error] :1:1: Premature end of file.
2025-02-24 20:30:18,260 [ERROR] LogOutputStream:75 - [STDERR_REDIRECT] 
2025-02-24 20:30:19,273 [ERROR] LogOutputStream:75 - [STDERR_REDIRECT] [Fatal Error] :1:1: Premature end of file.
2025-02-24 20:30:19,274 [ERROR] LogOutputStream:75 - [STDERR_REDIRECT] 
2025-02-24 20:30:20,260 [ERROR] LogOutputStream:75 - [STDERR_REDIRECT] [Fatal Error] :1:1: Premature end of file.
2025-02-24 20:30:20,261 [ERROR] LogOutputStream:75 - [STDERR_REDIRECT] 
2025-02-24 20:30:21,373 [ERROR] LogOutputStream:75 - [STDERR_REDIRECT] [Fatal Error] :1:1: Premature end of file.
2025-02-24 20:30:21,374 [ERROR] LogOutputStream:75 - [STDERR_REDIRECT] 
2025-02-24 20:30:22,343 [ERROR] LogOutputStream:75 - [STDERR_REDIRECT] [Fatal Error] :1:1: Premature end of file.
2025-02-24 20:30:22,343 [ERROR] LogOutputStream:75 - [STDERR_REDIRECT] 
2025-02-24 20:30:23,314 [ERROR] LogOutputStream:75 - [STDERR_REDIRECT] [Fatal Error] :1:1: Premature end of file.
2025-02-24 20:30:23,315 [ERROR] LogOutputStream:75 - [STDERR_REDIRECT] 
2025-02-24 20:30:24,407 [ERROR] LogOutputStream:75 - [STDERR_REDIRECT] [Fatal Error] :1:1: Premature end of file.
2025-02-24 20:30:24,408 [ERROR] LogOutputStream:75 - [STDERR_REDIRECT] 
2025-02-24 20:30:25,385 [ERROR] LogOutputStream:75 - [STDERR_REDIRECT] [Fatal Error] :1:1: Premature end of file.
2025-02-24 20:30:25,385 [ERROR] LogOutputStream:75 - [STDERR_REDIRECT] 
2025-02-24 20:30:26,281 [ERROR] LogOutputStream:75 - [STDERR_REDIRECT] [Fatal Error] :1:1: Premature end of file.
2025-02-24 20:30:26,281 [ERROR] LogOutputStream:75 - [STDERR_REDIRECT] 
2025-02-24 20:30:27,421 [ERROR] LogOutputStream:75 - [STDERR_REDIRECT] [Fatal Error] :1:1: Premature end of file.
2025-02-24 20:30:27,422 [ERROR] LogOutputStream:75 - [STDERR_REDIRECT] 
2025-02-24 20:30:28,273 [ERROR] LogOutputStream:75 - [STDERR_REDIRECT] [Fatal Error] :1:1: Premature end of file.
2025-02-24 20:30:28,273 [ERROR] LogOutputStream:75 - [STDERR_REDIRECT] 
2025-02-24 20:30:29,282 [ERROR] LogOutputStream:75 - [STDERR_REDIRECT] [Fatal Error] :1:1: Premature end of file.
2025-02-24 20:30:29,283 [ERROR] LogOutputStream:75 - [STDERR_REDIRECT] 
2025-02-24 20:30:30,282 [ERROR] LogOutputStream:75 - [STDERR_REDIRECT] [Fatal Error] :1:1: Premature end of file.
2025-02-24 20:30:30,282 [ERROR] LogOutputStream:75 - [STDERR_REDIRECT] 
2025-02-24 20:30:31,410 [ERROR] LogOutputStream:75 - [STDERR_REDIRECT] [Fatal Error] :1:1: Premature end of file.
2025-02-24 20:30:31,411 [ERROR] LogOutputStream:75 - [STDERR_REDIRECT] 
2025-02-24 20:30:32,405 [ERROR] LogOutputStream:75 - [STDERR_REDIRECT] [Fatal Error] :1:1: Premature end of file.
2025-02-24 20:30:32,406 [ERROR] LogOutputStream:75 - [STDERR_REDIRECT] 
2025-02-24 20:30:33,405 [ERROR] LogOutputStream:75 - [STDERR_REDIRECT] [Fatal Error] :1:1: Premature end of file.
2025-02-24 20:30:33,405 [ERROR] LogOutputStream:75 - [STDERR_REDIRECT] 
2025-02-24 20:30:34,257 [ERROR] LogOutputStream:75 - [STDERR_REDIRECT] [Fatal Error] :1:1: Premature end of file.
2025-02-24 20:30:34,257 [ERROR] LogOutputStream:75 - [STDERR_REDIRECT] 
2025-02-24 20:30:35,405 [ERROR] LogOutputStream:75 - [STDERR_REDIRECT] [Fatal Error] :1:1: Premature end of file.
2025-02-24 20:30:35,406 [ERROR] LogOutputStream:75 - [STDERR_REDIRECT] 
2025-02-24 20:30:36,405 [ERROR] LogOutputStream:75 - [STDERR_REDIRECT] [Fatal Error] :1:1: Premature end of file.
2025-02-24 20:30:36,405 [ERROR] LogOutputStream:75 - [STDERR_REDIRECT] 
2025-02-24 20:30:37,411 [ERROR] LogOutputStream:75 - [STDERR_REDIRECT] [Fatal Error] :1:1: Premature end of file.
2025-02-24 20:30:37,412 [ERROR] LogOutputStream:75 - [STDERR_REDIRECT] 
2025-02-24 20:30:38,286 [ERROR] LogOutputStream:75 - [STDERR_REDIRECT] [Fatal Error] :1:1: Premature end of file.
2025-02-24 20:30:38,286 [ERROR] LogOutputStream:75 - [STDERR_REDIRECT] 
2025-02-24 20:30:39,257 [ERROR] LogOutputStream:75 - [STDERR_REDIRECT] [Fatal Error] :1:1: Premature end of file.
2025-02-24 20:30:39,257 [ERROR] LogOutputStream:75 - [STDERR_REDIRECT] 
2025-02-24 20:30:40,263 [ERROR] LogOutputStream:75 - [STDERR_REDIRECT] [Fatal Error] :1:1: Premature end of file.
2025-02-24 20:30:40,263 [ERROR] LogOutputStream:75 - [STDERR_REDIRECT] 
2025-02-24 20:30:41,257 [ERROR] LogOutputStream:75 - [STDERR_REDIRECT] [Fatal Error] :1:1: Premature end of file.
2025-02-24 20:30:41,258 [ERROR] LogOutputStream:75 - [STDERR_REDIRECT] 
2025-02-24 20:30:42,258 [ERROR] LogOutputStream:75 - [STDERR_REDIRECT] [Fatal Error] :1:1: Premature end of file.
2025-02-24 20:30:42,259 [ERROR] LogOutputStream:75 - [STDERR_REDIRECT] 
2025-02-24 20:30:43,403 [ERROR] LogOutputStream:75 - [STDERR_REDIRECT] [Fatal Error] :1:1: Premature end of file.
2025-02-24 20:30:43,403 [ERROR] LogOutputStream:75 - [STDERR_REDIRECT] 
2025-02-24 20:30:44,280 [ERROR] LogOutputStream:75 - [STDERR_REDIRECT] [Fatal Error] :1:1: Premature end of file.
2025-02-24 20:30:44,280 [ERROR] LogOutputStream:75 - [STDERR_REDIRECT] 
2025-02-24 20:30:45,413 [ERROR] LogOutputStream:75 - [STDERR_REDIRECT] [Fatal Error] :1:1: Premature end of file.
2025-02-24 20:30:45,414 [ERROR] LogOutputStream:75 - [STDERR_REDIRECT] 
2025-02-24 20:30:46,407 [ERROR] LogOutputStream:75 - [STDERR_REDIRECT] [Fatal Error] :1:1: Premature end of file.
2025-02-24 20:30:46,408 [ERROR] LogOutputStream:75 - [STDERR_REDIRECT] 
2025-02-24 20:30:47,407 [ERROR] LogOutputStream:75 - [STDERR_REDIRECT] [Fatal Error] :1:1: Premature end of file.
2025-02-24 20:30:47,408 [ERROR] LogOutputStream:75 - [STDERR_REDIRECT] 
2025-02-24 20:30:48,280 [ERROR] LogOutputStream:75 - [STDERR_REDIRECT] [Fatal Error] :1:1: Premature end of file.
2025-02-24 20:30:48,281 [ERROR] LogOutputStream:75 - [STDERR_REDIRECT] 
2025-02-24 20:30:49,405 [ERROR] LogOutputStream:75 - [STDERR_REDIRECT] [Fatal Error] :1:1: Premature end of file.
2025-02-24 20:30:49,406 [ERROR] LogOutputStream:75 - [STDERR_REDIRECT] 
2025-02-24 20:30:50,376 [ERROR] LogOutputStream:75 - [STDERR_REDIRECT] [Fatal Error] :1:1: Premature end of file.
2025-02-24 20:30:50,376 [ERROR] LogOutputStream:75 - [STDERR_REDIRECT] 
2025-02-24 20:30:51,425 [ERROR] LogOutputStream:75 - [STDERR_REDIRECT] [Fatal Error] :1:1: Premature end of file.
2025-02-24 20:30:51,425 [ERROR] LogOutputStream:75 - [STDERR_REDIRECT] 
2025-02-24 20:30:52,334 [ERROR] LogOutputStream:75 - [STDERR_REDIRECT] [Fatal Error] :1:1: Premature end of file.
2025-02-24 20:30:52,334 [ERROR] LogOutputStream:75 - [STDERR_REDIRECT] 
2025-02-24 20:30:53,404 [ERROR] LogOutputStream:75 - [STDERR_REDIRECT] [Fatal Error] :1:1: Premature end of file.
2025-02-24 20:30:53,405 [ERROR] LogOutputStream:75 - [STDERR_REDIRECT] 
2025-02-24 20:30:54,256 [ERROR] LogOutputStream:75 - [STDERR_REDIRECT] [Fatal Error] :1:1: Premature end of file.
2025-02-24 20:30:54,256 [ERROR] LogOutputStream:75 - [STDERR_REDIRECT] 
2025-02-24 20:30:55,409 [ERROR] LogOutputStream:75 - [STDERR_REDIRECT] [Fatal Error] :1:1: Premature end of file.
2025-02-24 20:30:55,410 [ERROR] LogOutputStream:75 - [STDERR_REDIRECT] 
2025-02-24 20:30:56,414 [ERROR] LogOutputStream:75 - [STDERR_REDIRECT] [Fatal Error] :1:1: Premature end of file.
2025-02-24 20:30:56,415 [ERROR] LogOutputStream:75 - [STDERR_REDIRECT] 
2025-02-24 20:30:57,412 [ERROR] LogOutputStream:75 - [STDERR_REDIRECT] [Fatal Error] :1:1: Premature end of file.
2025-02-24 20:30:57,412 [ERROR] LogOutputStream:75 - [STDERR_REDIRECT] 
2025-02-24 20:30:58,337 [ERROR] LogOutputStream:75 - [STDERR_REDIRECT] [Fatal Error] :1:1: Premature end of file.
2025-02-24 20:30:58,337 [ERROR] LogOutputStream:75 - [STDERR_REDIRECT] 
2025-02-24 20:30:59,274 [ERROR] LogOutputStream:75 - [STDERR_REDIRECT] [Fatal Error] :1:1: Premature end of file.
2025-02-24 20:30:59,274 [ERROR] LogOutputStream:75 - [STDERR_REDIRECT] 
2025-02-24 20:31:00,301 [ERROR] LogOutputStream:75 - [STDERR_REDIRECT] [Fatal Error] :1:1: Premature end of file.
2025-02-24 20:31:00,301 [ERROR] LogOutputStream:75 - [STDERR_REDIRECT] 
2025-02-24 20:31:01,272 [ERROR] LogOutputStream:75 - [STDERR_REDIRECT] [Fatal Error] :1:1: Premature end of file.
2025-02-24 20:31:01,272 [ERROR] LogOutputStream:75 - [STDERR_REDIRECT] 
2025-02-24 20:31:02,256 [ERROR] LogOutputStream:75 - [STDERR_REDIRECT] [Fatal Error] :1:1: Premature end of file.
2025-02-24 20:31:02,257 [ERROR] LogOutputStream:75 - [STDERR_REDIRECT] 
2025-02-24 20:31:03,354 [ERROR] LogOutputStream:75 - [STDERR_REDIRECT] [Fatal Error] :1:1: Premature end of file.
2025-02-24 20:31:03,354 [ERROR] LogOutputStream:75 - [STDERR_REDIRECT] 
2025-02-24 20:31:04,256 [ERROR] LogOutputStream:75 - [STDERR_REDIRECT] [Fatal Error] :1:1: Premature end of file.
2025-02-24 20:31:04,256 [ERROR] LogOutputStream:75 - [STDERR_REDIRECT] 
2025-02-24 20:31:05,260 [ERROR] LogOutputStream:75 - [STDERR_REDIRECT] [Fatal Error] :1:1: Premature end of file.
2025-02-24 20:31:05,261 [ERROR] LogOutputStream:75 - [STDERR_REDIRECT] 
2025-02-24 20:31:06,260 [ERROR] LogOutputStream:75 - [STDERR_REDIRECT] [Fatal Error] :1:1: Premature end of file.
2025-02-24 20:31:06,260 [ERROR] LogOutputStream:75 - [STDERR_REDIRECT] 
2025-02-24 20:31:07,260 [ERROR] LogOutputStream:75 - [STDERR_REDIRECT] [Fatal Error] :1:1: Premature end of file.
2025-02-24 20:31:07,260 [ERROR] LogOutputStream:75 - [STDERR_REDIRECT] 
2025-02-24 20:31:08,260 [ERROR] LogOutputStream:75 - [STDERR_REDIRECT] [Fatal Error] :1:1: Premature end of file.
2025-02-24 20:31:08,260 [ERROR] LogOutputStream:75 - [STDERR_REDIRECT] 
2025-02-24 20:31:09,269 [ERROR] LogOutputStream:75 - [STDERR_REDIRECT] [Fatal Error] :1:1: Premature end of file.
2025-02-24 20:31:09,269 [ERROR] LogOutputStream:75 - [STDERR_REDIRECT] 
2025-02-24 20:31:10,362 [ERROR] LogOutputStream:75 - [STDERR_REDIRECT] [Fatal Error] :1:1: Premature end of file.
2025-02-24 20:31:10,362 [ERROR] LogOutputStream:75 - [STDERR_REDIRECT] 
2025-02-24 20:31:11,401 [ERROR] LogOutputStream:75 - [STDERR_REDIRECT] [Fatal Error] :1:1: Premature end of file.
2025-02-24 20:31:11,401 [ERROR] LogOutputStream:75 - [STDERR_REDIRECT] 
2025-02-24 20:31:12,283 [ERROR] LogOutputStream:75 - [STDERR_REDIRECT] [Fatal Error] :1:1: Premature end of file.
2025-02-24 20:31:12,284 [ERROR] LogOutputStream:75 - [STDERR_REDIRECT] 
2025-02-24 20:31:12,749 [ERROR] ConfigurationRetriever:142 - IOException on connection: Read timed out
2025-02-24 20:31:13,405 [ERROR] LogOutputStream:75 - [STDERR_REDIRECT] [Fatal Error] :1:1: Premature end of file.
2025-02-24 20:31:13,406 [ERROR] LogOutputStream:75 - [STDERR_REDIRECT] 
2025-02-24 20:31:14,284 [ERROR] LogOutputStream:75 - [STDERR_REDIRECT] [Fatal Error] :1:1: Premature end of file.
2025-02-24 20:31:14,285 [ERROR] LogOutputStream:75 - [STDERR_REDIRECT] 
2025-02-24 20:31:15,316 [ERROR] LogOutputStream:75 - [STDERR_REDIRECT] [Fatal Error] :1:1: Premature end of file.
2025-02-24 20:31:15,316 [ERROR] LogOutputStream:75 - [STDERR_REDIRECT] 
2025-02-24 20:31:16,256 [ERROR] LogOutputStream:75 - [STDERR_REDIRECT] [Fatal Error] :1:1: Premature end of file.
2025-02-24 20:31:16,257 [ERROR] LogOutputStream:75 - [STDERR_REDIRECT] 
2025-02-24 20:31:17,282 [ERROR] LogOutputStream:75 - [STDERR_REDIRECT] [Fatal Error] :1:1: Premature end of file.
2025-02-24 20:31:17,282 [ERROR] LogOutputStream:75 - [STDERR_REDIRECT] 
2025-02-24 20:31:18,255 [ERROR] LogOutputStream:75 - [STDERR_REDIRECT] [Fatal Error] :1:1: Premature end of file.
2025-02-24 20:31:18,256 [ERROR] LogOutputStream:75 - [STDERR_REDIRECT] 
2025-02-24 20:31:19,283 [ERROR] LogOutputStream:75 - [STDERR_REDIRECT] [Fatal Error] :1:1: Premature end of file.
2025-02-24 20:31:19,283 [ERROR] LogOutputStream:75 - [STDERR_REDIRECT] 
2025-02-24 20:31:20,280 [ERROR] LogOutputStream:75 - [STDERR_REDIRECT] [Fatal Error] :1:1: Premature end of file.
2025-02-24 20:31:20,280 [ERROR] LogOutputStream:75 - [STDERR_REDIRECT] 
2025-02-24 20:31:21,260 [ERROR] LogOutputStream:75 - [STDERR_REDIRECT] [Fatal Error] :1:1: Premature end of file.
2025-02-24 20:31:21,260 [ERROR] LogOutputStream:75 - [STDERR_REDIRECT] 
2025-02-24 20:31:22,260 [ERROR] LogOutputStream:75 - [STDERR_REDIRECT] [Fatal Error] :1:1: Premature end of file.
2025-02-24 20:31:22,261 [ERROR] LogOutputStream:75 - [STDERR_REDIRECT] 
2025-02-24 20:31:23,271 [ERROR] LogOutputStream:75 - [STDERR_REDIRECT] [Fatal Error] :1:1: Premature end of file.
2025-02-24 20:31:23,271 [ERROR] LogOutputStream:75 - [STDERR_REDIRECT] 
2025-02-24 20:31:24,116 [ERROR] LogOutputStream:75 - [STDERR_REDIRECT] 
2025-02-24 20:31:24,119 [ERROR] LogOutputStream:75 - [STDERR_REDIRECT] 
