2025-04-12 18:23:25,111 [INFO] Activator:176 - 


2025-04-12 18:23:25,116 [INFO] Activator:177 - !SESSION log4j initialized
2025-04-12 18:23:31,879 [INFO] LogOutputStream:77 - [STDOUT_REDIRECT] 
2025-04-12 18:23:32,294 [ERROR] ConfigurationRetriever:142 - IOException on connection: sw-center.st.com
2025-04-12 18:23:32,295 [ERROR] ConfigurationRetriever:142 - IOException on connection: sw-center.st.com
2025-04-12 18:23:32,296 [ERROR] ConfigurationRetriever:142 - IOException on connection: sw-center.st.com
2025-04-12 18:23:32,301 [ERROR] ConfigurationRetriever:142 - IOException on connection: sw-center.st.com
2025-04-12 18:23:32,302 [ERROR] ConfigurationRetriever:142 - IOException on connection: sw-center.st.com
2025-04-12 18:23:32,302 [ERROR] ConfigurationRetriever:142 - IOException on connection: sw-center.st.com
2025-04-12 18:23:35,403 [INFO] ApplicationProperties:184 - Using Application install path: C:\ST\STM32CubeIDE_1.16.1\STM32CubeIDE\plugins\com.st.stm32cube.common.mx_6.13.0.202411220809
2025-04-12 18:23:35,423 [INFO] DbMcusXml:78 - Set database path to: C:\ST\STM32CubeIDE_1.16.1\STM32CubeIDE\plugins\com.st.stm32cube.common.mx_6.13.0.202411220809\\db\/mcu/
2025-04-12 18:23:35,423 [INFO] ApiDb:274 - Set plugin database path to: C:\ST\STM32CubeIDE_1.16.1\STM32CubeIDE\plugins\com.st.stm32cube.common.mx_6.13.0.202411220809\\db\/plugins/boardmanager/
2025-04-12 18:23:35,425 [WARN] ApiDb:259 - Overriding images path with different value:  => C:\ST\STM32CubeIDE_1.16.1\STM32CubeIDE\plugins\com.st.stm32cube.common.mx_6.13.0.202411220809\\db\/plugins/mcufinder/images/
2025-04-12 18:23:35,435 [INFO] ApiDb:250 - Set database path to: C:\Users\SNYDE\.stmcufinder\plugins\mcufinder//mcu/
2025-04-12 18:23:35,438 [INFO] DbMcusAds:125 - Set database path to: C:\Users\SNYDE\.stmcufinder\plugins\mcufinder//mcu/
2025-04-12 18:23:35,441 [INFO] CrossReferenceDbSqlite:203 - Set database path to: C:\Users\SNYDE\.stmcufinder\plugins\mcufinder//mcu/cs/
2025-04-12 18:23:35,611 [INFO] RulesReader:64 - Compatibility file has been processed (297 Rules)
2025-04-12 18:23:35,724 [INFO] DbMcusXml:78 - Set database path to: C:\ST\STM32CubeIDE_1.16.1\STM32CubeIDE\plugins\com.st.stm32cube.common.mx_6.13.0.202411220809\\db\/mcu/
2025-04-12 18:23:35,724 [INFO] ApiDb:274 - Set plugin database path to: C:\ST\STM32CubeIDE_1.16.1\STM32CubeIDE\plugins\com.st.stm32cube.common.mx_6.13.0.202411220809\\db\/plugins/boardmanager/
2025-04-12 18:23:35,725 [INFO] ApiDb:261 - Set plugin images path to: C:\ST\STM32CubeIDE_1.16.1\STM32CubeIDE\plugins\com.st.stm32cube.common.mx_6.13.0.202411220809\\db\/plugins/mcufinder/images/
2025-04-12 18:23:35,725 [WARN] DbFile:41 - Overriding database path with different value: C:\Users\SNYDE\.stmcufinder\plugins\mcufinder/ => C:\Users\SNYDE\.stmcufinder\plugins\mcufinder
2025-04-12 18:23:35,725 [INFO] ApiDb:250 - Set database path to: C:\Users\SNYDE\.stmcufinder\plugins\mcufinder//mcu/
2025-04-12 18:23:35,725 [WARN] DbFile:41 - Overriding database path with different value: C:\Users\SNYDE\.stmcufinder\plugins\mcufinder/ => C:\Users\SNYDE\.stmcufinder\plugins\mcufinder
2025-04-12 18:23:35,725 [INFO] DbMcusAds:125 - Set database path to: C:\Users\SNYDE\.stmcufinder\plugins\mcufinder//mcu/
2025-04-12 18:23:35,725 [WARN] DbFile:41 - Overriding database path with different value: C:\Users\SNYDE\.stmcufinder\plugins\mcufinder/ => C:\Users\SNYDE\.stmcufinder\plugins\mcufinder
2025-04-12 18:23:35,725 [WARN] DbFile:41 - Overriding database path with different value: C:\Users\SNYDE\.stmcufinder\plugins\mcufinder/ => C:\Users\SNYDE\.stmcufinder\plugins\mcufinder
2025-04-12 18:23:35,725 [INFO] CrossReferenceDbSqlite:203 - Set database path to: C:\Users\SNYDE\.stmcufinder\plugins\mcufinder//mcu/cs/
2025-04-12 18:23:35,838 [INFO] MainPanel:272 - HeapMemory: 273678336
2025-04-12 18:23:35,973 [INFO] DbMcusXml:78 - Set database path to: C:\ST\STM32CubeIDE_1.16.1\STM32CubeIDE\plugins\com.st.stm32cube.common.mx_6.13.0.202411220809\\db\/mcu/
2025-04-12 18:23:35,974 [INFO] ApiDb:274 - Set plugin database path to: C:\ST\STM32CubeIDE_1.16.1\STM32CubeIDE\plugins\com.st.stm32cube.common.mx_6.13.0.202411220809\\db\/plugins/boardmanager/
2025-04-12 18:23:35,974 [INFO] ApiDb:261 - Set plugin images path to: C:\ST\STM32CubeIDE_1.16.1\STM32CubeIDE\plugins\com.st.stm32cube.common.mx_6.13.0.202411220809\\db\/plugins/mcufinder/images/
2025-04-12 18:23:35,974 [WARN] DbFile:41 - Overriding database path with different value: C:\Users\SNYDE\.stmcufinder\plugins\mcufinder/ => C:\Users\SNYDE\.stmcufinder\plugins\mcufinder
2025-04-12 18:23:35,974 [INFO] ApiDb:250 - Set database path to: C:\Users\SNYDE\.stmcufinder\plugins\mcufinder//mcu/
2025-04-12 18:23:35,974 [WARN] DbFile:41 - Overriding database path with different value: C:\Users\SNYDE\.stmcufinder\plugins\mcufinder/ => C:\Users\SNYDE\.stmcufinder\plugins\mcufinder
2025-04-12 18:23:35,974 [INFO] DbMcusAds:125 - Set database path to: C:\Users\SNYDE\.stmcufinder\plugins\mcufinder//mcu/
2025-04-12 18:23:35,975 [WARN] DbFile:41 - Overriding database path with different value: C:\Users\SNYDE\.stmcufinder\plugins\mcufinder/ => C:\Users\SNYDE\.stmcufinder\plugins\mcufinder
2025-04-12 18:23:35,975 [WARN] DbFile:41 - Overriding database path with different value: C:\Users\SNYDE\.stmcufinder\plugins\mcufinder/ => C:\Users\SNYDE\.stmcufinder\plugins\mcufinder
2025-04-12 18:23:35,975 [INFO] CrossReferenceDbSqlite:203 - Set database path to: C:\Users\SNYDE\.stmcufinder\plugins\mcufinder//mcu/cs/
2025-04-12 18:23:36,002 [INFO] ApplicationProperties:184 - Using Application install path: C:\ST\STM32CubeIDE_1.16.1\STM32CubeIDE\plugins\com.st.stm32cube.common.mx_6.13.0.202411220809
2025-04-12 18:23:36,005 [INFO] PluginManage:196 - Search for loadable plugins [exclusion list=, ]
2025-04-12 18:23:36,008 [INFO] PluginManage:310 - Check plugin analytics
2025-04-12 18:23:36,335 [INFO] AnalyticsPlugin:253 - Accepted Software Licenses: 
2025-04-12 18:23:36,336 [INFO] AnalyticsPlugin:255 - Accepted CMSIS Pack Licenses: STMicroelectronics.X-CUBE-MEMS1.10.0.0
2025-04-12 18:23:36,336 [INFO] AnalyticsPlugin:257 - Accepted Firmware Licenses: FW.G4.1.6.0,FW.H7.1.12.0,FW.F7.1.17.0,FW.F4.1.28.0
2025-04-12 18:23:36,340 [INFO] PluginManage:359 - Loaded plugin analytics (category:tool,tabindex:-1)
2025-04-12 18:23:36,341 [INFO] PluginManage:310 - Check plugin cadmodel
2025-04-12 18:23:36,342 [ERROR] ConfigurationRetriever:142 - IOException on connection: sw-center.st.com
2025-04-12 18:23:36,344 [ERROR] ConfigurationRetriever:142 - IOException on connection: sw-center.st.com
2025-04-12 18:23:36,344 [ERROR] ConfigurationRetriever:142 - IOException on connection: sw-center.st.com
2025-04-12 18:23:36,373 [INFO] CADModel:105 - Init CAD model plugin
2025-04-12 18:23:36,373 [INFO] PluginManage:359 - Loaded plugin cadmodel (category:power,tabindex:5)
2025-04-12 18:23:36,373 [INFO] PluginManage:310 - Check plugin clock
2025-04-12 18:23:36,400 [INFO] PluginManage:359 - Loaded plugin clock (category:base,tabindex:2)
2025-04-12 18:23:36,400 [INFO] PluginManage:310 - Check plugin ddr
2025-04-12 18:23:36,403 [INFO] PluginManage:359 - Loaded plugin ddr (category:tool,tabindex:6)
2025-04-12 18:23:36,403 [INFO] PluginManage:310 - Check plugin filemanager
2025-04-12 18:23:36,572 [INFO] PluginManage:359 - Loaded plugin filemanager (category:base,tabindex:10)
2025-04-12 18:23:36,573 [INFO] PluginManage:310 - Check plugin ipmanager
2025-04-12 18:23:36,584 [INFO] PluginManage:359 - Loaded plugin ipmanager (category:base,tabindex:5)
2025-04-12 18:23:36,585 [INFO] PluginManage:310 - Check plugin lpbam
2025-04-12 18:23:36,613 [INFO] PluginManage:359 - Loaded plugin lpbam (category:base,tabindex:0)
2025-04-12 18:23:36,613 [INFO] PluginManage:310 - Check plugin memorymap
2025-04-12 18:23:36,646 [INFO] PluginManage:359 - Loaded plugin memorymap (category:base,tabindex:4)
2025-04-12 18:23:36,646 [INFO] PluginManage:310 - Check plugin pinoutandconfiguration
2025-04-12 18:23:36,669 [INFO] PluginManage:359 - Loaded plugin pinoutandconfiguration (category:base,tabindex:1)
2025-04-12 18:23:36,670 [INFO] PluginManage:310 - Check plugin pinoutconfig
2025-04-12 18:23:36,799 [WARN] SupportedApi:132 - Cannot load RTOS API schema: s4s-elt-must-match.1: The content of 'definitions' must match (annotation?, (simpleType | complexType)?, (unique | key | keyref)*)). A problem was found starting at: attribute.
2025-04-12 18:23:36,968 [INFO] PluginManage:359 - Loaded plugin pinoutconfig (category:base,tabindex:0)
2025-04-12 18:23:36,970 [INFO] PluginManage:310 - Check plugin power
2025-04-12 18:23:36,999 [INFO] PluginManage:359 - Loaded plugin power (category:power,tabindex:4)
2025-04-12 18:23:36,999 [INFO] PluginManage:310 - Check plugin projectmanager
2025-04-12 18:23:37,022 [INFO] PluginManage:359 - Loaded plugin projectmanager (category:projectmanager,tabindex:4)
2025-04-12 18:23:37,022 [INFO] PluginManage:310 - Check plugin rif
2025-04-12 18:23:37,047 [INFO] PluginManage:359 - Loaded plugin rif (category:base,tabindex:3)
2025-04-12 18:23:37,048 [INFO] PluginManage:310 - Check plugin thirdparty
2025-04-12 18:23:37,428 [INFO] PluginManage:359 - Loaded plugin thirdparty (category:base,tabindex:-1)
2025-04-12 18:23:37,428 [WARN] IntegrityCheckThread:84 - waiting for thirdparty lock release [integrity check]
2025-04-12 18:23:37,428 [INFO] PluginManage:310 - Check plugin tools
2025-04-12 18:23:37,428 [INFO] IntegrityCheckThread:86 - entering critical section [integrity check]
2025-04-12 18:23:37,428 [INFO] ThirdPartyUpdaterWithRetryManager:70 - Updater plugin not ready yet. [1/15]
2025-04-12 18:23:37,487 [INFO] PluginManage:359 - Loaded plugin tools (category:base,tabindex:7)
2025-04-12 18:23:37,488 [INFO] PluginManage:310 - Check plugin tutovideos
2025-04-12 18:23:37,726 [INFO] PluginManage:359 - Loaded plugin tutovideos (category:base,tabindex:-1)
2025-04-12 18:23:37,726 [INFO] PluginManage:310 - Check plugin updater
2025-04-12 18:23:37,748 [INFO] PluginManage:359 - Loaded plugin updater (category:base,tabindex:12)
2025-04-12 18:23:37,748 [INFO] PluginManage:310 - Check plugin userauth
2025-04-12 18:23:37,753 [INFO] UserAuth:118 - Init User Auth plugin
2025-04-12 18:23:37,753 [INFO] PluginManage:359 - Loaded plugin userauth (category:base,tabindex:14)
2025-04-12 18:23:37,753 [INFO] PluginManage:283 - PluginManage : Loaded plugins [18]
2025-04-12 18:23:38,052 [INFO] PinOutPanel:1589 - setPackage(No Configuration,No Configuration)
2025-04-12 18:23:38,211 [INFO] CADModel:165 - CPN selected for project level
2025-04-12 18:23:38,211 [INFO] CADModel:114 - Register for checkConnection events
2025-04-12 18:23:38,250 [INFO] IPUIPlugin:80 - create IPUIPlugin
2025-04-12 18:23:38,251 [INFO] PluginManager:220 - loadIPPluginJar : add adc
2025-04-12 18:23:38,342 [INFO] IPUIPlugin:80 - create IPUIPlugin
2025-04-12 18:23:38,342 [INFO] PluginManager:220 - loadIPPluginJar : add aes
2025-04-12 18:23:38,452 [INFO] IPUIPlugin:80 - create IPUIPlugin
2025-04-12 18:23:38,452 [INFO] PluginManager:220 - loadIPPluginJar : add can
2025-04-12 18:23:38,518 [INFO] IPUIPlugin:80 - create IPUIPlugin
2025-04-12 18:23:38,518 [INFO] PluginManager:220 - loadIPPluginJar : add comp
2025-04-12 18:23:38,609 [INFO] IPUIPlugin:80 - create IPUIPlugin
2025-04-12 18:23:38,609 [INFO] PluginManager:220 - loadIPPluginJar : add cryp
2025-04-12 18:23:38,639 [INFO] IPUIPlugin:80 - create IPUIPlugin
2025-04-12 18:23:38,639 [INFO] PluginManager:220 - loadIPPluginJar : add ddr_ctrl_phy
2025-04-12 18:23:38,715 [INFO] IPUIPlugin:80 - create IPUIPlugin
2025-04-12 18:23:38,715 [INFO] PluginManager:220 - loadIPPluginJar : add dfsdm
2025-04-12 18:23:38,745 [INFO] IPUIPlugin:80 - create IPUIPlugin
2025-04-12 18:23:38,746 [INFO] PluginManager:220 - loadIPPluginJar : add dma
2025-04-12 18:23:38,846 [INFO] IPUIPlugin:80 - create IPUIPlugin
2025-04-12 18:23:38,846 [INFO] PluginManager:220 - loadIPPluginJar : add dma3
2025-04-12 18:23:38,975 [INFO] IPUIPlugin:80 - create IPUIPlugin
2025-04-12 18:23:38,975 [INFO] PluginManager:220 - loadIPPluginJar : add extmemmanager
2025-04-12 18:23:39,041 [INFO] IPUIPlugin:80 - create IPUIPlugin
2025-04-12 18:23:39,041 [INFO] PluginManager:220 - loadIPPluginJar : add fatfs
2025-04-12 18:23:39,169 [INFO] IPUIPlugin:80 - create IPUIPlugin
2025-04-12 18:23:39,170 [INFO] PluginManager:220 - loadIPPluginJar : add fmc
2025-04-12 18:23:39,203 [INFO] IPUIPlugin:80 - create IPUIPlugin
2025-04-12 18:23:39,204 [INFO] PluginManager:220 - loadIPPluginJar : add freertos
2025-04-12 18:23:39,257 [INFO] IPUIPlugin:80 - create IPUIPlugin
2025-04-12 18:23:39,257 [INFO] PluginManager:220 - loadIPPluginJar : add genericplugin
2025-04-12 18:23:39,508 [INFO] IPUIPlugin:80 - create IPUIPlugin
2025-04-12 18:23:39,508 [INFO] PluginManager:220 - loadIPPluginJar : add gfxmmu
2025-04-12 18:23:39,823 [INFO] IPUIPlugin:80 - create IPUIPlugin
2025-04-12 18:23:39,824 [INFO] PluginManager:220 - loadIPPluginJar : add gic
2025-04-12 18:23:39,842 [INFO] IPUIPlugin:80 - create IPUIPlugin
2025-04-12 18:23:39,842 [INFO] PluginManager:220 - loadIPPluginJar : add gpio
2025-04-12 18:23:40,046 [INFO] IPUIPlugin:80 - create IPUIPlugin
2025-04-12 18:23:40,046 [INFO] PluginManager:220 - loadIPPluginJar : add gtzc
2025-04-12 18:23:40,102 [INFO] IPUIPlugin:80 - create IPUIPlugin
2025-04-12 18:23:40,102 [INFO] PluginManager:220 - loadIPPluginJar : add hash
2025-04-12 18:23:40,191 [INFO] IPUIPlugin:80 - create IPUIPlugin
2025-04-12 18:23:40,192 [INFO] PluginManager:220 - loadIPPluginJar : add i2c
2025-04-12 18:23:40,253 [INFO] IPUIPlugin:80 - create IPUIPlugin
2025-04-12 18:23:40,253 [INFO] PluginManager:220 - loadIPPluginJar : add i2s
2025-04-12 18:23:40,320 [INFO] IPUIPlugin:80 - create IPUIPlugin
2025-04-12 18:23:40,320 [INFO] PluginManager:220 - loadIPPluginJar : add i3c
2025-04-12 18:23:40,430 [INFO] ThirdPartyUpdaterWithRetryManager:70 - Updater plugin not ready yet. [2/15]
2025-04-12 18:23:40,476 [INFO] IPUIPlugin:80 - create IPUIPlugin
2025-04-12 18:23:40,476 [INFO] PluginManager:220 - loadIPPluginJar : add ipddr
2025-04-12 18:23:40,621 [INFO] IPUIPlugin:80 - create IPUIPlugin
2025-04-12 18:23:40,621 [INFO] PluginManager:220 - loadIPPluginJar : add linkedlist
2025-04-12 18:23:40,667 [INFO] IPUIPlugin:80 - create IPUIPlugin
2025-04-12 18:23:40,667 [INFO] PluginManager:220 - loadIPPluginJar : add lorawan
2025-04-12 18:23:40,718 [INFO] IPUIPlugin:80 - create IPUIPlugin
2025-04-12 18:23:40,718 [INFO] PluginManager:220 - loadIPPluginJar : add ltdc
2025-04-12 18:23:40,735 [INFO] IPUIPlugin:80 - create IPUIPlugin
2025-04-12 18:23:40,735 [INFO] PluginManager:220 - loadIPPluginJar : add mdma
2025-04-12 18:23:40,752 [INFO] IPUIPlugin:80 - create IPUIPlugin
2025-04-12 18:23:40,752 [INFO] PluginManager:220 - loadIPPluginJar : add nvic
2025-04-12 18:23:40,817 [INFO] IPUIPlugin:80 - create IPUIPlugin
2025-04-12 18:23:40,817 [INFO] PluginManager:220 - loadIPPluginJar : add opamp
2025-04-12 18:23:40,958 [INFO] IPUIPlugin:80 - create IPUIPlugin
2025-04-12 18:23:40,959 [INFO] PluginManager:220 - loadIPPluginJar : add openamp
2025-04-12 18:23:41,051 [INFO] IPUIPlugin:80 - create IPUIPlugin
2025-04-12 18:23:41,051 [INFO] PluginManager:220 - loadIPPluginJar : add pdm2pcm
2025-04-12 18:23:41,077 [INFO] IPUIPlugin:80 - create IPUIPlugin
2025-04-12 18:23:41,080 [INFO] PluginManager:220 - loadIPPluginJar : add plateformsettings
2025-04-12 18:23:41,129 [INFO] IPUIPlugin:80 - create IPUIPlugin
2025-04-12 18:23:41,129 [INFO] PluginManager:220 - loadIPPluginJar : add quadspi
2025-04-12 18:23:41,177 [INFO] IPUIPlugin:80 - create IPUIPlugin
2025-04-12 18:23:41,178 [INFO] PluginManager:220 - loadIPPluginJar : add radio
2025-04-12 18:23:41,201 [INFO] IPUIPlugin:80 - create IPUIPlugin
2025-04-12 18:23:41,201 [INFO] PluginManager:220 - loadIPPluginJar : add resmgrutility
2025-04-12 18:23:41,274 [INFO] IPUIPlugin:80 - create IPUIPlugin
2025-04-12 18:23:41,274 [INFO] PluginManager:220 - loadIPPluginJar : add sai
2025-04-12 18:23:41,336 [INFO] IPUIPlugin:80 - create IPUIPlugin
2025-04-12 18:23:41,336 [INFO] PluginManager:220 - loadIPPluginJar : add spi
2025-04-12 18:23:41,515 [INFO] IPUIPlugin:80 - create IPUIPlugin
2025-04-12 18:23:41,516 [INFO] PluginManager:220 - loadIPPluginJar : add stm32_wpan
2025-04-12 18:23:41,607 [INFO] IPUIPlugin:80 - create IPUIPlugin
2025-04-12 18:23:41,608 [INFO] PluginManager:220 - loadIPPluginJar : add tim
2025-04-12 18:23:41,784 [INFO] IPUIPlugin:80 - create IPUIPlugin
2025-04-12 18:23:41,785 [INFO] PluginManager:220 - loadIPPluginJar : add touchsensing
2025-04-12 18:23:41,842 [INFO] IPUIPlugin:80 - create IPUIPlugin
2025-04-12 18:23:41,843 [INFO] PluginManager:220 - loadIPPluginJar : add tracer_emb
2025-04-12 18:23:41,892 [INFO] IPUIPlugin:80 - create IPUIPlugin
2025-04-12 18:23:41,892 [INFO] PluginManager:220 - loadIPPluginJar : add ts
2025-04-12 18:23:41,934 [INFO] IPUIPlugin:80 - create IPUIPlugin
2025-04-12 18:23:41,934 [INFO] PluginManager:220 - loadIPPluginJar : add tsc
2025-04-12 18:23:41,972 [INFO] IPUIPlugin:80 - create IPUIPlugin
2025-04-12 18:23:41,972 [INFO] PluginManager:220 - loadIPPluginJar : add ucpd
2025-04-12 18:23:42,046 [INFO] IPUIPlugin:80 - create IPUIPlugin
2025-04-12 18:23:42,046 [INFO] PluginManager:220 - loadIPPluginJar : add usart
2025-04-12 18:23:42,117 [INFO] IPUIPlugin:80 - create IPUIPlugin
2025-04-12 18:23:42,117 [INFO] PluginManager:220 - loadIPPluginJar : add usbx
2025-04-12 18:23:42,266 [FATAL] Updater:351 - Updater called before beeing initialized
2025-04-12 18:23:42,296 [INFO] RulesReader:64 - Compatibility file has been processed (297 Rules)
2025-04-12 18:23:42,315 [INFO] RulesReader:64 - Compatibility file has been processed (297 Rules)
2025-04-12 18:23:42,324 [INFO] CADModel:165 - CPN selected for project level
2025-04-12 18:23:42,324 [INFO] CADModel:114 - Register for checkConnection events
2025-04-12 18:23:42,325 [FATAL] Updater:351 - Updater called before beeing initialized
2025-04-12 18:23:42,325 [ERROR] CADModel:125 - Updater not yet initialized, retry later 
2025-04-12 18:23:42,526 [FATAL] Updater:351 - Updater called before beeing initialized
2025-04-12 18:23:42,528 [INFO] CADModel:165 - CPN selected for project level
2025-04-12 18:23:42,528 [INFO] CADModel:114 - Register for checkConnection events
2025-04-12 18:23:42,528 [FATAL] Updater:351 - Updater called before beeing initialized
2025-04-12 18:23:42,528 [ERROR] CADModel:125 - Updater not yet initialized, retry later 
2025-04-12 18:23:42,531 [FATAL] Updater:351 - Updater called before beeing initialized
2025-04-12 18:23:42,690 [FATAL] Updater:351 - Updater called before beeing initialized
2025-04-12 18:23:42,705 [INFO] DbMcusAds:53 - JSON generation date=Tue Dec 17 17:01:15 CET 2024 (1734451275111)
2025-04-12 18:23:42,705 [FATAL] Updater:351 - Updater called before beeing initialized
2025-04-12 18:23:42,754 [WARN] DetailPanel:346 - Failed to get advertising image, set to default
2025-04-12 18:23:43,056 [FATAL] Updater:351 - Updater called before beeing initialized
2025-04-12 18:23:43,059 [FATAL] Updater:351 - Updater called before beeing initialized
2025-04-12 18:23:43,059 [FATAL] Updater:351 - Updater called before beeing initialized
2025-04-12 18:23:43,059 [WARN] DetailPanel:346 - Failed to get advertising image, set to default
2025-04-12 18:23:43,060 [FATAL] Updater:351 - Updater called before beeing initialized
2025-04-12 18:23:43,143 [ERROR] Updater:1198 - MainUpdater not yet initialized. External WinMGr cannot be set.
2025-04-12 18:23:43,157 [INFO] Updater:1134 - Updater Version found : 6.13.0
2025-04-12 18:23:43,176 [INFO] ApplicationProperties:184 - Using Application install path: C:\ST\STM32CubeIDE_1.16.1\STM32CubeIDE\plugins\com.st.stm32cube.common.mx_6.13.0.202411220809
2025-04-12 18:23:43,432 [INFO] ThirdPartyUpdaterWithRetryManager:70 - Updater plugin not ready yet. [3/15]
2025-04-12 18:23:44,761 [ERROR] LogOutputStream:75 - [STDERR_REDIRECT] Apr 12, 2025 6:23:44 PM java.util.prefs.WindowsPreferences <init>
2025-04-12 18:23:44,762 [ERROR] LogOutputStream:75 - [STDERR_REDIRECT] WARNING: Could not open/create prefs root node Software\JavaSoft\Prefs at root 0xffffffff80000002. Windows RegCreateKeyEx(...) returned error code 5.
2025-04-12 18:23:44,762 [ERROR] LogOutputStream:75 - [STDERR_REDIRECT] 
2025-04-12 18:23:45,160 [INFO] MainUpdater:2872 - connection check result : 22
2025-04-12 18:23:45,161 [INFO] MainUpdater:289 - Updater Check For Update Now.
2025-04-12 18:23:45,161 [INFO] MicroXplorer:498 - Change Database Version : DB.6.0.130
2025-04-12 18:23:45,184 [INFO] McuFinderGlobals:63 - Set McuFinder mode to 2 (CubeIDE integrated)
2025-04-12 18:23:45,196 [INFO] UserAuth:486 - Internet connection configuration mode: 2
2025-04-12 18:23:45,204 [INFO] UserAuth:486 - Internet connection configuration mode: 2
2025-04-12 18:23:45,427 [INFO] CheckServerUpdateThread:120 - End of CheckServer Thread
2025-04-12 18:23:46,349 [ERROR] LogOutputStream:75 - [STDERR_REDIRECT] [Fatal Error] :1:1: Premature end of file.
2025-04-12 18:23:46,350 [ERROR] LogOutputStream:75 - [STDERR_REDIRECT] 
2025-04-12 18:23:46,744 [WARN] PackLoader:240 - Cannot read IP mode file for STMicroelectronics.FP-SNS-MOTENVWB1.1.4.0
2025-04-12 18:23:46,768 [WARN] PackLoader:240 - Cannot read IP mode file for STMicroelectronics.FP-ATR-ASTRA1.2.0.2
2025-04-12 18:23:46,786 [WARN] PackLoader:240 - Cannot read IP mode file for STMicroelectronics.FP-ATR-ASTRA1.2.0.1
2025-04-12 18:23:46,810 [WARN] PackLoader:240 - Cannot read IP mode file for STMicroelectronics.X-CUBE-SMBUS.2.1.0
2025-04-12 18:23:46,840 [WARN] PackLoader:240 - Cannot read IP mode file for STMicroelectronics.X-CUBE-WB05N.1.1.0
2025-04-12 18:23:46,910 [WARN] PackLoader:240 - Cannot read IP mode file for STMicroelectronics.X-CUBE-AZRTOS-F7.1.1.0
2025-04-12 18:23:46,938 [WARN] PackLoader:240 - Cannot read IP mode file for STMicroelectronics.FP-SNS-FLIGHT1.5.0.2
2025-04-12 18:23:47,003 [WARN] PackLoader:240 - Cannot read IP mode file for Infineon.AIROC-Wi-Fi-Bluetooth-STM32.1.7.0
2025-04-12 18:23:47,037 [WARN] PackLoader:240 - Cannot read IP mode file for STMicroelectronics.X-CUBE-DISPLAY.3.0.0
2025-04-12 18:23:47,067 [WARN] PackLoader:240 - Cannot read IP mode file for STMicroelectronics.X-CUBE-BLE1.7.0.0
2025-04-12 18:23:47,088 [WARN] PackLoader:240 - Cannot read IP mode file for STMicroelectronics.X-CUBE-NFC10.1.0.0
2025-04-12 18:23:47,118 [WARN] PackLoader:240 - Cannot read IP mode file for STMicroelectronics.X-CUBE-BLEMGR.4.0.0
2025-04-12 18:23:47,149 [WARN] PackLoader:240 - Cannot read IP mode file for emotas.I-CUBE-CANOPEN.1.3.0
2025-04-12 18:23:47,169 [WARN] PackLoader:240 - Cannot read IP mode file for STMicroelectronics.X-CUBE-AI.10.0.0
2025-04-12 18:23:47,192 [WARN] PackLoader:240 - Cannot read IP mode file for STMicroelectronics.FP-SNS-SMARTAG2.1.2.0
2025-04-12 18:23:47,212 [WARN] PackLoader:240 - Cannot read IP mode file for STMicroelectronics.FP-SNS-FLIGHT1.5.1.0
2025-04-12 18:23:47,307 [WARN] PackLoader:240 - Cannot read IP mode file for STMicroelectronics.X-CUBE-MEMS1.11.1.0
2025-04-12 18:23:47,336 [ERROR] LogOutputStream:75 - [STDERR_REDIRECT] [Fatal Error] :1:1: Premature end of file.
2025-04-12 18:23:47,336 [ERROR] LogOutputStream:75 - [STDERR_REDIRECT] 
2025-04-12 18:23:47,546 [INFO] LogOutputStream:77 - [STDOUT_REDIRECT] 1 : Invalid condition id : UX_CORESTACK_Condition cause : null
2025-04-12 18:23:47,547 [INFO] LogOutputStream:77 - [STDOUT_REDIRECT] 1 : Invalid condition id : UX_CORESTACK_Condition cause : null
2025-04-12 18:23:47,549 [INFO] LogOutputStream:77 - [STDOUT_REDIRECT] 1 : Invalid condition id : UX_CORESTACK_Condition cause : null
2025-04-12 18:23:47,551 [INFO] LogOutputStream:77 - [STDOUT_REDIRECT] 1 : Invalid condition id : UX_CORESTACK_Condition cause : null
2025-04-12 18:23:47,553 [INFO] LogOutputStream:77 - [STDOUT_REDIRECT] 1 : Invalid condition id : UX_CORESTACK_Condition cause : null
2025-04-12 18:23:47,558 [WARN] PackLoader:240 - Cannot read IP mode file for STMicroelectronics.X-CUBE-AZRTOS-WL.2.0.0
2025-04-12 18:23:47,584 [WARN] PackLoader:240 - Cannot read IP mode file for STMicroelectronics.FP-SNS-MOTENV1.5.0.0
2025-04-12 18:23:47,609 [WARN] PackLoader:240 - Cannot read IP mode file for wolfSSL.I-CUBE-wolfMQTT.1.19.0
2025-04-12 18:23:47,655 [WARN] PackLoader:240 - Cannot read IP mode file for WES.I-CUBE-Cesium.1.3.0
2025-04-12 18:23:47,675 [WARN] PackLoader:240 - Cannot read IP mode file for STMicroelectronics.X-CUBE-BLE2.3.3.0
2025-04-12 18:23:47,695 [WARN] PackLoader:240 - Cannot read IP mode file for STMicroelectronics.X-CUBE-NFC9.1.0.0
2025-04-12 18:23:47,717 [WARN] PackLoader:240 - Cannot read IP mode file for STMicroelectronics.X-CUBE-BLE1.7.1.0
2025-04-12 18:23:47,759 [WARN] PackLoader:240 - Cannot read IP mode file for STMicroelectronics.X-CUBE-AZRTOS-G0.1.1.0
2025-04-12 18:23:47,783 [WARN] PackLoader:240 - Cannot read IP mode file for STMicroelectronics.X-CUBE-SAFEA1.1.2.2
2025-04-12 18:23:47,805 [WARN] PackLoader:240 - Cannot read IP mode file for STMicroelectronics.X-CUBE-NFC4.3.0.0
2025-04-12 18:23:47,842 [WARN] PackLoader:240 - Cannot read IP mode file for EmbeddedOffice.I-CUBE-FS-RTOS.1.0.1
2025-04-12 18:23:47,868 [WARN] PackLoader:240 - Cannot read IP mode file for STMicroelectronics.X-CUBE-TCPP.4.2.0
2025-04-12 18:23:47,891 [WARN] PackLoader:240 - Cannot read IP mode file for RealThread.X-CUBE-RT-Thread_Nano.4.1.1
2025-04-12 18:23:47,908 [WARN] PackLoader:240 - Cannot read IP mode file for STMicroelectronics.FP-ATR-SIGFOX1.3.2.0
2025-04-12 18:23:47,930 [WARN] ConditionMgr:438 - getConditionDescription Invalid condition id : Cortex-A Device cause : null
2025-04-12 18:23:47,962 [WARN] ConditionMgr:1044 - genDependencies : Invalid condition id : Cortex-A Device cause : null
2025-04-12 18:23:47,964 [WARN] ConditionMgr:1044 - genDependencies : Invalid condition id : Cortex-A Device cause : null
2025-04-12 18:23:47,964 [WARN] ConditionMgr:1044 - genDependencies : Invalid condition id : Cortex-A Device cause : null
2025-04-12 18:23:47,983 [WARN] PackLoader:240 - Cannot read IP mode file for STMicroelectronics.X-CUBE-EEPRMA1.5.1.0
2025-04-12 18:23:47,999 [WARN] PackLoader:240 - Cannot read IP mode file for wolfSSL.I-CUBE-wolfSSL.5.7.4
2025-04-12 18:23:48,018 [WARN] PackLoader:240 - Cannot read IP mode file for ITTIA_DB.I-CUBE-ITTIADB.8.9.0
2025-04-12 18:23:48,058 [WARN] PackLoader:240 - Cannot read IP mode file for SEGGER.I-CUBE-embOS.1.3.1
2025-04-12 18:23:48,134 [WARN] PackLoader:240 - Cannot read IP mode file for STMicroelectronics.X-CUBE-ALGOBUILD.1.4.0
2025-04-12 18:23:48,155 [WARN] PackLoader:240 - Cannot read IP mode file for STMicroelectronics.X-CUBE-AI.9.1.0
2025-04-12 18:23:48,209 [WARN] PackLoader:240 - Cannot read IP mode file for STMicroelectronics.X-CUBE-AZRTOS-F4.1.1.0
2025-04-12 18:23:48,235 [WARN] PackLoader:240 - Cannot read IP mode file for STMicroelectronics.X-CUBE-ISPU.2.1.0
2025-04-12 18:23:48,284 [WARN] PackLoader:240 - Cannot read IP mode file for STMicroelectronics.X-CUBE-AZRTOS-L5.2.0.0
2025-04-12 18:23:48,314 [WARN] PackLoader:240 - Cannot read IP mode file for STMicroelectronics.X-CUBE-NFC6.3.1.0
2025-04-12 18:23:48,339 [ERROR] LogOutputStream:75 - [STDERR_REDIRECT] [Fatal Error] :1:1: Premature end of file.
2025-04-12 18:23:48,339 [ERROR] LogOutputStream:75 - [STDERR_REDIRECT] 
2025-04-12 18:23:48,344 [WARN] PackLoader:240 - Cannot read IP mode file for STMicroelectronics.X-CUBE-DPower.1.2.0
2025-04-12 18:23:48,366 [WARN] PackLoader:240 - Cannot read IP mode file for STMicroelectronics.X-CUBE-FREERTOS.1.3.0
2025-04-12 18:23:48,384 [WARN] PackLoader:240 - Cannot read IP mode file for STMicroelectronics.X-CUBE-NFC7.1.0.1
2025-04-12 18:23:48,402 [WARN] PackLoader:240 - Cannot read IP mode file for STMicroelectronics.X-CUBE-DPower.1.3.0
2025-04-12 18:23:48,442 [WARN] ConditionMgr:438 - getConditionDescription Invalid condition id : LAN8742 Phy interface Condition cause : null
2025-04-12 18:23:48,442 [WARN] PackLoader:240 - Cannot read IP mode file for STMicroelectronics.X-CUBE-AZRTOS-L4.2.0.0
2025-04-12 18:23:48,445 [WARN] ConditionMgr:1044 - genDependencies : Invalid condition id : LAN8742 Phy interface Condition cause : null
2025-04-12 18:23:48,445 [WARN] ConditionMgr:1044 - genDependencies : Invalid condition id : LAN8742 Phy interface Condition cause : null
2025-04-12 18:23:48,446 [WARN] ConditionMgr:1044 - genDependencies : Invalid condition id : LAN8742 Phy interface Condition cause : null
2025-04-12 18:23:48,472 [WARN] PackLoader:240 - Cannot read IP mode file for STMicroelectronics.X-CUBE-SFXS2LP1.4.0.0
2025-04-12 18:23:48,513 [WARN] PackLoader:240 - Cannot read IP mode file for STMicroelectronics.X-CUBE-AZRTOS-H7.3.3.0
2025-04-12 18:23:48,554 [WARN] ConditionMgr:438 - getConditionDescription Invalid condition id : UX DEVICE CLASS RTOS Condition cause : null
2025-04-12 18:23:48,554 [WARN] ConditionMgr:438 - getConditionDescription Invalid condition id : UX DEVICE CLASS RTOS Condition cause : null
2025-04-12 18:23:48,556 [WARN] PackLoader:240 - Cannot read IP mode file for STMicroelectronics.X-CUBE-AZRTOS-WB.2.0.0
2025-04-12 18:23:48,557 [WARN] ConditionMgr:1044 - genDependencies : Invalid condition id : UX DEVICE CLASS RTOS Condition cause : null
2025-04-12 18:23:48,557 [WARN] ConditionMgr:1044 - genDependencies : Invalid condition id : UX DEVICE CLASS RTOS Condition cause : null
2025-04-12 18:23:48,558 [WARN] ConditionMgr:1044 - genDependencies : Invalid condition id : UX DEVICE CLASS RTOS Condition cause : null
2025-04-12 18:23:48,558 [WARN] ConditionMgr:1044 - genDependencies : Invalid condition id : UX DEVICE CLASS RTOS Condition cause : null
2025-04-12 18:23:48,558 [WARN] ConditionMgr:1044 - genDependencies : Invalid condition id : UX DEVICE CLASS RTOS Condition cause : null
2025-04-12 18:23:48,578 [WARN] PackLoader:240 - Cannot read IP mode file for STMicroelectronics.X-CUBE-GNSS1.7.0.1
2025-04-12 18:23:48,600 [WARN] PackLoader:240 - Cannot read IP mode file for STMicroelectronics.X-CUBE-TOUCHGFX.4.25.0
2025-04-12 18:23:48,625 [WARN] PackLoader:240 - Cannot read IP mode file for STMicroelectronics.FP-SNS-STBOX1.2.0.0
2025-04-12 18:23:48,654 [WARN] PackLoader:240 - Cannot read IP mode file for STMicroelectronics.X-CUBE-SUBG2.5.0.0
2025-04-12 18:23:48,699 [WARN] PackLoader:240 - Cannot read IP mode file for STMicroelectronics.X-CUBE-AZRTOS-H7RS.1.1.0
2025-04-12 18:23:48,723 [WARN] PackLoader:240 - Cannot read IP mode file for Cesanta.I-CUBE-Mongoose.7.13.0
2025-04-12 18:23:48,757 [WARN] PackLoader:240 - Cannot read IP mode file for STMicroelectronics.X-CUBE-AZRTOS-G4.2.0.0
2025-04-12 18:23:48,795 [WARN] PackLoader:240 - Cannot read IP mode file for STMicroelectronics.X-CUBE-IPS.3.1.0
2025-04-12 18:23:48,823 [WARN] PackLoader:240 - Cannot read IP mode file for STMicroelectronics.X-CUBE-ALS.1.0.2
2025-04-12 18:23:48,888 [WARN] PackLoader:240 - Cannot read IP mode file for STMicroelectronics.X-CUBE-MEMS1.10.0.0
2025-04-12 18:23:49,333 [WARN] PackLoader:240 - Cannot read IP mode file for STMicroelectronics.X-CUBE-TOUCHGFX.4.24.2
2025-04-12 18:23:49,354 [WARN] PackLoader:240 - Cannot read IP mode file for wolfSSL.I-CUBE-wolfTPM.3.4.0
2025-04-12 18:23:49,363 [ERROR] LogOutputStream:75 - [STDERR_REDIRECT] [Fatal Error] :1:1: Premature end of file.
2025-04-12 18:23:49,363 [ERROR] LogOutputStream:75 - [STDERR_REDIRECT] 
2025-04-12 18:23:49,379 [WARN] PackLoader:240 - Cannot read IP mode file for portGmbH.I-Cube-SoM-uGOAL.1.1.0
2025-04-12 18:23:49,421 [WARN] PackLoader:240 - Cannot read IP mode file for STMicroelectronics.X-CUBE-AZRTOS-H7RS.1.0.0
2025-04-12 18:23:49,443 [WARN] PackLoader:240 - Cannot read IP mode file for STMicroelectronics.X-CUBE-TOF1.3.4.2
2025-04-12 18:23:49,464 [WARN] PackLoader:240 - Cannot read IP mode file for wolfSSL.I-CUBE-wolfSSH.1.4.17
2025-04-12 18:23:49,465 [INFO] ThirdParty:978 - Integrity check success = true
2025-04-12 18:23:49,465 [INFO] IntegrityCheckThread:100 - exiting critical section [integrity check]
2025-04-12 18:23:49,465 [INFO] IntegrityCheckThread:103 - End integrity checks thread
2025-04-12 18:23:50,385 [ERROR] LogOutputStream:75 - [STDERR_REDIRECT] [Fatal Error] :1:1: Premature end of file.
2025-04-12 18:23:50,387 [ERROR] LogOutputStream:75 - [STDERR_REDIRECT] 
2025-04-12 18:23:51,307 [ERROR] LogOutputStream:75 - [STDERR_REDIRECT] [Fatal Error] :1:1: Premature end of file.
2025-04-12 18:23:51,307 [ERROR] LogOutputStream:75 - [STDERR_REDIRECT] 
2025-04-12 18:23:52,306 [ERROR] LogOutputStream:75 - [STDERR_REDIRECT] [Fatal Error] :1:1: Premature end of file.
2025-04-12 18:23:52,306 [ERROR] LogOutputStream:75 - [STDERR_REDIRECT] 
2025-04-12 18:23:53,309 [ERROR] LogOutputStream:75 - [STDERR_REDIRECT] [Fatal Error] :1:1: Premature end of file.
2025-04-12 18:23:53,309 [ERROR] LogOutputStream:75 - [STDERR_REDIRECT] 
2025-04-12 18:23:54,347 [ERROR] LogOutputStream:75 - [STDERR_REDIRECT] [Fatal Error] :1:1: Premature end of file.
2025-04-12 18:23:54,347 [ERROR] LogOutputStream:75 - [STDERR_REDIRECT] 
2025-04-12 18:23:55,353 [ERROR] LogOutputStream:75 - [STDERR_REDIRECT] [Fatal Error] :1:1: Premature end of file.
2025-04-12 18:23:55,354 [ERROR] LogOutputStream:75 - [STDERR_REDIRECT] 
2025-04-12 18:23:56,304 [ERROR] LogOutputStream:75 - [STDERR_REDIRECT] [Fatal Error] :1:1: Premature end of file.
2025-04-12 18:23:56,304 [ERROR] LogOutputStream:75 - [STDERR_REDIRECT] 
2025-04-12 18:23:57,311 [ERROR] LogOutputStream:75 - [STDERR_REDIRECT] [Fatal Error] :1:1: Premature end of file.
2025-04-12 18:23:57,311 [ERROR] LogOutputStream:75 - [STDERR_REDIRECT] 
2025-04-12 18:23:58,312 [ERROR] LogOutputStream:75 - [STDERR_REDIRECT] [Fatal Error] :1:1: Premature end of file.
2025-04-12 18:23:58,313 [ERROR] LogOutputStream:75 - [STDERR_REDIRECT] 
2025-04-12 18:23:59,343 [ERROR] LogOutputStream:75 - [STDERR_REDIRECT] [Fatal Error] :1:1: Premature end of file.
2025-04-12 18:23:59,344 [ERROR] LogOutputStream:75 - [STDERR_REDIRECT] 
2025-04-12 18:24:00,351 [ERROR] LogOutputStream:75 - [STDERR_REDIRECT] [Fatal Error] :1:1: Premature end of file.
2025-04-12 18:24:00,351 [ERROR] LogOutputStream:75 - [STDERR_REDIRECT] 
2025-04-12 18:24:01,310 [ERROR] LogOutputStream:75 - [STDERR_REDIRECT] [Fatal Error] :1:1: Premature end of file.
2025-04-12 18:24:01,310 [ERROR] LogOutputStream:75 - [STDERR_REDIRECT] 
2025-04-12 18:24:02,304 [ERROR] LogOutputStream:75 - [STDERR_REDIRECT] [Fatal Error] :1:1: Premature end of file.
2025-04-12 18:24:02,305 [ERROR] LogOutputStream:75 - [STDERR_REDIRECT] 
2025-04-12 18:24:03,347 [ERROR] LogOutputStream:75 - [STDERR_REDIRECT] [Fatal Error] :1:1: Premature end of file.
2025-04-12 18:24:03,347 [ERROR] LogOutputStream:75 - [STDERR_REDIRECT] 
2025-04-12 18:24:04,332 [ERROR] LogOutputStream:75 - [STDERR_REDIRECT] [Fatal Error] :1:1: Premature end of file.
2025-04-12 18:24:04,332 [ERROR] LogOutputStream:75 - [STDERR_REDIRECT] 
2025-04-12 18:24:05,306 [ERROR] LogOutputStream:75 - [STDERR_REDIRECT] [Fatal Error] :1:1: Premature end of file.
2025-04-12 18:24:05,306 [ERROR] LogOutputStream:75 - [STDERR_REDIRECT] 
2025-04-12 18:24:06,304 [ERROR] LogOutputStream:75 - [STDERR_REDIRECT] [Fatal Error] :1:1: Premature end of file.
2025-04-12 18:24:06,304 [ERROR] LogOutputStream:75 - [STDERR_REDIRECT] 
2025-04-12 18:24:07,304 [ERROR] LogOutputStream:75 - [STDERR_REDIRECT] [Fatal Error] :1:1: Premature end of file.
2025-04-12 18:24:07,305 [ERROR] LogOutputStream:75 - [STDERR_REDIRECT] 
2025-04-12 18:24:08,305 [ERROR] LogOutputStream:75 - [STDERR_REDIRECT] [Fatal Error] :1:1: Premature end of file.
2025-04-12 18:24:08,305 [ERROR] LogOutputStream:75 - [STDERR_REDIRECT] 
2025-04-12 18:24:09,304 [ERROR] LogOutputStream:75 - [STDERR_REDIRECT] [Fatal Error] :1:1: Premature end of file.
2025-04-12 18:24:09,304 [ERROR] LogOutputStream:75 - [STDERR_REDIRECT] 
2025-04-12 18:24:10,312 [ERROR] LogOutputStream:75 - [STDERR_REDIRECT] [Fatal Error] :1:1: Premature end of file.
2025-04-12 18:24:10,313 [ERROR] LogOutputStream:75 - [STDERR_REDIRECT] 
2025-04-12 18:24:11,310 [ERROR] LogOutputStream:75 - [STDERR_REDIRECT] [Fatal Error] :1:1: Premature end of file.
2025-04-12 18:24:11,310 [ERROR] LogOutputStream:75 - [STDERR_REDIRECT] 
2025-04-12 18:24:12,304 [ERROR] LogOutputStream:75 - [STDERR_REDIRECT] [Fatal Error] :1:1: Premature end of file.
2025-04-12 18:24:12,304 [ERROR] LogOutputStream:75 - [STDERR_REDIRECT] 
2025-04-12 18:24:13,305 [ERROR] LogOutputStream:75 - [STDERR_REDIRECT] [Fatal Error] :1:1: Premature end of file.
2025-04-12 18:24:13,305 [ERROR] LogOutputStream:75 - [STDERR_REDIRECT] 
2025-04-12 18:24:14,304 [ERROR] LogOutputStream:75 - [STDERR_REDIRECT] [Fatal Error] :1:1: Premature end of file.
2025-04-12 18:24:14,304 [ERROR] LogOutputStream:75 - [STDERR_REDIRECT] 
2025-04-12 18:24:15,303 [ERROR] LogOutputStream:75 - [STDERR_REDIRECT] [Fatal Error] :1:1: Premature end of file.
2025-04-12 18:24:15,304 [ERROR] LogOutputStream:75 - [STDERR_REDIRECT] 
2025-04-12 18:24:16,304 [ERROR] LogOutputStream:75 - [STDERR_REDIRECT] [Fatal Error] :1:1: Premature end of file.
2025-04-12 18:24:16,304 [ERROR] LogOutputStream:75 - [STDERR_REDIRECT] 
2025-04-12 18:24:17,304 [ERROR] LogOutputStream:75 - [STDERR_REDIRECT] [Fatal Error] :1:1: Premature end of file.
2025-04-12 18:24:17,304 [ERROR] LogOutputStream:75 - [STDERR_REDIRECT] 
2025-04-12 18:24:18,304 [ERROR] LogOutputStream:75 - [STDERR_REDIRECT] [Fatal Error] :1:1: Premature end of file.
2025-04-12 18:24:18,304 [ERROR] LogOutputStream:75 - [STDERR_REDIRECT] 
2025-04-12 18:24:19,304 [ERROR] LogOutputStream:75 - [STDERR_REDIRECT] [Fatal Error] :1:1: Premature end of file.
2025-04-12 18:24:19,304 [ERROR] LogOutputStream:75 - [STDERR_REDIRECT] 
2025-04-12 18:24:20,302 [ERROR] LogOutputStream:75 - [STDERR_REDIRECT] [Fatal Error] :1:1: Premature end of file.
2025-04-12 18:24:20,302 [ERROR] LogOutputStream:75 - [STDERR_REDIRECT] 
2025-04-12 18:24:21,304 [ERROR] LogOutputStream:75 - [STDERR_REDIRECT] [Fatal Error] :1:1: Premature end of file.
2025-04-12 18:24:21,304 [ERROR] LogOutputStream:75 - [STDERR_REDIRECT] 
2025-04-12 18:24:22,307 [ERROR] LogOutputStream:75 - [STDERR_REDIRECT] [Fatal Error] :1:1: Premature end of file.
2025-04-12 18:24:22,307 [ERROR] LogOutputStream:75 - [STDERR_REDIRECT] 
2025-04-12 18:24:23,305 [ERROR] LogOutputStream:75 - [STDERR_REDIRECT] [Fatal Error] :1:1: Premature end of file.
2025-04-12 18:24:23,305 [ERROR] LogOutputStream:75 - [STDERR_REDIRECT] 
2025-04-12 18:24:24,303 [ERROR] LogOutputStream:75 - [STDERR_REDIRECT] [Fatal Error] :1:1: Premature end of file.
2025-04-12 18:24:24,303 [ERROR] LogOutputStream:75 - [STDERR_REDIRECT] 
2025-04-12 18:24:25,304 [ERROR] LogOutputStream:75 - [STDERR_REDIRECT] [Fatal Error] :1:1: Premature end of file.
2025-04-12 18:24:25,304 [ERROR] LogOutputStream:75 - [STDERR_REDIRECT] 
2025-04-12 18:24:26,302 [ERROR] LogOutputStream:75 - [STDERR_REDIRECT] [Fatal Error] :1:1: Premature end of file.
2025-04-12 18:24:26,302 [ERROR] LogOutputStream:75 - [STDERR_REDIRECT] 
2025-04-12 18:24:27,305 [ERROR] LogOutputStream:75 - [STDERR_REDIRECT] [Fatal Error] :1:1: Premature end of file.
2025-04-12 18:24:27,306 [ERROR] LogOutputStream:75 - [STDERR_REDIRECT] 
2025-04-12 18:24:28,303 [ERROR] LogOutputStream:75 - [STDERR_REDIRECT] [Fatal Error] :1:1: Premature end of file.
2025-04-12 18:24:28,304 [ERROR] LogOutputStream:75 - [STDERR_REDIRECT] 
2025-04-12 18:24:29,309 [ERROR] LogOutputStream:75 - [STDERR_REDIRECT] [Fatal Error] :1:1: Premature end of file.
2025-04-12 18:24:29,311 [ERROR] LogOutputStream:75 - [STDERR_REDIRECT] 
2025-04-12 18:24:30,322 [ERROR] LogOutputStream:75 - [STDERR_REDIRECT] [Fatal Error] :1:1: Premature end of file.
2025-04-12 18:24:30,322 [ERROR] LogOutputStream:75 - [STDERR_REDIRECT] 
2025-04-12 18:24:31,318 [ERROR] LogOutputStream:75 - [STDERR_REDIRECT] [Fatal Error] :1:1: Premature end of file.
2025-04-12 18:24:31,319 [ERROR] LogOutputStream:75 - [STDERR_REDIRECT] 
2025-04-12 18:24:32,307 [ERROR] LogOutputStream:75 - [STDERR_REDIRECT] [Fatal Error] :1:1: Premature end of file.
2025-04-12 18:24:32,307 [ERROR] LogOutputStream:75 - [STDERR_REDIRECT] 
2025-04-12 18:24:33,304 [ERROR] LogOutputStream:75 - [STDERR_REDIRECT] [Fatal Error] :1:1: Premature end of file.
2025-04-12 18:24:33,304 [ERROR] LogOutputStream:75 - [STDERR_REDIRECT] 
2025-04-12 18:24:34,304 [ERROR] LogOutputStream:75 - [STDERR_REDIRECT] [Fatal Error] :1:1: Premature end of file.
2025-04-12 18:24:34,305 [ERROR] LogOutputStream:75 - [STDERR_REDIRECT] 
2025-04-12 18:24:35,304 [ERROR] LogOutputStream:75 - [STDERR_REDIRECT] [Fatal Error] :1:1: Premature end of file.
2025-04-12 18:24:35,304 [ERROR] LogOutputStream:75 - [STDERR_REDIRECT] 
2025-04-12 18:24:36,305 [ERROR] LogOutputStream:75 - [STDERR_REDIRECT] [Fatal Error] :1:1: Premature end of file.
2025-04-12 18:24:36,305 [ERROR] LogOutputStream:75 - [STDERR_REDIRECT] 
2025-04-12 18:24:37,307 [ERROR] LogOutputStream:75 - [STDERR_REDIRECT] [Fatal Error] :1:1: Premature end of file.
2025-04-12 18:24:37,307 [ERROR] LogOutputStream:75 - [STDERR_REDIRECT] 
2025-04-12 18:24:38,304 [ERROR] LogOutputStream:75 - [STDERR_REDIRECT] [Fatal Error] :1:1: Premature end of file.
2025-04-12 18:24:38,305 [ERROR] LogOutputStream:75 - [STDERR_REDIRECT] 
2025-04-12 18:24:39,303 [ERROR] LogOutputStream:75 - [STDERR_REDIRECT] [Fatal Error] :1:1: Premature end of file.
2025-04-12 18:24:39,304 [ERROR] LogOutputStream:75 - [STDERR_REDIRECT] 
2025-04-12 18:24:40,303 [ERROR] LogOutputStream:75 - [STDERR_REDIRECT] [Fatal Error] :1:1: Premature end of file.
2025-04-12 18:24:40,303 [ERROR] LogOutputStream:75 - [STDERR_REDIRECT] 
2025-04-12 18:24:41,304 [ERROR] LogOutputStream:75 - [STDERR_REDIRECT] [Fatal Error] :1:1: Premature end of file.
2025-04-12 18:24:41,305 [ERROR] LogOutputStream:75 - [STDERR_REDIRECT] 
2025-04-12 18:24:42,303 [ERROR] LogOutputStream:75 - [STDERR_REDIRECT] [Fatal Error] :1:1: Premature end of file.
2025-04-12 18:24:42,303 [ERROR] LogOutputStream:75 - [STDERR_REDIRECT] 
2025-04-12 18:24:43,303 [ERROR] LogOutputStream:75 - [STDERR_REDIRECT] [Fatal Error] :1:1: Premature end of file.
2025-04-12 18:24:43,303 [ERROR] LogOutputStream:75 - [STDERR_REDIRECT] 
2025-04-12 18:24:44,303 [ERROR] LogOutputStream:75 - [STDERR_REDIRECT] [Fatal Error] :1:1: Premature end of file.
2025-04-12 18:24:44,304 [ERROR] LogOutputStream:75 - [STDERR_REDIRECT] 
2025-04-12 18:24:45,304 [ERROR] LogOutputStream:75 - [STDERR_REDIRECT] [Fatal Error] :1:1: Premature end of file.
2025-04-12 18:24:45,304 [ERROR] LogOutputStream:75 - [STDERR_REDIRECT] 
2025-04-12 18:24:46,303 [ERROR] LogOutputStream:75 - [STDERR_REDIRECT] [Fatal Error] :1:1: Premature end of file.
2025-04-12 18:24:46,304 [ERROR] LogOutputStream:75 - [STDERR_REDIRECT] 
2025-04-12 18:24:47,304 [ERROR] LogOutputStream:75 - [STDERR_REDIRECT] [Fatal Error] :1:1: Premature end of file.
2025-04-12 18:24:47,305 [ERROR] LogOutputStream:75 - [STDERR_REDIRECT] 
2025-04-12 18:24:48,303 [ERROR] LogOutputStream:75 - [STDERR_REDIRECT] [Fatal Error] :1:1: Premature end of file.
2025-04-12 18:24:48,304 [ERROR] LogOutputStream:75 - [STDERR_REDIRECT] 
2025-04-12 18:24:49,307 [ERROR] LogOutputStream:75 - [STDERR_REDIRECT] [Fatal Error] :1:1: Premature end of file.
2025-04-12 18:24:49,307 [ERROR] LogOutputStream:75 - [STDERR_REDIRECT] 
2025-04-12 18:24:50,303 [ERROR] LogOutputStream:75 - [STDERR_REDIRECT] [Fatal Error] :1:1: Premature end of file.
2025-04-12 18:24:50,304 [ERROR] LogOutputStream:75 - [STDERR_REDIRECT] 
2025-04-12 18:24:51,303 [ERROR] LogOutputStream:75 - [STDERR_REDIRECT] [Fatal Error] :1:1: Premature end of file.
2025-04-12 18:24:51,303 [ERROR] LogOutputStream:75 - [STDERR_REDIRECT] 
2025-04-12 18:24:52,304 [ERROR] LogOutputStream:75 - [STDERR_REDIRECT] [Fatal Error] :1:1: Premature end of file.
2025-04-12 18:24:52,304 [ERROR] LogOutputStream:75 - [STDERR_REDIRECT] 
2025-04-12 18:24:53,308 [ERROR] LogOutputStream:75 - [STDERR_REDIRECT] [Fatal Error] :1:1: Premature end of file.
2025-04-12 18:24:53,308 [ERROR] LogOutputStream:75 - [STDERR_REDIRECT] 
2025-04-12 18:24:54,305 [ERROR] LogOutputStream:75 - [STDERR_REDIRECT] [Fatal Error] :1:1: Premature end of file.
2025-04-12 18:24:54,305 [ERROR] LogOutputStream:75 - [STDERR_REDIRECT] 
2025-04-12 18:24:55,307 [ERROR] LogOutputStream:75 - [STDERR_REDIRECT] [Fatal Error] :1:1: Premature end of file.
2025-04-12 18:24:55,307 [ERROR] LogOutputStream:75 - [STDERR_REDIRECT] 
2025-04-12 18:24:56,304 [ERROR] LogOutputStream:75 - [STDERR_REDIRECT] [Fatal Error] :1:1: Premature end of file.
2025-04-12 18:24:56,305 [ERROR] LogOutputStream:75 - [STDERR_REDIRECT] 
2025-04-12 18:24:57,308 [ERROR] LogOutputStream:75 - [STDERR_REDIRECT] [Fatal Error] :1:1: Premature end of file.
2025-04-12 18:24:57,308 [ERROR] LogOutputStream:75 - [STDERR_REDIRECT] 
2025-04-12 18:24:59,473 [ERROR] LogOutputStream:75 - [STDERR_REDIRECT] [Fatal Error] :1:1: Premature end of file.
2025-04-12 18:24:59,473 [ERROR] LogOutputStream:75 - [STDERR_REDIRECT] 
2025-04-12 18:24:59,547 [ERROR] LogOutputStream:75 - [STDERR_REDIRECT] [Fatal Error] :1:1: Premature end of file.
2025-04-12 18:24:59,547 [ERROR] LogOutputStream:75 - [STDERR_REDIRECT] 
2025-04-12 18:25:00,334 [ERROR] LogOutputStream:75 - [STDERR_REDIRECT] [Fatal Error] :1:1: Premature end of file.
2025-04-12 18:25:00,335 [ERROR] LogOutputStream:75 - [STDERR_REDIRECT] 
2025-04-12 18:25:01,311 [ERROR] LogOutputStream:75 - [STDERR_REDIRECT] [Fatal Error] :1:1: Premature end of file.
2025-04-12 18:25:01,311 [ERROR] LogOutputStream:75 - [STDERR_REDIRECT] 
2025-04-12 19:07:05,128 [ERROR] LogOutputStream:75 - [STDERR_REDIRECT] [Fatal Error] :1:1: Premature end of file.
2025-04-12 19:07:05,128 [ERROR] LogOutputStream:75 - [STDERR_REDIRECT] 
2025-04-12 19:07:05,233 [ERROR] LogOutputStream:75 - [STDERR_REDIRECT] [Fatal Error] :1:1: Premature end of file.
2025-04-12 19:07:05,233 [ERROR] LogOutputStream:75 - [STDERR_REDIRECT] 
2025-04-12 19:07:05,345 [ERROR] LogOutputStream:75 - [STDERR_REDIRECT] [Fatal Error] :1:1: Premature end of file.
2025-04-12 19:07:05,345 [ERROR] LogOutputStream:75 - [STDERR_REDIRECT] 
2025-04-12 19:07:05,429 [ERROR] LogOutputStream:75 - [STDERR_REDIRECT] [Fatal Error] :1:1: Premature end of file.
2025-04-12 19:07:05,430 [ERROR] LogOutputStream:75 - [STDERR_REDIRECT] 
2025-04-12 19:07:05,484 [ERROR] LogOutputStream:75 - [STDERR_REDIRECT] [Fatal Error] :1:1: Premature end of file.
2025-04-12 19:07:05,485 [ERROR] LogOutputStream:75 - [STDERR_REDIRECT] 
2025-04-12 19:07:06,430 [ERROR] LogOutputStream:75 - [STDERR_REDIRECT] [Fatal Error] :1:1: Premature end of file.
2025-04-12 19:07:06,430 [ERROR] LogOutputStream:75 - [STDERR_REDIRECT] 
2025-04-12 19:07:06,596 [ERROR] LogOutputStream:75 - [STDERR_REDIRECT] [Fatal Error] :1:1: Premature end of file.
2025-04-12 19:07:06,596 [ERROR] LogOutputStream:75 - [STDERR_REDIRECT] 
2025-04-12 19:07:06,692 [ERROR] LogOutputStream:75 - [STDERR_REDIRECT] [Fatal Error] :1:1: Premature end of file.
2025-04-12 19:07:06,693 [ERROR] LogOutputStream:75 - [STDERR_REDIRECT] 
2025-04-12 19:07:06,787 [ERROR] LogOutputStream:75 - [STDERR_REDIRECT] [Fatal Error] :1:1: Premature end of file.
2025-04-12 19:07:06,788 [ERROR] LogOutputStream:75 - [STDERR_REDIRECT] 
2025-04-12 19:07:06,911 [ERROR] LogOutputStream:75 - [STDERR_REDIRECT] [Fatal Error] :1:1: Premature end of file.
2025-04-12 19:07:06,912 [ERROR] LogOutputStream:75 - [STDERR_REDIRECT] 
2025-04-12 19:07:06,981 [ERROR] LogOutputStream:75 - [STDERR_REDIRECT] [Fatal Error] :1:1: Premature end of file.
2025-04-12 19:07:06,981 [ERROR] LogOutputStream:75 - [STDERR_REDIRECT] 
2025-04-12 19:07:07,049 [ERROR] LogOutputStream:75 - [STDERR_REDIRECT] [Fatal Error] :1:1: Premature end of file.
2025-04-12 19:07:07,049 [ERROR] LogOutputStream:75 - [STDERR_REDIRECT] 
2025-04-12 19:07:07,141 [ERROR] LogOutputStream:75 - [STDERR_REDIRECT] [Fatal Error] :1:1: Premature end of file.
2025-04-12 19:07:07,142 [ERROR] LogOutputStream:75 - [STDERR_REDIRECT] 
2025-04-12 19:07:07,220 [ERROR] LogOutputStream:75 - [STDERR_REDIRECT] [Fatal Error] :1:1: Premature end of file.
2025-04-12 19:07:07,221 [ERROR] LogOutputStream:75 - [STDERR_REDIRECT] 
2025-04-12 19:07:07,302 [ERROR] LogOutputStream:75 - [STDERR_REDIRECT] [Fatal Error] :1:1: Premature end of file.
2025-04-12 19:07:07,302 [ERROR] LogOutputStream:75 - [STDERR_REDIRECT] 
2025-04-12 19:07:07,379 [ERROR] LogOutputStream:75 - [STDERR_REDIRECT] [Fatal Error] :1:1: Premature end of file.
2025-04-12 19:07:07,379 [ERROR] LogOutputStream:75 - [STDERR_REDIRECT] 
2025-04-12 19:07:07,434 [ERROR] LogOutputStream:75 - [STDERR_REDIRECT] [Fatal Error] :1:1: Premature end of file.
2025-04-12 19:07:07,434 [ERROR] LogOutputStream:75 - [STDERR_REDIRECT] 
2025-04-12 19:07:07,492 [ERROR] LogOutputStream:75 - [STDERR_REDIRECT] [Fatal Error] :1:1: Premature end of file.
2025-04-12 19:07:07,492 [ERROR] LogOutputStream:75 - [STDERR_REDIRECT] 
2025-04-12 19:07:07,556 [ERROR] LogOutputStream:75 - [STDERR_REDIRECT] [Fatal Error] :1:1: Premature end of file.
2025-04-12 19:07:07,556 [ERROR] LogOutputStream:75 - [STDERR_REDIRECT] 
2025-04-12 19:07:07,704 [ERROR] LogOutputStream:75 - [STDERR_REDIRECT] [Fatal Error] :1:1: Premature end of file.
2025-04-12 19:07:07,704 [ERROR] LogOutputStream:75 - [STDERR_REDIRECT] 
2025-04-12 19:07:07,792 [ERROR] LogOutputStream:75 - [STDERR_REDIRECT] [Fatal Error] :1:1: Premature end of file.
2025-04-12 19:07:07,793 [ERROR] LogOutputStream:75 - [STDERR_REDIRECT] 
2025-04-12 19:07:07,845 [ERROR] LogOutputStream:75 - [STDERR_REDIRECT] [Fatal Error] :1:1: Premature end of file.
2025-04-12 19:07:07,846 [ERROR] LogOutputStream:75 - [STDERR_REDIRECT] 
2025-04-12 19:07:07,910 [ERROR] LogOutputStream:75 - [STDERR_REDIRECT] [Fatal Error] :1:1: Premature end of file.
2025-04-12 19:07:07,910 [ERROR] LogOutputStream:75 - [STDERR_REDIRECT] 
2025-04-12 19:07:07,965 [ERROR] LogOutputStream:75 - [STDERR_REDIRECT] [Fatal Error] :1:1: Premature end of file.
2025-04-12 19:07:07,965 [ERROR] LogOutputStream:75 - [STDERR_REDIRECT] 
2025-04-12 19:07:08,027 [ERROR] LogOutputStream:75 - [STDERR_REDIRECT] [Fatal Error] :1:1: Premature end of file.
2025-04-12 19:07:08,027 [ERROR] LogOutputStream:75 - [STDERR_REDIRECT] 
2025-04-12 19:07:08,084 [ERROR] LogOutputStream:75 - [STDERR_REDIRECT] [Fatal Error] :1:1: Premature end of file.
2025-04-12 19:07:08,084 [ERROR] LogOutputStream:75 - [STDERR_REDIRECT] 
2025-04-12 19:07:08,136 [ERROR] LogOutputStream:75 - [STDERR_REDIRECT] [Fatal Error] :1:1: Premature end of file.
2025-04-12 19:07:08,136 [ERROR] LogOutputStream:75 - [STDERR_REDIRECT] 
2025-04-12 19:07:08,187 [ERROR] LogOutputStream:75 - [STDERR_REDIRECT] [Fatal Error] :1:1: Premature end of file.
2025-04-12 19:07:08,188 [ERROR] LogOutputStream:75 - [STDERR_REDIRECT] 
2025-04-12 19:07:08,239 [ERROR] LogOutputStream:75 - [STDERR_REDIRECT] [Fatal Error] :1:1: Premature end of file.
2025-04-12 19:07:08,240 [ERROR] LogOutputStream:75 - [STDERR_REDIRECT] 
2025-04-12 19:07:08,349 [ERROR] LogOutputStream:75 - [STDERR_REDIRECT] [Fatal Error] :1:1: Premature end of file.
2025-04-12 19:07:08,349 [ERROR] LogOutputStream:75 - [STDERR_REDIRECT] 
2025-04-12 19:07:08,600 [ERROR] LogOutputStream:75 - [STDERR_REDIRECT] [Fatal Error] :1:1: Premature end of file.
2025-04-12 19:07:08,600 [ERROR] LogOutputStream:75 - [STDERR_REDIRECT] 
2025-04-12 19:07:08,687 [ERROR] LogOutputStream:75 - [STDERR_REDIRECT] [Fatal Error] :1:1: Premature end of file.
2025-04-12 19:07:08,687 [ERROR] LogOutputStream:75 - [STDERR_REDIRECT] 
2025-04-12 19:07:08,758 [ERROR] LogOutputStream:75 - [STDERR_REDIRECT] [Fatal Error] :1:1: Premature end of file.
2025-04-12 19:07:08,758 [ERROR] LogOutputStream:75 - [STDERR_REDIRECT] 
2025-04-12 19:07:08,819 [ERROR] LogOutputStream:75 - [STDERR_REDIRECT] [Fatal Error] :1:1: Premature end of file.
2025-04-12 19:07:08,819 [ERROR] LogOutputStream:75 - [STDERR_REDIRECT] 
2025-04-12 19:07:08,896 [ERROR] LogOutputStream:75 - [STDERR_REDIRECT] [Fatal Error] :1:1: Premature end of file.
2025-04-12 19:07:08,897 [ERROR] LogOutputStream:75 - [STDERR_REDIRECT] 
2025-04-12 19:07:08,960 [ERROR] LogOutputStream:75 - [STDERR_REDIRECT] [Fatal Error] :1:1: Premature end of file.
2025-04-12 19:07:08,960 [ERROR] LogOutputStream:75 - [STDERR_REDIRECT] 
2025-04-12 19:07:09,023 [ERROR] LogOutputStream:75 - [STDERR_REDIRECT] [Fatal Error] :1:1: Premature end of file.
2025-04-12 19:07:09,023 [ERROR] LogOutputStream:75 - [STDERR_REDIRECT] 
2025-04-12 19:07:09,082 [ERROR] LogOutputStream:75 - [STDERR_REDIRECT] [Fatal Error] :1:1: Premature end of file.
2025-04-12 19:07:09,083 [ERROR] LogOutputStream:75 - [STDERR_REDIRECT] 
2025-04-12 19:07:09,148 [ERROR] LogOutputStream:75 - [STDERR_REDIRECT] [Fatal Error] :1:1: Premature end of file.
2025-04-12 19:07:09,148 [ERROR] LogOutputStream:75 - [STDERR_REDIRECT] 
2025-04-12 19:07:09,205 [ERROR] LogOutputStream:75 - [STDERR_REDIRECT] [Fatal Error] :1:1: Premature end of file.
2025-04-12 19:07:09,205 [ERROR] LogOutputStream:75 - [STDERR_REDIRECT] 
2025-04-12 19:07:09,258 [ERROR] LogOutputStream:75 - [STDERR_REDIRECT] [Fatal Error] :1:1: Premature end of file.
2025-04-12 19:07:09,259 [ERROR] LogOutputStream:75 - [STDERR_REDIRECT] 
2025-04-12 19:07:09,313 [ERROR] LogOutputStream:75 - [STDERR_REDIRECT] [Fatal Error] :1:1: Premature end of file.
2025-04-12 19:07:09,313 [ERROR] LogOutputStream:75 - [STDERR_REDIRECT] 
2025-04-12 19:07:09,367 [ERROR] LogOutputStream:75 - [STDERR_REDIRECT] [Fatal Error] :1:1: Premature end of file.
2025-04-12 19:07:09,368 [ERROR] LogOutputStream:75 - [STDERR_REDIRECT] 
2025-04-12 19:07:09,419 [ERROR] LogOutputStream:75 - [STDERR_REDIRECT] [Fatal Error] :1:1: Premature end of file.
2025-04-12 19:07:09,420 [ERROR] LogOutputStream:75 - [STDERR_REDIRECT] 
2025-04-12 19:07:09,476 [ERROR] LogOutputStream:75 - [STDERR_REDIRECT] [Fatal Error] :1:1: Premature end of file.
2025-04-12 19:07:09,477 [ERROR] LogOutputStream:75 - [STDERR_REDIRECT] 
2025-04-12 19:07:09,531 [ERROR] LogOutputStream:75 - [STDERR_REDIRECT] [Fatal Error] :1:1: Premature end of file.
2025-04-12 19:07:09,531 [ERROR] LogOutputStream:75 - [STDERR_REDIRECT] 
2025-04-12 19:07:09,587 [ERROR] LogOutputStream:75 - [STDERR_REDIRECT] [Fatal Error] :1:1: Premature end of file.
2025-04-12 19:07:09,587 [ERROR] LogOutputStream:75 - [STDERR_REDIRECT] 
2025-04-12 19:07:09,646 [ERROR] LogOutputStream:75 - [STDERR_REDIRECT] [Fatal Error] :1:1: Premature end of file.
2025-04-12 19:07:09,646 [ERROR] LogOutputStream:75 - [STDERR_REDIRECT] 
2025-04-12 19:07:09,699 [ERROR] LogOutputStream:75 - [STDERR_REDIRECT] [Fatal Error] :1:1: Premature end of file.
2025-04-12 19:07:09,699 [ERROR] LogOutputStream:75 - [STDERR_REDIRECT] 
2025-04-12 19:07:09,752 [ERROR] LogOutputStream:75 - [STDERR_REDIRECT] [Fatal Error] :1:1: Premature end of file.
2025-04-12 19:07:09,752 [ERROR] LogOutputStream:75 - [STDERR_REDIRECT] 
2025-04-12 19:07:09,807 [ERROR] LogOutputStream:75 - [STDERR_REDIRECT] [Fatal Error] :1:1: Premature end of file.
2025-04-12 19:07:09,807 [ERROR] LogOutputStream:75 - [STDERR_REDIRECT] 
2025-04-12 19:07:09,862 [ERROR] LogOutputStream:75 - [STDERR_REDIRECT] [Fatal Error] :1:1: Premature end of file.
2025-04-12 19:07:09,862 [ERROR] LogOutputStream:75 - [STDERR_REDIRECT] 
2025-04-12 19:07:09,919 [ERROR] LogOutputStream:75 - [STDERR_REDIRECT] [Fatal Error] :1:1: Premature end of file.
2025-04-12 19:07:09,919 [ERROR] LogOutputStream:75 - [STDERR_REDIRECT] 
2025-04-12 19:07:09,977 [ERROR] LogOutputStream:75 - [STDERR_REDIRECT] [Fatal Error] :1:1: Premature end of file.
2025-04-12 19:07:09,977 [ERROR] LogOutputStream:75 - [STDERR_REDIRECT] 
2025-04-12 19:07:10,028 [ERROR] LogOutputStream:75 - [STDERR_REDIRECT] [Fatal Error] :1:1: Premature end of file.
2025-04-12 19:07:10,028 [ERROR] LogOutputStream:75 - [STDERR_REDIRECT] 
2025-04-12 19:07:10,096 [ERROR] LogOutputStream:75 - [STDERR_REDIRECT] [Fatal Error] :1:1: Premature end of file.
2025-04-12 19:07:10,097 [ERROR] LogOutputStream:75 - [STDERR_REDIRECT] 
2025-04-12 19:07:10,151 [ERROR] LogOutputStream:75 - [STDERR_REDIRECT] [Fatal Error] :1:1: Premature end of file.
2025-04-12 19:07:10,151 [ERROR] LogOutputStream:75 - [STDERR_REDIRECT] 
2025-04-12 19:07:10,206 [ERROR] LogOutputStream:75 - [STDERR_REDIRECT] [Fatal Error] :1:1: Premature end of file.
2025-04-12 19:07:10,206 [ERROR] LogOutputStream:75 - [STDERR_REDIRECT] 
2025-04-12 19:07:10,265 [ERROR] LogOutputStream:75 - [STDERR_REDIRECT] [Fatal Error] :1:1: Premature end of file.
2025-04-12 19:07:10,265 [ERROR] LogOutputStream:75 - [STDERR_REDIRECT] 
2025-04-12 19:07:10,323 [ERROR] LogOutputStream:75 - [STDERR_REDIRECT] [Fatal Error] :1:1: Premature end of file.
2025-04-12 19:07:10,323 [ERROR] LogOutputStream:75 - [STDERR_REDIRECT] 
2025-04-12 19:07:10,377 [ERROR] LogOutputStream:75 - [STDERR_REDIRECT] [Fatal Error] :1:1: Premature end of file.
2025-04-12 19:07:10,377 [ERROR] LogOutputStream:75 - [STDERR_REDIRECT] 
2025-04-12 19:07:10,428 [ERROR] LogOutputStream:75 - [STDERR_REDIRECT] [Fatal Error] :1:1: Premature end of file.
2025-04-12 19:07:10,429 [ERROR] LogOutputStream:75 - [STDERR_REDIRECT] 
2025-04-12 19:07:10,490 [ERROR] LogOutputStream:75 - [STDERR_REDIRECT] [Fatal Error] :1:1: Premature end of file.
2025-04-12 19:07:10,491 [ERROR] LogOutputStream:75 - [STDERR_REDIRECT] 
2025-04-12 19:07:10,555 [ERROR] LogOutputStream:75 - [STDERR_REDIRECT] [Fatal Error] :1:1: Premature end of file.
2025-04-12 19:07:10,556 [ERROR] LogOutputStream:75 - [STDERR_REDIRECT] 
2025-04-12 19:07:10,606 [ERROR] LogOutputStream:75 - [STDERR_REDIRECT] [Fatal Error] :1:1: Premature end of file.
2025-04-12 19:07:10,607 [ERROR] LogOutputStream:75 - [STDERR_REDIRECT] 
2025-04-12 19:07:10,657 [ERROR] LogOutputStream:75 - [STDERR_REDIRECT] [Fatal Error] :1:1: Premature end of file.
2025-04-12 19:07:10,657 [ERROR] LogOutputStream:75 - [STDERR_REDIRECT] 
2025-04-12 19:07:10,708 [ERROR] LogOutputStream:75 - [STDERR_REDIRECT] [Fatal Error] :1:1: Premature end of file.
2025-04-12 19:07:10,708 [ERROR] LogOutputStream:75 - [STDERR_REDIRECT] 
2025-04-12 19:07:10,759 [ERROR] LogOutputStream:75 - [STDERR_REDIRECT] [Fatal Error] :1:1: Premature end of file.
2025-04-12 19:07:10,759 [ERROR] LogOutputStream:75 - [STDERR_REDIRECT] 
2025-04-12 19:07:10,813 [ERROR] LogOutputStream:75 - [STDERR_REDIRECT] [Fatal Error] :1:1: Premature end of file.
2025-04-12 19:07:10,813 [ERROR] LogOutputStream:75 - [STDERR_REDIRECT] 
2025-04-12 19:07:10,872 [ERROR] LogOutputStream:75 - [STDERR_REDIRECT] [Fatal Error] :1:1: Premature end of file.
2025-04-12 19:07:10,873 [ERROR] LogOutputStream:75 - [STDERR_REDIRECT] 
2025-04-12 19:07:10,933 [ERROR] LogOutputStream:75 - [STDERR_REDIRECT] [Fatal Error] :1:1: Premature end of file.
2025-04-12 19:07:10,933 [ERROR] LogOutputStream:75 - [STDERR_REDIRECT] 
2025-04-12 19:07:10,999 [ERROR] LogOutputStream:75 - [STDERR_REDIRECT] [Fatal Error] :1:1: Premature end of file.
2025-04-12 19:07:10,999 [ERROR] LogOutputStream:75 - [STDERR_REDIRECT] 
2025-04-12 19:07:11,075 [ERROR] LogOutputStream:75 - [STDERR_REDIRECT] [Fatal Error] :1:1: Premature end of file.
2025-04-12 19:07:11,075 [ERROR] LogOutputStream:75 - [STDERR_REDIRECT] 
2025-04-12 19:07:11,165 [ERROR] LogOutputStream:75 - [STDERR_REDIRECT] [Fatal Error] :1:1: Premature end of file.
2025-04-12 19:07:11,166 [ERROR] LogOutputStream:75 - [STDERR_REDIRECT] 
2025-04-12 19:07:11,252 [ERROR] LogOutputStream:75 - [STDERR_REDIRECT] [Fatal Error] :1:1: Premature end of file.
2025-04-12 19:07:11,253 [ERROR] LogOutputStream:75 - [STDERR_REDIRECT] 
2025-04-12 19:07:11,314 [ERROR] LogOutputStream:75 - [STDERR_REDIRECT] [Fatal Error] :1:1: Premature end of file.
2025-04-12 19:07:11,314 [ERROR] LogOutputStream:75 - [STDERR_REDIRECT] 
2025-04-12 19:07:11,375 [ERROR] LogOutputStream:75 - [STDERR_REDIRECT] [Fatal Error] :1:1: Premature end of file.
2025-04-12 19:07:11,376 [ERROR] LogOutputStream:75 - [STDERR_REDIRECT] 
2025-04-12 19:07:11,440 [ERROR] LogOutputStream:75 - [STDERR_REDIRECT] [Fatal Error] :1:1: Premature end of file.
2025-04-12 19:07:11,440 [ERROR] LogOutputStream:75 - [STDERR_REDIRECT] 
2025-04-12 19:07:11,497 [ERROR] LogOutputStream:75 - [STDERR_REDIRECT] [Fatal Error] :1:1: Premature end of file.
2025-04-12 19:07:11,497 [ERROR] LogOutputStream:75 - [STDERR_REDIRECT] 
2025-04-12 19:07:11,554 [ERROR] LogOutputStream:75 - [STDERR_REDIRECT] [Fatal Error] :1:1: Premature end of file.
2025-04-12 19:07:11,554 [ERROR] LogOutputStream:75 - [STDERR_REDIRECT] 
2025-04-12 19:07:11,613 [ERROR] LogOutputStream:75 - [STDERR_REDIRECT] [Fatal Error] :1:1: Premature end of file.
2025-04-12 19:07:11,614 [ERROR] LogOutputStream:75 - [STDERR_REDIRECT] 
2025-04-12 19:07:11,668 [ERROR] LogOutputStream:75 - [STDERR_REDIRECT] [Fatal Error] :1:1: Premature end of file.
2025-04-12 19:07:11,668 [ERROR] LogOutputStream:75 - [STDERR_REDIRECT] 
2025-04-12 19:07:11,724 [ERROR] LogOutputStream:75 - [STDERR_REDIRECT] [Fatal Error] :1:1: Premature end of file.
2025-04-12 19:07:11,724 [ERROR] LogOutputStream:75 - [STDERR_REDIRECT] 
2025-04-12 19:07:11,781 [ERROR] LogOutputStream:75 - [STDERR_REDIRECT] [Fatal Error] :1:1: Premature end of file.
2025-04-12 19:07:11,781 [ERROR] LogOutputStream:75 - [STDERR_REDIRECT] 
2025-04-12 19:07:11,845 [ERROR] LogOutputStream:75 - [STDERR_REDIRECT] [Fatal Error] :1:1: Premature end of file.
2025-04-12 19:07:11,845 [ERROR] LogOutputStream:75 - [STDERR_REDIRECT] 
2025-04-12 19:07:11,925 [ERROR] LogOutputStream:75 - [STDERR_REDIRECT] [Fatal Error] :1:1: Premature end of file.
2025-04-12 19:07:11,925 [ERROR] LogOutputStream:75 - [STDERR_REDIRECT] 
2025-04-12 19:07:11,994 [ERROR] LogOutputStream:75 - [STDERR_REDIRECT] [Fatal Error] :1:1: Premature end of file.
2025-04-12 19:07:11,994 [ERROR] LogOutputStream:75 - [STDERR_REDIRECT] 
2025-04-12 19:07:12,047 [ERROR] LogOutputStream:75 - [STDERR_REDIRECT] [Fatal Error] :1:1: Premature end of file.
2025-04-12 19:07:12,048 [ERROR] LogOutputStream:75 - [STDERR_REDIRECT] 
2025-04-12 19:07:12,101 [ERROR] LogOutputStream:75 - [STDERR_REDIRECT] [Fatal Error] :1:1: Premature end of file.
2025-04-12 19:07:12,101 [ERROR] LogOutputStream:75 - [STDERR_REDIRECT] 
2025-04-12 19:07:12,325 [ERROR] LogOutputStream:75 - [STDERR_REDIRECT] [Fatal Error] :1:1: Premature end of file.
2025-04-12 19:07:12,325 [ERROR] LogOutputStream:75 - [STDERR_REDIRECT] 
2025-04-12 19:07:12,415 [ERROR] LogOutputStream:75 - [STDERR_REDIRECT] [Fatal Error] :1:1: Premature end of file.
2025-04-12 19:07:12,416 [ERROR] LogOutputStream:75 - [STDERR_REDIRECT] 
2025-04-12 19:07:12,470 [ERROR] LogOutputStream:75 - [STDERR_REDIRECT] [Fatal Error] :1:1: Premature end of file.
2025-04-12 19:07:12,470 [ERROR] LogOutputStream:75 - [STDERR_REDIRECT] 
2025-04-12 19:07:12,526 [ERROR] LogOutputStream:75 - [STDERR_REDIRECT] [Fatal Error] :1:1: Premature end of file.
2025-04-12 19:07:12,526 [ERROR] LogOutputStream:75 - [STDERR_REDIRECT] 
2025-04-12 19:07:12,582 [ERROR] LogOutputStream:75 - [STDERR_REDIRECT] [Fatal Error] :1:1: Premature end of file.
2025-04-12 19:07:12,583 [ERROR] LogOutputStream:75 - [STDERR_REDIRECT] 
2025-04-12 19:07:12,638 [ERROR] LogOutputStream:75 - [STDERR_REDIRECT] [Fatal Error] :1:1: Premature end of file.
2025-04-12 19:07:12,638 [ERROR] LogOutputStream:75 - [STDERR_REDIRECT] 
2025-04-12 19:07:12,699 [ERROR] LogOutputStream:75 - [STDERR_REDIRECT] [Fatal Error] :1:1: Premature end of file.
2025-04-12 19:07:12,700 [ERROR] LogOutputStream:75 - [STDERR_REDIRECT] 
2025-04-12 19:07:12,755 [ERROR] LogOutputStream:75 - [STDERR_REDIRECT] [Fatal Error] :1:1: Premature end of file.
2025-04-12 19:07:12,756 [ERROR] LogOutputStream:75 - [STDERR_REDIRECT] 
2025-04-12 19:07:12,812 [ERROR] LogOutputStream:75 - [STDERR_REDIRECT] [Fatal Error] :1:1: Premature end of file.
2025-04-12 19:07:12,813 [ERROR] LogOutputStream:75 - [STDERR_REDIRECT] 
2025-04-12 19:07:12,859 [ERROR] LogOutputStream:75 - [STDERR_REDIRECT] [Fatal Error] :1:1: Premature end of file.
2025-04-12 19:07:12,859 [ERROR] LogOutputStream:75 - [STDERR_REDIRECT] 
2025-04-12 19:07:12,907 [ERROR] LogOutputStream:75 - [STDERR_REDIRECT] [Fatal Error] :1:1: Premature end of file.
2025-04-12 19:07:12,907 [ERROR] LogOutputStream:75 - [STDERR_REDIRECT] 
2025-04-12 19:07:12,957 [ERROR] LogOutputStream:75 - [STDERR_REDIRECT] [Fatal Error] :1:1: Premature end of file.
2025-04-12 19:07:12,958 [ERROR] LogOutputStream:75 - [STDERR_REDIRECT] 
2025-04-12 19:07:13,013 [ERROR] LogOutputStream:75 - [STDERR_REDIRECT] [Fatal Error] :1:1: Premature end of file.
2025-04-12 19:07:13,013 [ERROR] LogOutputStream:75 - [STDERR_REDIRECT] 
2025-04-12 19:07:13,069 [ERROR] LogOutputStream:75 - [STDERR_REDIRECT] [Fatal Error] :1:1: Premature end of file.
2025-04-12 19:07:13,070 [ERROR] LogOutputStream:75 - [STDERR_REDIRECT] 
2025-04-12 19:07:13,119 [ERROR] LogOutputStream:75 - [STDERR_REDIRECT] [Fatal Error] :1:1: Premature end of file.
2025-04-12 19:07:13,119 [ERROR] LogOutputStream:75 - [STDERR_REDIRECT] 
2025-04-12 19:07:13,185 [ERROR] LogOutputStream:75 - [STDERR_REDIRECT] [Fatal Error] :1:1: Premature end of file.
2025-04-12 19:07:13,186 [ERROR] LogOutputStream:75 - [STDERR_REDIRECT] 
2025-04-12 19:07:13,237 [ERROR] LogOutputStream:75 - [STDERR_REDIRECT] [Fatal Error] :1:1: Premature end of file.
2025-04-12 19:07:13,237 [ERROR] LogOutputStream:75 - [STDERR_REDIRECT] 
2025-04-12 19:07:13,292 [ERROR] LogOutputStream:75 - [STDERR_REDIRECT] [Fatal Error] :1:1: Premature end of file.
2025-04-12 19:07:13,293 [ERROR] LogOutputStream:75 - [STDERR_REDIRECT] 
2025-04-12 19:07:13,350 [ERROR] LogOutputStream:75 - [STDERR_REDIRECT] [Fatal Error] :1:1: Premature end of file.
2025-04-12 19:07:13,351 [ERROR] LogOutputStream:75 - [STDERR_REDIRECT] 
2025-04-12 19:07:13,410 [ERROR] LogOutputStream:75 - [STDERR_REDIRECT] [Fatal Error] :1:1: Premature end of file.
2025-04-12 19:07:13,411 [ERROR] LogOutputStream:75 - [STDERR_REDIRECT] 
2025-04-12 19:07:13,462 [ERROR] LogOutputStream:75 - [STDERR_REDIRECT] [Fatal Error] :1:1: Premature end of file.
2025-04-12 19:07:13,463 [ERROR] LogOutputStream:75 - [STDERR_REDIRECT] 
2025-04-12 19:07:13,514 [ERROR] LogOutputStream:75 - [STDERR_REDIRECT] [Fatal Error] :1:1: Premature end of file.
2025-04-12 19:07:13,515 [ERROR] LogOutputStream:75 - [STDERR_REDIRECT] 
2025-04-12 19:07:13,570 [ERROR] LogOutputStream:75 - [STDERR_REDIRECT] [Fatal Error] :1:1: Premature end of file.
2025-04-12 19:07:13,570 [ERROR] LogOutputStream:75 - [STDERR_REDIRECT] 
2025-04-12 19:07:13,621 [ERROR] LogOutputStream:75 - [STDERR_REDIRECT] [Fatal Error] :1:1: Premature end of file.
2025-04-12 19:07:13,621 [ERROR] LogOutputStream:75 - [STDERR_REDIRECT] 
2025-04-12 19:07:13,671 [ERROR] LogOutputStream:75 - [STDERR_REDIRECT] [Fatal Error] :1:1: Premature end of file.
2025-04-12 19:07:13,671 [ERROR] LogOutputStream:75 - [STDERR_REDIRECT] 
2025-04-12 19:07:13,722 [ERROR] LogOutputStream:75 - [STDERR_REDIRECT] [Fatal Error] :1:1: Premature end of file.
2025-04-12 19:07:13,723 [ERROR] LogOutputStream:75 - [STDERR_REDIRECT] 
2025-04-12 19:07:13,775 [ERROR] LogOutputStream:75 - [STDERR_REDIRECT] [Fatal Error] :1:1: Premature end of file.
2025-04-12 19:07:13,775 [ERROR] LogOutputStream:75 - [STDERR_REDIRECT] 
2025-04-12 19:07:13,826 [ERROR] LogOutputStream:75 - [STDERR_REDIRECT] [Fatal Error] :1:1: Premature end of file.
2025-04-12 19:07:13,827 [ERROR] LogOutputStream:75 - [STDERR_REDIRECT] 
2025-04-12 19:07:13,878 [ERROR] LogOutputStream:75 - [STDERR_REDIRECT] [Fatal Error] :1:1: Premature end of file.
2025-04-12 19:07:13,878 [ERROR] LogOutputStream:75 - [STDERR_REDIRECT] 
2025-04-12 19:07:13,927 [ERROR] LogOutputStream:75 - [STDERR_REDIRECT] [Fatal Error] :1:1: Premature end of file.
2025-04-12 19:07:13,928 [ERROR] LogOutputStream:75 - [STDERR_REDIRECT] 
2025-04-12 19:07:13,978 [ERROR] LogOutputStream:75 - [STDERR_REDIRECT] [Fatal Error] :1:1: Premature end of file.
2025-04-12 19:07:13,978 [ERROR] LogOutputStream:75 - [STDERR_REDIRECT] 
2025-04-12 19:07:14,026 [ERROR] LogOutputStream:75 - [STDERR_REDIRECT] [Fatal Error] :1:1: Premature end of file.
2025-04-12 19:07:14,027 [ERROR] LogOutputStream:75 - [STDERR_REDIRECT] 
2025-04-12 19:07:14,078 [ERROR] LogOutputStream:75 - [STDERR_REDIRECT] [Fatal Error] :1:1: Premature end of file.
2025-04-12 19:07:14,078 [ERROR] LogOutputStream:75 - [STDERR_REDIRECT] 
2025-04-12 19:07:14,147 [ERROR] LogOutputStream:75 - [STDERR_REDIRECT] [Fatal Error] :1:1: Premature end of file.
2025-04-12 19:07:14,148 [ERROR] LogOutputStream:75 - [STDERR_REDIRECT] 
2025-04-12 19:07:14,245 [ERROR] LogOutputStream:75 - [STDERR_REDIRECT] [Fatal Error] :1:1: Premature end of file.
2025-04-12 19:07:14,246 [ERROR] LogOutputStream:75 - [STDERR_REDIRECT] 
2025-04-12 19:07:14,415 [ERROR] LogOutputStream:75 - [STDERR_REDIRECT] [Fatal Error] :1:1: Premature end of file.
2025-04-12 19:07:14,415 [ERROR] LogOutputStream:75 - [STDERR_REDIRECT] 
2025-04-12 19:07:14,458 [ERROR] LogOutputStream:75 - [STDERR_REDIRECT] [Fatal Error] :1:1: Premature end of file.
2025-04-12 19:07:14,458 [ERROR] LogOutputStream:75 - [STDERR_REDIRECT] 
2025-04-12 19:07:14,501 [ERROR] LogOutputStream:75 - [STDERR_REDIRECT] [Fatal Error] :1:1: Premature end of file.
2025-04-12 19:07:14,501 [ERROR] LogOutputStream:75 - [STDERR_REDIRECT] 
2025-04-12 19:07:14,539 [ERROR] LogOutputStream:75 - [STDERR_REDIRECT] [Fatal Error] :1:1: Premature end of file.
2025-04-12 19:07:14,539 [ERROR] LogOutputStream:75 - [STDERR_REDIRECT] 
2025-04-12 19:07:14,574 [ERROR] LogOutputStream:75 - [STDERR_REDIRECT] [Fatal Error] :1:1: Premature end of file.
2025-04-12 19:07:14,575 [ERROR] LogOutputStream:75 - [STDERR_REDIRECT] 
2025-04-12 19:07:14,614 [ERROR] LogOutputStream:75 - [STDERR_REDIRECT] [Fatal Error] :1:1: Premature end of file.
2025-04-12 19:07:14,614 [ERROR] LogOutputStream:75 - [STDERR_REDIRECT] 
2025-04-12 19:07:14,649 [ERROR] LogOutputStream:75 - [STDERR_REDIRECT] [Fatal Error] :1:1: Premature end of file.
2025-04-12 19:07:14,650 [ERROR] LogOutputStream:75 - [STDERR_REDIRECT] 
2025-04-12 19:07:14,686 [ERROR] LogOutputStream:75 - [STDERR_REDIRECT] [Fatal Error] :1:1: Premature end of file.
2025-04-12 19:07:14,687 [ERROR] LogOutputStream:75 - [STDERR_REDIRECT] 
2025-04-12 19:07:14,723 [ERROR] LogOutputStream:75 - [STDERR_REDIRECT] [Fatal Error] :1:1: Premature end of file.
2025-04-12 19:07:14,724 [ERROR] LogOutputStream:75 - [STDERR_REDIRECT] 
2025-04-12 19:07:14,760 [ERROR] LogOutputStream:75 - [STDERR_REDIRECT] [Fatal Error] :1:1: Premature end of file.
2025-04-12 19:07:14,760 [ERROR] LogOutputStream:75 - [STDERR_REDIRECT] 
2025-04-12 19:07:14,793 [ERROR] LogOutputStream:75 - [STDERR_REDIRECT] [Fatal Error] :1:1: Premature end of file.
2025-04-12 19:07:14,794 [ERROR] LogOutputStream:75 - [STDERR_REDIRECT] 
2025-04-12 19:07:14,827 [ERROR] LogOutputStream:75 - [STDERR_REDIRECT] [Fatal Error] :1:1: Premature end of file.
2025-04-12 19:07:14,827 [ERROR] LogOutputStream:75 - [STDERR_REDIRECT] 
2025-04-12 19:07:14,856 [ERROR] LogOutputStream:75 - [STDERR_REDIRECT] [Fatal Error] :1:1: Premature end of file.
2025-04-12 19:07:14,856 [ERROR] LogOutputStream:75 - [STDERR_REDIRECT] 
2025-04-12 19:07:14,889 [ERROR] LogOutputStream:75 - [STDERR_REDIRECT] [Fatal Error] :1:1: Premature end of file.
2025-04-12 19:07:14,889 [ERROR] LogOutputStream:75 - [STDERR_REDIRECT] 
2025-04-12 19:07:14,923 [ERROR] LogOutputStream:75 - [STDERR_REDIRECT] [Fatal Error] :1:1: Premature end of file.
2025-04-12 19:07:14,924 [ERROR] LogOutputStream:75 - [STDERR_REDIRECT] 
2025-04-12 19:07:14,954 [ERROR] LogOutputStream:75 - [STDERR_REDIRECT] [Fatal Error] :1:1: Premature end of file.
2025-04-12 19:07:14,954 [ERROR] LogOutputStream:75 - [STDERR_REDIRECT] 
2025-04-12 19:07:14,984 [ERROR] LogOutputStream:75 - [STDERR_REDIRECT] [Fatal Error] :1:1: Premature end of file.
2025-04-12 19:07:14,984 [ERROR] LogOutputStream:75 - [STDERR_REDIRECT] 
2025-04-12 19:07:15,015 [ERROR] LogOutputStream:75 - [STDERR_REDIRECT] [Fatal Error] :1:1: Premature end of file.
2025-04-12 19:07:15,015 [ERROR] LogOutputStream:75 - [STDERR_REDIRECT] 
2025-04-12 19:07:15,048 [ERROR] LogOutputStream:75 - [STDERR_REDIRECT] [Fatal Error] :1:1: Premature end of file.
2025-04-12 19:07:15,049 [ERROR] LogOutputStream:75 - [STDERR_REDIRECT] 
2025-04-12 19:07:15,083 [ERROR] LogOutputStream:75 - [STDERR_REDIRECT] [Fatal Error] :1:1: Premature end of file.
2025-04-12 19:07:15,084 [ERROR] LogOutputStream:75 - [STDERR_REDIRECT] 
2025-04-12 19:07:15,114 [ERROR] LogOutputStream:75 - [STDERR_REDIRECT] [Fatal Error] :1:1: Premature end of file.
2025-04-12 19:07:15,114 [ERROR] LogOutputStream:75 - [STDERR_REDIRECT] 
2025-04-12 19:07:15,147 [ERROR] LogOutputStream:75 - [STDERR_REDIRECT] [Fatal Error] :1:1: Premature end of file.
2025-04-12 19:07:15,148 [ERROR] LogOutputStream:75 - [STDERR_REDIRECT] 
2025-04-12 19:07:15,182 [ERROR] LogOutputStream:75 - [STDERR_REDIRECT] [Fatal Error] :1:1: Premature end of file.
2025-04-12 19:07:15,182 [ERROR] LogOutputStream:75 - [STDERR_REDIRECT] 
2025-04-12 19:07:15,216 [ERROR] LogOutputStream:75 - [STDERR_REDIRECT] [Fatal Error] :1:1: Premature end of file.
2025-04-12 19:07:15,217 [ERROR] LogOutputStream:75 - [STDERR_REDIRECT] 
2025-04-12 19:07:15,253 [ERROR] LogOutputStream:75 - [STDERR_REDIRECT] [Fatal Error] :1:1: Premature end of file.
2025-04-12 19:07:15,253 [ERROR] LogOutputStream:75 - [STDERR_REDIRECT] 
2025-04-12 19:07:15,300 [ERROR] LogOutputStream:75 - [STDERR_REDIRECT] [Fatal Error] :1:1: Premature end of file.
2025-04-12 19:07:15,301 [ERROR] LogOutputStream:75 - [STDERR_REDIRECT] 
2025-04-12 19:07:15,340 [ERROR] LogOutputStream:75 - [STDERR_REDIRECT] [Fatal Error] :1:1: Premature end of file.
2025-04-12 19:07:15,340 [ERROR] LogOutputStream:75 - [STDERR_REDIRECT] 
2025-04-12 19:07:15,371 [ERROR] LogOutputStream:75 - [STDERR_REDIRECT] [Fatal Error] :1:1: Premature end of file.
2025-04-12 19:07:15,371 [ERROR] LogOutputStream:75 - [STDERR_REDIRECT] 
2025-04-12 19:07:15,414 [ERROR] LogOutputStream:75 - [STDERR_REDIRECT] [Fatal Error] :1:1: Premature end of file.
2025-04-12 19:07:15,414 [ERROR] LogOutputStream:75 - [STDERR_REDIRECT] 
2025-04-12 19:07:15,455 [ERROR] LogOutputStream:75 - [STDERR_REDIRECT] [Fatal Error] :1:1: Premature end of file.
2025-04-12 19:07:15,456 [ERROR] LogOutputStream:75 - [STDERR_REDIRECT] 
2025-04-12 19:07:15,486 [ERROR] LogOutputStream:75 - [STDERR_REDIRECT] [Fatal Error] :1:1: Premature end of file.
2025-04-12 19:07:15,487 [ERROR] LogOutputStream:75 - [STDERR_REDIRECT] 
2025-04-12 19:07:15,524 [ERROR] LogOutputStream:75 - [STDERR_REDIRECT] [Fatal Error] :1:1: Premature end of file.
2025-04-12 19:07:15,525 [ERROR] LogOutputStream:75 - [STDERR_REDIRECT] 
2025-04-12 19:07:15,556 [ERROR] LogOutputStream:75 - [STDERR_REDIRECT] [Fatal Error] :1:1: Premature end of file.
2025-04-12 19:07:15,557 [ERROR] LogOutputStream:75 - [STDERR_REDIRECT] 
2025-04-12 19:07:15,589 [ERROR] LogOutputStream:75 - [STDERR_REDIRECT] [Fatal Error] :1:1: Premature end of file.
2025-04-12 19:07:15,589 [ERROR] LogOutputStream:75 - [STDERR_REDIRECT] 
2025-04-12 19:07:15,621 [ERROR] LogOutputStream:75 - [STDERR_REDIRECT] [Fatal Error] :1:1: Premature end of file.
2025-04-12 19:07:15,622 [ERROR] LogOutputStream:75 - [STDERR_REDIRECT] 
2025-04-12 19:07:15,652 [ERROR] LogOutputStream:75 - [STDERR_REDIRECT] [Fatal Error] :1:1: Premature end of file.
2025-04-12 19:07:15,653 [ERROR] LogOutputStream:75 - [STDERR_REDIRECT] 
2025-04-12 19:07:15,685 [ERROR] LogOutputStream:75 - [STDERR_REDIRECT] [Fatal Error] :1:1: Premature end of file.
2025-04-12 19:07:15,685 [ERROR] LogOutputStream:75 - [STDERR_REDIRECT] 
2025-04-12 19:07:15,715 [ERROR] LogOutputStream:75 - [STDERR_REDIRECT] [Fatal Error] :1:1: Premature end of file.
2025-04-12 19:07:15,715 [ERROR] LogOutputStream:75 - [STDERR_REDIRECT] 
2025-04-12 19:07:15,744 [ERROR] LogOutputStream:75 - [STDERR_REDIRECT] [Fatal Error] :1:1: Premature end of file.
2025-04-12 19:07:15,745 [ERROR] LogOutputStream:75 - [STDERR_REDIRECT] 
2025-04-12 19:07:15,774 [ERROR] LogOutputStream:75 - [STDERR_REDIRECT] [Fatal Error] :1:1: Premature end of file.
2025-04-12 19:07:15,774 [ERROR] LogOutputStream:75 - [STDERR_REDIRECT] 
2025-04-12 19:07:15,803 [ERROR] LogOutputStream:75 - [STDERR_REDIRECT] [Fatal Error] :1:1: Premature end of file.
2025-04-12 19:07:15,803 [ERROR] LogOutputStream:75 - [STDERR_REDIRECT] 
2025-04-12 19:07:15,832 [ERROR] LogOutputStream:75 - [STDERR_REDIRECT] [Fatal Error] :1:1: Premature end of file.
2025-04-12 19:07:15,833 [ERROR] LogOutputStream:75 - [STDERR_REDIRECT] 
2025-04-12 19:07:15,861 [ERROR] LogOutputStream:75 - [STDERR_REDIRECT] [Fatal Error] :1:1: Premature end of file.
2025-04-12 19:07:15,862 [ERROR] LogOutputStream:75 - [STDERR_REDIRECT] 
2025-04-12 19:07:15,890 [ERROR] LogOutputStream:75 - [STDERR_REDIRECT] [Fatal Error] :1:1: Premature end of file.
2025-04-12 19:07:15,891 [ERROR] LogOutputStream:75 - [STDERR_REDIRECT] 
2025-04-12 19:07:15,918 [ERROR] LogOutputStream:75 - [STDERR_REDIRECT] [Fatal Error] :1:1: Premature end of file.
2025-04-12 19:07:15,919 [ERROR] LogOutputStream:75 - [STDERR_REDIRECT] 
2025-04-12 19:07:15,949 [ERROR] LogOutputStream:75 - [STDERR_REDIRECT] [Fatal Error] :1:1: Premature end of file.
2025-04-12 19:07:15,949 [ERROR] LogOutputStream:75 - [STDERR_REDIRECT] 
2025-04-12 19:07:15,981 [ERROR] LogOutputStream:75 - [STDERR_REDIRECT] [Fatal Error] :1:1: Premature end of file.
2025-04-12 19:07:15,981 [ERROR] LogOutputStream:75 - [STDERR_REDIRECT] 
2025-04-12 19:07:16,012 [ERROR] LogOutputStream:75 - [STDERR_REDIRECT] [Fatal Error] :1:1: Premature end of file.
2025-04-12 19:07:16,013 [ERROR] LogOutputStream:75 - [STDERR_REDIRECT] 
2025-04-12 19:07:16,046 [ERROR] LogOutputStream:75 - [STDERR_REDIRECT] [Fatal Error] :1:1: Premature end of file.
2025-04-12 19:07:16,046 [ERROR] LogOutputStream:75 - [STDERR_REDIRECT] 
2025-04-12 19:07:16,082 [ERROR] LogOutputStream:75 - [STDERR_REDIRECT] [Fatal Error] :1:1: Premature end of file.
2025-04-12 19:07:16,082 [ERROR] LogOutputStream:75 - [STDERR_REDIRECT] 
2025-04-12 19:07:16,114 [ERROR] LogOutputStream:75 - [STDERR_REDIRECT] [Fatal Error] :1:1: Premature end of file.
2025-04-12 19:07:16,114 [ERROR] LogOutputStream:75 - [STDERR_REDIRECT] 
2025-04-12 19:07:16,146 [ERROR] LogOutputStream:75 - [STDERR_REDIRECT] [Fatal Error] :1:1: Premature end of file.
2025-04-12 19:07:16,146 [ERROR] LogOutputStream:75 - [STDERR_REDIRECT] 
2025-04-12 19:07:16,181 [ERROR] LogOutputStream:75 - [STDERR_REDIRECT] [Fatal Error] :1:1: Premature end of file.
2025-04-12 19:07:16,181 [ERROR] LogOutputStream:75 - [STDERR_REDIRECT] 
2025-04-12 19:07:16,217 [ERROR] LogOutputStream:75 - [STDERR_REDIRECT] [Fatal Error] :1:1: Premature end of file.
2025-04-12 19:07:16,218 [ERROR] LogOutputStream:75 - [STDERR_REDIRECT] 
2025-04-12 19:07:16,251 [ERROR] LogOutputStream:75 - [STDERR_REDIRECT] [Fatal Error] :1:1: Premature end of file.
2025-04-12 19:07:16,252 [ERROR] LogOutputStream:75 - [STDERR_REDIRECT] 
2025-04-12 19:07:16,283 [ERROR] LogOutputStream:75 - [STDERR_REDIRECT] [Fatal Error] :1:1: Premature end of file.
2025-04-12 19:07:16,283 [ERROR] LogOutputStream:75 - [STDERR_REDIRECT] 
2025-04-12 19:07:16,315 [ERROR] LogOutputStream:75 - [STDERR_REDIRECT] [Fatal Error] :1:1: Premature end of file.
2025-04-12 19:07:16,316 [ERROR] LogOutputStream:75 - [STDERR_REDIRECT] 
2025-04-12 19:07:16,346 [ERROR] LogOutputStream:75 - [STDERR_REDIRECT] [Fatal Error] :1:1: Premature end of file.
2025-04-12 19:07:16,346 [ERROR] LogOutputStream:75 - [STDERR_REDIRECT] 
2025-04-12 19:07:16,375 [ERROR] LogOutputStream:75 - [STDERR_REDIRECT] [Fatal Error] :1:1: Premature end of file.
2025-04-12 19:07:16,375 [ERROR] LogOutputStream:75 - [STDERR_REDIRECT] 
2025-04-12 19:07:16,574 [ERROR] LogOutputStream:75 - [STDERR_REDIRECT] [Fatal Error] :1:1: Premature end of file.
2025-04-12 19:07:16,574 [ERROR] LogOutputStream:75 - [STDERR_REDIRECT] 
2025-04-12 19:07:16,620 [ERROR] LogOutputStream:75 - [STDERR_REDIRECT] [Fatal Error] :1:1: Premature end of file.
2025-04-12 19:07:16,620 [ERROR] LogOutputStream:75 - [STDERR_REDIRECT] 
2025-04-12 19:07:16,656 [ERROR] LogOutputStream:75 - [STDERR_REDIRECT] [Fatal Error] :1:1: Premature end of file.
2025-04-12 19:07:16,656 [ERROR] LogOutputStream:75 - [STDERR_REDIRECT] 
2025-04-12 19:07:16,684 [ERROR] LogOutputStream:75 - [STDERR_REDIRECT] [Fatal Error] :1:1: Premature end of file.
2025-04-12 19:07:16,684 [ERROR] LogOutputStream:75 - [STDERR_REDIRECT] 
2025-04-12 19:07:16,712 [ERROR] LogOutputStream:75 - [STDERR_REDIRECT] [Fatal Error] :1:1: Premature end of file.
2025-04-12 19:07:16,712 [ERROR] LogOutputStream:75 - [STDERR_REDIRECT] 
2025-04-12 19:07:16,742 [ERROR] LogOutputStream:75 - [STDERR_REDIRECT] [Fatal Error] :1:1: Premature end of file.
2025-04-12 19:07:16,742 [ERROR] LogOutputStream:75 - [STDERR_REDIRECT] 
2025-04-12 19:07:16,766 [ERROR] LogOutputStream:75 - [STDERR_REDIRECT] [Fatal Error] :1:1: Premature end of file.
2025-04-12 19:07:16,767 [ERROR] LogOutputStream:75 - [STDERR_REDIRECT] 
2025-04-12 19:07:16,792 [ERROR] LogOutputStream:75 - [STDERR_REDIRECT] [Fatal Error] :1:1: Premature end of file.
2025-04-12 19:07:16,792 [ERROR] LogOutputStream:75 - [STDERR_REDIRECT] 
2025-04-12 19:07:16,820 [ERROR] LogOutputStream:75 - [STDERR_REDIRECT] [Fatal Error] :1:1: Premature end of file.
2025-04-12 19:07:16,820 [ERROR] LogOutputStream:75 - [STDERR_REDIRECT] 
2025-04-12 19:07:16,849 [ERROR] LogOutputStream:75 - [STDERR_REDIRECT] [Fatal Error] :1:1: Premature end of file.
2025-04-12 19:07:16,849 [ERROR] LogOutputStream:75 - [STDERR_REDIRECT] 
2025-04-12 19:07:16,881 [ERROR] LogOutputStream:75 - [STDERR_REDIRECT] [Fatal Error] :1:1: Premature end of file.
2025-04-12 19:07:16,881 [ERROR] LogOutputStream:75 - [STDERR_REDIRECT] 
2025-04-12 19:07:16,909 [ERROR] LogOutputStream:75 - [STDERR_REDIRECT] [Fatal Error] :1:1: Premature end of file.
2025-04-12 19:07:16,909 [ERROR] LogOutputStream:75 - [STDERR_REDIRECT] 
2025-04-12 19:07:16,939 [ERROR] LogOutputStream:75 - [STDERR_REDIRECT] [Fatal Error] :1:1: Premature end of file.
2025-04-12 19:07:16,939 [ERROR] LogOutputStream:75 - [STDERR_REDIRECT] 
2025-04-12 19:07:16,965 [ERROR] LogOutputStream:75 - [STDERR_REDIRECT] [Fatal Error] :1:1: Premature end of file.
2025-04-12 19:07:16,966 [ERROR] LogOutputStream:75 - [STDERR_REDIRECT] 
2025-04-12 19:07:16,994 [ERROR] LogOutputStream:75 - [STDERR_REDIRECT] [Fatal Error] :1:1: Premature end of file.
2025-04-12 19:07:16,994 [ERROR] LogOutputStream:75 - [STDERR_REDIRECT] 
2025-04-12 19:07:17,020 [ERROR] LogOutputStream:75 - [STDERR_REDIRECT] [Fatal Error] :1:1: Premature end of file.
2025-04-12 19:07:17,020 [ERROR] LogOutputStream:75 - [STDERR_REDIRECT] 
2025-04-12 19:07:17,043 [ERROR] LogOutputStream:75 - [STDERR_REDIRECT] [Fatal Error] :1:1: Premature end of file.
2025-04-12 19:07:17,044 [ERROR] LogOutputStream:75 - [STDERR_REDIRECT] 
2025-04-12 19:07:17,067 [ERROR] LogOutputStream:75 - [STDERR_REDIRECT] [Fatal Error] :1:1: Premature end of file.
2025-04-12 19:07:17,067 [ERROR] LogOutputStream:75 - [STDERR_REDIRECT] 
2025-04-12 19:07:17,092 [ERROR] LogOutputStream:75 - [STDERR_REDIRECT] [Fatal Error] :1:1: Premature end of file.
2025-04-12 19:07:17,093 [ERROR] LogOutputStream:75 - [STDERR_REDIRECT] 
2025-04-12 19:07:17,119 [ERROR] LogOutputStream:75 - [STDERR_REDIRECT] [Fatal Error] :1:1: Premature end of file.
2025-04-12 19:07:17,120 [ERROR] LogOutputStream:75 - [STDERR_REDIRECT] 
2025-04-12 19:07:17,143 [ERROR] LogOutputStream:75 - [STDERR_REDIRECT] [Fatal Error] :1:1: Premature end of file.
2025-04-12 19:07:17,144 [ERROR] LogOutputStream:75 - [STDERR_REDIRECT] 
2025-04-12 19:07:17,170 [ERROR] LogOutputStream:75 - [STDERR_REDIRECT] [Fatal Error] :1:1: Premature end of file.
2025-04-12 19:07:17,171 [ERROR] LogOutputStream:75 - [STDERR_REDIRECT] 
2025-04-12 19:07:17,195 [ERROR] LogOutputStream:75 - [STDERR_REDIRECT] [Fatal Error] :1:1: Premature end of file.
2025-04-12 19:07:17,195 [ERROR] LogOutputStream:75 - [STDERR_REDIRECT] 
2025-04-12 19:07:17,222 [ERROR] LogOutputStream:75 - [STDERR_REDIRECT] [Fatal Error] :1:1: Premature end of file.
2025-04-12 19:07:17,222 [ERROR] LogOutputStream:75 - [STDERR_REDIRECT] 
2025-04-12 19:07:17,267 [ERROR] LogOutputStream:75 - [STDERR_REDIRECT] [Fatal Error] :1:1: Premature end of file.
2025-04-12 19:07:17,267 [ERROR] LogOutputStream:75 - [STDERR_REDIRECT] 
2025-04-12 19:07:17,301 [ERROR] LogOutputStream:75 - [STDERR_REDIRECT] [Fatal Error] :1:1: Premature end of file.
2025-04-12 19:07:17,301 [ERROR] LogOutputStream:75 - [STDERR_REDIRECT] 
2025-04-12 19:07:17,343 [ERROR] LogOutputStream:75 - [STDERR_REDIRECT] [Fatal Error] :1:1: Premature end of file.
2025-04-12 19:07:17,343 [ERROR] LogOutputStream:75 - [STDERR_REDIRECT] 
2025-04-12 19:07:17,387 [ERROR] LogOutputStream:75 - [STDERR_REDIRECT] [Fatal Error] :1:1: Premature end of file.
2025-04-12 19:07:17,387 [ERROR] LogOutputStream:75 - [STDERR_REDIRECT] 
2025-04-12 19:07:17,415 [ERROR] LogOutputStream:75 - [STDERR_REDIRECT] [Fatal Error] :1:1: Premature end of file.
2025-04-12 19:07:17,415 [ERROR] LogOutputStream:75 - [STDERR_REDIRECT] 
2025-04-12 19:07:17,443 [ERROR] LogOutputStream:75 - [STDERR_REDIRECT] [Fatal Error] :1:1: Premature end of file.
2025-04-12 19:07:17,444 [ERROR] LogOutputStream:75 - [STDERR_REDIRECT] 
2025-04-12 19:07:17,472 [ERROR] LogOutputStream:75 - [STDERR_REDIRECT] [Fatal Error] :1:1: Premature end of file.
2025-04-12 19:07:17,472 [ERROR] LogOutputStream:75 - [STDERR_REDIRECT] 
2025-04-12 19:07:17,497 [ERROR] LogOutputStream:75 - [STDERR_REDIRECT] [Fatal Error] :1:1: Premature end of file.
2025-04-12 19:07:17,498 [ERROR] LogOutputStream:75 - [STDERR_REDIRECT] 
2025-04-12 19:07:17,521 [ERROR] LogOutputStream:75 - [STDERR_REDIRECT] [Fatal Error] :1:1: Premature end of file.
2025-04-12 19:07:17,521 [ERROR] LogOutputStream:75 - [STDERR_REDIRECT] 
2025-04-12 19:07:17,545 [ERROR] LogOutputStream:75 - [STDERR_REDIRECT] [Fatal Error] :1:1: Premature end of file.
2025-04-12 19:07:17,546 [ERROR] LogOutputStream:75 - [STDERR_REDIRECT] 
2025-04-12 19:07:17,569 [ERROR] LogOutputStream:75 - [STDERR_REDIRECT] [Fatal Error] :1:1: Premature end of file.
2025-04-12 19:07:17,569 [ERROR] LogOutputStream:75 - [STDERR_REDIRECT] 
2025-04-12 19:07:17,593 [ERROR] LogOutputStream:75 - [STDERR_REDIRECT] [Fatal Error] :1:1: Premature end of file.
2025-04-12 19:07:17,593 [ERROR] LogOutputStream:75 - [STDERR_REDIRECT] 
2025-04-12 19:07:17,615 [ERROR] LogOutputStream:75 - [STDERR_REDIRECT] [Fatal Error] :1:1: Premature end of file.
2025-04-12 19:07:17,616 [ERROR] LogOutputStream:75 - [STDERR_REDIRECT] 
2025-04-12 19:07:17,641 [ERROR] LogOutputStream:75 - [STDERR_REDIRECT] [Fatal Error] :1:1: Premature end of file.
2025-04-12 19:07:17,641 [ERROR] LogOutputStream:75 - [STDERR_REDIRECT] 
2025-04-12 19:07:17,667 [ERROR] LogOutputStream:75 - [STDERR_REDIRECT] [Fatal Error] :1:1: Premature end of file.
2025-04-12 19:07:17,667 [ERROR] LogOutputStream:75 - [STDERR_REDIRECT] 
2025-04-12 19:07:17,691 [ERROR] LogOutputStream:75 - [STDERR_REDIRECT] [Fatal Error] :1:1: Premature end of file.
2025-04-12 19:07:17,691 [ERROR] LogOutputStream:75 - [STDERR_REDIRECT] 
2025-04-12 19:07:17,717 [ERROR] LogOutputStream:75 - [STDERR_REDIRECT] [Fatal Error] :1:1: Premature end of file.
2025-04-12 19:07:17,717 [ERROR] LogOutputStream:75 - [STDERR_REDIRECT] 
2025-04-12 19:07:17,743 [ERROR] LogOutputStream:75 - [STDERR_REDIRECT] [Fatal Error] :1:1: Premature end of file.
2025-04-12 19:07:17,744 [ERROR] LogOutputStream:75 - [STDERR_REDIRECT] 
2025-04-12 19:07:17,769 [ERROR] LogOutputStream:75 - [STDERR_REDIRECT] [Fatal Error] :1:1: Premature end of file.
2025-04-12 19:07:17,769 [ERROR] LogOutputStream:75 - [STDERR_REDIRECT] 
2025-04-12 19:07:17,793 [ERROR] LogOutputStream:75 - [STDERR_REDIRECT] [Fatal Error] :1:1: Premature end of file.
2025-04-12 19:07:17,794 [ERROR] LogOutputStream:75 - [STDERR_REDIRECT] 
2025-04-12 19:07:17,821 [ERROR] LogOutputStream:75 - [STDERR_REDIRECT] [Fatal Error] :1:1: Premature end of file.
2025-04-12 19:07:17,821 [ERROR] LogOutputStream:75 - [STDERR_REDIRECT] 
2025-04-12 19:07:17,849 [ERROR] LogOutputStream:75 - [STDERR_REDIRECT] [Fatal Error] :1:1: Premature end of file.
2025-04-12 19:07:17,849 [ERROR] LogOutputStream:75 - [STDERR_REDIRECT] 
2025-04-12 19:07:17,876 [ERROR] LogOutputStream:75 - [STDERR_REDIRECT] [Fatal Error] :1:1: Premature end of file.
2025-04-12 19:07:17,876 [ERROR] LogOutputStream:75 - [STDERR_REDIRECT] 
2025-04-12 19:07:17,903 [ERROR] LogOutputStream:75 - [STDERR_REDIRECT] [Fatal Error] :1:1: Premature end of file.
2025-04-12 19:07:17,903 [ERROR] LogOutputStream:75 - [STDERR_REDIRECT] 
2025-04-12 19:07:17,931 [ERROR] LogOutputStream:75 - [STDERR_REDIRECT] [Fatal Error] :1:1: Premature end of file.
2025-04-12 19:07:17,931 [ERROR] LogOutputStream:75 - [STDERR_REDIRECT] 
2025-04-12 19:07:17,958 [ERROR] LogOutputStream:75 - [STDERR_REDIRECT] [Fatal Error] :1:1: Premature end of file.
2025-04-12 19:07:17,958 [ERROR] LogOutputStream:75 - [STDERR_REDIRECT] 
2025-04-12 19:07:17,984 [ERROR] LogOutputStream:75 - [STDERR_REDIRECT] [Fatal Error] :1:1: Premature end of file.
2025-04-12 19:07:17,984 [ERROR] LogOutputStream:75 - [STDERR_REDIRECT] 
2025-04-12 19:07:18,009 [ERROR] LogOutputStream:75 - [STDERR_REDIRECT] [Fatal Error] :1:1: Premature end of file.
2025-04-12 19:07:18,010 [ERROR] LogOutputStream:75 - [STDERR_REDIRECT] 
2025-04-12 19:07:18,036 [ERROR] LogOutputStream:75 - [STDERR_REDIRECT] [Fatal Error] :1:1: Premature end of file.
2025-04-12 19:07:18,037 [ERROR] LogOutputStream:75 - [STDERR_REDIRECT] 
2025-04-12 19:07:18,062 [ERROR] LogOutputStream:75 - [STDERR_REDIRECT] [Fatal Error] :1:1: Premature end of file.
2025-04-12 19:07:18,062 [ERROR] LogOutputStream:75 - [STDERR_REDIRECT] 
2025-04-12 19:07:18,088 [ERROR] LogOutputStream:75 - [STDERR_REDIRECT] [Fatal Error] :1:1: Premature end of file.
2025-04-12 19:07:18,089 [ERROR] LogOutputStream:75 - [STDERR_REDIRECT] 
2025-04-12 19:07:18,113 [ERROR] LogOutputStream:75 - [STDERR_REDIRECT] [Fatal Error] :1:1: Premature end of file.
2025-04-12 19:07:18,114 [ERROR] LogOutputStream:75 - [STDERR_REDIRECT] 
2025-04-12 19:07:18,137 [ERROR] LogOutputStream:75 - [STDERR_REDIRECT] [Fatal Error] :1:1: Premature end of file.
2025-04-12 19:07:18,137 [ERROR] LogOutputStream:75 - [STDERR_REDIRECT] 
2025-04-12 19:07:18,162 [ERROR] LogOutputStream:75 - [STDERR_REDIRECT] [Fatal Error] :1:1: Premature end of file.
2025-04-12 19:07:18,162 [ERROR] LogOutputStream:75 - [STDERR_REDIRECT] 
2025-04-12 19:07:18,186 [ERROR] LogOutputStream:75 - [STDERR_REDIRECT] [Fatal Error] :1:1: Premature end of file.
2025-04-12 19:07:18,186 [ERROR] LogOutputStream:75 - [STDERR_REDIRECT] 
2025-04-12 19:07:18,209 [ERROR] LogOutputStream:75 - [STDERR_REDIRECT] [Fatal Error] :1:1: Premature end of file.
2025-04-12 19:07:18,209 [ERROR] LogOutputStream:75 - [STDERR_REDIRECT] 
2025-04-12 19:07:18,233 [ERROR] LogOutputStream:75 - [STDERR_REDIRECT] [Fatal Error] :1:1: Premature end of file.
2025-04-12 19:07:18,234 [ERROR] LogOutputStream:75 - [STDERR_REDIRECT] 
2025-04-12 19:07:18,255 [ERROR] LogOutputStream:75 - [STDERR_REDIRECT] [Fatal Error] :1:1: Premature end of file.
2025-04-12 19:07:18,256 [ERROR] LogOutputStream:75 - [STDERR_REDIRECT] 
2025-04-12 19:07:18,282 [ERROR] LogOutputStream:75 - [STDERR_REDIRECT] [Fatal Error] :1:1: Premature end of file.
2025-04-12 19:07:18,283 [ERROR] LogOutputStream:75 - [STDERR_REDIRECT] 
2025-04-12 19:07:18,304 [ERROR] LogOutputStream:75 - [STDERR_REDIRECT] [Fatal Error] :1:1: Premature end of file.
2025-04-12 19:07:18,305 [ERROR] LogOutputStream:75 - [STDERR_REDIRECT] 
2025-04-12 19:07:18,325 [ERROR] LogOutputStream:75 - [STDERR_REDIRECT] [Fatal Error] :1:1: Premature end of file.
2025-04-12 19:07:18,325 [ERROR] LogOutputStream:75 - [STDERR_REDIRECT] 
2025-04-12 19:07:18,348 [ERROR] LogOutputStream:75 - [STDERR_REDIRECT] [Fatal Error] :1:1: Premature end of file.
2025-04-12 19:07:18,348 [ERROR] LogOutputStream:75 - [STDERR_REDIRECT] 
2025-04-12 19:07:18,371 [ERROR] LogOutputStream:75 - [STDERR_REDIRECT] [Fatal Error] :1:1: Premature end of file.
2025-04-12 19:07:18,371 [ERROR] LogOutputStream:75 - [STDERR_REDIRECT] 
2025-04-12 19:07:18,395 [ERROR] LogOutputStream:75 - [STDERR_REDIRECT] [Fatal Error] :1:1: Premature end of file.
2025-04-12 19:07:18,395 [ERROR] LogOutputStream:75 - [STDERR_REDIRECT] 
2025-04-12 19:07:18,419 [ERROR] LogOutputStream:75 - [STDERR_REDIRECT] [Fatal Error] :1:1: Premature end of file.
2025-04-12 19:07:18,419 [ERROR] LogOutputStream:75 - [STDERR_REDIRECT] 
2025-04-12 19:07:18,443 [ERROR] LogOutputStream:75 - [STDERR_REDIRECT] [Fatal Error] :1:1: Premature end of file.
2025-04-12 19:07:18,443 [ERROR] LogOutputStream:75 - [STDERR_REDIRECT] 
2025-04-12 19:07:18,467 [ERROR] LogOutputStream:75 - [STDERR_REDIRECT] [Fatal Error] :1:1: Premature end of file.
2025-04-12 19:07:18,467 [ERROR] LogOutputStream:75 - [STDERR_REDIRECT] 
2025-04-12 19:07:18,490 [ERROR] LogOutputStream:75 - [STDERR_REDIRECT] [Fatal Error] :1:1: Premature end of file.
2025-04-12 19:07:18,490 [ERROR] LogOutputStream:75 - [STDERR_REDIRECT] 
2025-04-12 19:07:18,514 [ERROR] LogOutputStream:75 - [STDERR_REDIRECT] [Fatal Error] :1:1: Premature end of file.
2025-04-12 19:07:18,514 [ERROR] LogOutputStream:75 - [STDERR_REDIRECT] 
2025-04-12 19:07:18,542 [ERROR] LogOutputStream:75 - [STDERR_REDIRECT] [Fatal Error] :1:1: Premature end of file.
2025-04-12 19:07:18,542 [ERROR] LogOutputStream:75 - [STDERR_REDIRECT] 
2025-04-12 19:07:18,565 [ERROR] LogOutputStream:75 - [STDERR_REDIRECT] [Fatal Error] :1:1: Premature end of file.
2025-04-12 19:07:18,566 [ERROR] LogOutputStream:75 - [STDERR_REDIRECT] 
2025-04-12 19:07:18,589 [ERROR] LogOutputStream:75 - [STDERR_REDIRECT] [Fatal Error] :1:1: Premature end of file.
2025-04-12 19:07:18,589 [ERROR] LogOutputStream:75 - [STDERR_REDIRECT] 
2025-04-12 19:07:18,612 [ERROR] LogOutputStream:75 - [STDERR_REDIRECT] [Fatal Error] :1:1: Premature end of file.
2025-04-12 19:07:18,612 [ERROR] LogOutputStream:75 - [STDERR_REDIRECT] 
2025-04-12 19:07:18,636 [ERROR] LogOutputStream:75 - [STDERR_REDIRECT] [Fatal Error] :1:1: Premature end of file.
2025-04-12 19:07:18,636 [ERROR] LogOutputStream:75 - [STDERR_REDIRECT] 
2025-04-12 19:07:18,661 [ERROR] LogOutputStream:75 - [STDERR_REDIRECT] [Fatal Error] :1:1: Premature end of file.
2025-04-12 19:07:18,661 [ERROR] LogOutputStream:75 - [STDERR_REDIRECT] 
2025-04-12 19:07:18,683 [ERROR] LogOutputStream:75 - [STDERR_REDIRECT] [Fatal Error] :1:1: Premature end of file.
2025-04-12 19:07:18,683 [ERROR] LogOutputStream:75 - [STDERR_REDIRECT] 
2025-04-12 19:07:18,704 [ERROR] LogOutputStream:75 - [STDERR_REDIRECT] [Fatal Error] :1:1: Premature end of file.
2025-04-12 19:07:18,704 [ERROR] LogOutputStream:75 - [STDERR_REDIRECT] 
2025-04-12 19:07:18,726 [ERROR] LogOutputStream:75 - [STDERR_REDIRECT] [Fatal Error] :1:1: Premature end of file.
2025-04-12 19:07:18,726 [ERROR] LogOutputStream:75 - [STDERR_REDIRECT] 
2025-04-12 19:07:18,747 [ERROR] LogOutputStream:75 - [STDERR_REDIRECT] [Fatal Error] :1:1: Premature end of file.
2025-04-12 19:07:18,748 [ERROR] LogOutputStream:75 - [STDERR_REDIRECT] 
2025-04-12 19:07:18,770 [ERROR] LogOutputStream:75 - [STDERR_REDIRECT] [Fatal Error] :1:1: Premature end of file.
2025-04-12 19:07:18,770 [ERROR] LogOutputStream:75 - [STDERR_REDIRECT] 
2025-04-12 19:07:18,791 [ERROR] LogOutputStream:75 - [STDERR_REDIRECT] [Fatal Error] :1:1: Premature end of file.
2025-04-12 19:07:18,791 [ERROR] LogOutputStream:75 - [STDERR_REDIRECT] 
2025-04-12 19:07:18,813 [ERROR] LogOutputStream:75 - [STDERR_REDIRECT] [Fatal Error] :1:1: Premature end of file.
2025-04-12 19:07:18,813 [ERROR] LogOutputStream:75 - [STDERR_REDIRECT] 
2025-04-12 19:07:18,836 [ERROR] LogOutputStream:75 - [STDERR_REDIRECT] [Fatal Error] :1:1: Premature end of file.
2025-04-12 19:07:18,836 [ERROR] LogOutputStream:75 - [STDERR_REDIRECT] 
2025-04-12 19:07:18,856 [ERROR] LogOutputStream:75 - [STDERR_REDIRECT] [Fatal Error] :1:1: Premature end of file.
2025-04-12 19:07:18,856 [ERROR] LogOutputStream:75 - [STDERR_REDIRECT] 
2025-04-12 19:07:18,877 [ERROR] LogOutputStream:75 - [STDERR_REDIRECT] [Fatal Error] :1:1: Premature end of file.
2025-04-12 19:07:18,877 [ERROR] LogOutputStream:75 - [STDERR_REDIRECT] 
2025-04-12 19:07:18,900 [ERROR] LogOutputStream:75 - [STDERR_REDIRECT] [Fatal Error] :1:1: Premature end of file.
2025-04-12 19:07:18,900 [ERROR] LogOutputStream:75 - [STDERR_REDIRECT] 
2025-04-12 19:07:18,922 [ERROR] LogOutputStream:75 - [STDERR_REDIRECT] [Fatal Error] :1:1: Premature end of file.
2025-04-12 19:07:18,922 [ERROR] LogOutputStream:75 - [STDERR_REDIRECT] 
2025-04-12 19:07:18,944 [ERROR] LogOutputStream:75 - [STDERR_REDIRECT] [Fatal Error] :1:1: Premature end of file.
2025-04-12 19:07:18,944 [ERROR] LogOutputStream:75 - [STDERR_REDIRECT] 
2025-04-12 19:07:18,967 [ERROR] LogOutputStream:75 - [STDERR_REDIRECT] [Fatal Error] :1:1: Premature end of file.
2025-04-12 19:07:18,968 [ERROR] LogOutputStream:75 - [STDERR_REDIRECT] 
2025-04-12 19:07:18,989 [ERROR] LogOutputStream:75 - [STDERR_REDIRECT] [Fatal Error] :1:1: Premature end of file.
2025-04-12 19:07:18,989 [ERROR] LogOutputStream:75 - [STDERR_REDIRECT] 
2025-04-12 19:07:19,012 [ERROR] LogOutputStream:75 - [STDERR_REDIRECT] [Fatal Error] :1:1: Premature end of file.
2025-04-12 19:07:19,012 [ERROR] LogOutputStream:75 - [STDERR_REDIRECT] 
2025-04-12 19:07:19,032 [ERROR] LogOutputStream:75 - [STDERR_REDIRECT] [Fatal Error] :1:1: Premature end of file.
2025-04-12 19:07:19,033 [ERROR] LogOutputStream:75 - [STDERR_REDIRECT] 
2025-04-12 19:07:19,053 [ERROR] LogOutputStream:75 - [STDERR_REDIRECT] [Fatal Error] :1:1: Premature end of file.
2025-04-12 19:07:19,053 [ERROR] LogOutputStream:75 - [STDERR_REDIRECT] 
2025-04-12 19:07:19,073 [ERROR] LogOutputStream:75 - [STDERR_REDIRECT] [Fatal Error] :1:1: Premature end of file.
2025-04-12 19:07:19,073 [ERROR] LogOutputStream:75 - [STDERR_REDIRECT] 
2025-04-12 19:07:19,096 [ERROR] LogOutputStream:75 - [STDERR_REDIRECT] [Fatal Error] :1:1: Premature end of file.
2025-04-12 19:07:19,096 [ERROR] LogOutputStream:75 - [STDERR_REDIRECT] 
2025-04-12 19:07:19,118 [ERROR] LogOutputStream:75 - [STDERR_REDIRECT] [Fatal Error] :1:1: Premature end of file.
2025-04-12 19:07:19,118 [ERROR] LogOutputStream:75 - [STDERR_REDIRECT] 
